2024-11-16 15:53:23.346 [info] update#setState idle
2024-11-16 15:53:42.427 [error] [UtilityProcessWorker]: terminated unexpectedly with code 27016776, signal: unknown
2024-11-16 15:53:42.430 [info] Extension host with pid 34327 exited with code: 0, signal: unknown.
2024-11-16 15:53:53.350 [info] update#setState checking for updates
2024-11-16 15:53:53.562 [info] update#setState idle
2024-11-16 16:53:53.252 [info] update#setState checking for updates
2024-11-16 16:53:53.429 [info] update#setState idle
2024-11-16 17:53:53.035 [info] update#setState checking for updates
2024-11-16 17:53:53.232 [info] update#setState idle
2024-11-16 18:53:52.964 [info] update#setState checking for updates
2024-11-16 18:53:53.148 [info] update#setState idle
2024-11-16 19:53:52.842 [info] update#setState checking for updates
2024-11-16 19:53:53.035 [info] update#setState idle
2024-11-16 20:54:46.745 [info] update#setState checking for updates
2024-11-16 20:54:47.535 [info] update#setState idle
2024-11-16 21:10:42.805 [warning] No ptyHost heartbeat after 6 seconds
2024-11-16 22:02:38.579 [info] update#setState checking for updates
2024-11-16 22:02:39.360 [info] update#setState idle
2024-11-16 22:56:13.259 [info] Extension host with pid 34388 exited with code: 0, signal: unknown.
2024-11-16 23:12:19.709 [info] update#setState checking for updates
2024-11-16 23:12:20.114 [info] update#setState idle
2024-11-17 00:12:19.492 [info] update#setState checking for updates
2024-11-17 00:12:19.719 [info] update#setState idle
