2024-11-09 22:34:36.453 [info] Reading sessions from keychain...
2024-11-09 22:34:36.453 [info] Getting sessions for all scopes...
2024-11-09 22:34:36.453 [info] Getting sessions for all scopes...
2024-11-09 22:34:36.453 [info] Getting sessions for all scopes...
2024-11-09 22:34:36.453 [info] Getting sessions for user:email...
2024-11-09 22:34:36.453 [info] Got stored sessions!
2024-11-09 22:34:36.453 [info] Got 1 verified sessions.
2024-11-09 22:34:36.453 [info] Got 1 sessions for ...
2024-11-09 22:34:36.453 [info] Got 1 sessions for ...
2024-11-09 22:34:36.453 [info] Got 1 sessions for ...
2024-11-09 22:34:36.453 [info] Got 1 sessions for user:email...
2024-11-09 22:34:38.471 [info] Getting sessions for all scopes...
2024-11-09 22:34:38.471 [info] Got 1 sessions for ...
2024-11-09 23:09:35.974 [info] Reading sessions from keychain...
2024-11-09 23:09:35.974 [info] Getting sessions for all scopes...
2024-11-09 23:09:35.974 [info] Getting sessions for all scopes...
2024-11-09 23:09:35.974 [info] Getting sessions for all scopes...
2024-11-09 23:09:35.974 [info] Got stored sessions!
2024-11-09 23:09:35.974 [info] Got 1 verified sessions.
2024-11-09 23:09:35.974 [info] Got 1 sessions for ...
2024-11-09 23:09:35.974 [info] Got 1 sessions for ...
2024-11-09 23:09:35.974 [info] Got 1 sessions for ...
2024-11-09 23:09:35.974 [info] Getting sessions for user:email...
2024-11-09 23:09:35.974 [info] Got 1 sessions for user:email...
2024-11-09 23:09:37.944 [info] Getting sessions for all scopes...
2024-11-09 23:09:37.944 [info] Got 1 sessions for ...
