2024-11-24 10:24:33.685 [info] Reading sessions from keychain...
2024-11-24 10:24:33.686 [info] Getting sessions for all scopes...
2024-11-24 10:24:33.686 [info] Getting sessions for all scopes...
2024-11-24 10:24:33.686 [info] Getting sessions for user:email...
2024-11-24 10:24:33.686 [info] Got stored sessions!
2024-11-24 10:24:33.686 [info] Got 2 verified sessions.
2024-11-24 10:24:33.686 [info] Got 2 sessions for ...
2024-11-24 10:24:33.686 [info] Got 2 sessions for ...
2024-11-24 10:24:33.686 [info] Got 1 sessions for user:email...
2024-11-24 10:24:35.711 [info] Getting sessions for all scopes...
2024-11-24 10:24:35.711 [info] Got 2 sessions for ...
2024-11-24 10:25:31.720 [info] Reading sessions from keychain...
2024-11-24 10:25:31.720 [info] Getting sessions for all scopes...
2024-11-24 10:25:31.720 [info] Getting sessions for all scopes...
2024-11-24 10:25:31.720 [info] Getting sessions for all scopes...
2024-11-24 10:25:31.720 [info] Getting sessions for user:email...
2024-11-24 10:25:31.720 [info] Got stored sessions!
2024-11-24 10:25:31.720 [info] Got 2 verified sessions.
2024-11-24 10:25:31.720 [info] Got 2 sessions for ...
2024-11-24 10:25:31.720 [info] Got 2 sessions for ...
2024-11-24 10:25:31.720 [info] Got 2 sessions for ...
2024-11-24 10:25:31.720 [info] Got 1 sessions for user:email...
2024-11-24 10:25:31.720 [info] Getting sessions for user:email...
2024-11-24 10:25:31.720 [info] Got 1 sessions for user:email...
2024-11-24 10:25:31.720 [info] Getting sessions for user:email...
2024-11-24 10:25:31.720 [info] Got 1 sessions for user:email...
2024-11-24 10:25:33.037 [info] Getting sessions for all scopes...
2024-11-24 10:25:33.037 [info] Got 2 sessions for ...
