2024-11-23 22:43:23.442 [info] Extension host with pid 67785 started
2024-11-23 22:43:23.467 [info] ExtensionService#_doActivateExtension vscode.github-authentication, startup: false, activationEvent: 'onAuthenticationRequest:github'
2024-11-23 22:43:23.498 [info] ExtensionService#_doActivateExtension vscode.git-base, startup: true, activationEvent: '*', root cause: vscode.git
2024-11-23 22:43:23.499 [info] ExtensionService#_doActivateExtension DivyanshuAgrawal.competitive-programming-helper, startup: true, activationEvent: '*'
2024-11-23 22:43:23.512 [info] ExtensionService#_doActivateExtension formulahendry.auto-close-tag, startup: true, activationEvent: '*'
2024-11-23 22:43:23.513 [info] ExtensionService#_doActivateExtension formulahendry.auto-rename-tag, startup: true, activationEvent: '*'
2024-11-23 22:43:23.577 [info] ExtensionService#_doActivateExtension vscode.git, startup: true, activationEvent: '*'
2024-11-23 22:43:23.610 [info] ExtensionService#_doActivateExtension vscode.github, startup: true, activationEvent: '*'
2024-11-23 22:43:23.804 [info] Eager extensions activated
2024-11-23 22:43:23.807 [info] ExtensionService#_doActivateExtension vscode.debug-auto-launch, startup: false, activationEvent: 'onStartupFinished'
2024-11-23 22:43:23.808 [info] ExtensionService#_doActivateExtension vscode.merge-conflict, startup: false, activationEvent: 'onStartupFinished'
2024-11-23 22:43:23.818 [info] ExtensionService#_doActivateExtension bradlc.vscode-tailwindcss, startup: false, activationEvent: 'onStartupFinished'
2024-11-23 22:43:23.837 [info] ExtensionService#_doActivateExtension dsznajder.es7-react-js-snippets, startup: false, activationEvent: 'onStartupFinished'
2024-11-23 22:43:24.037 [info] ExtensionService#_doActivateExtension ecmel.vscode-html-css, startup: false, activationEvent: 'onStartupFinished'
2024-11-23 22:43:24.038 [info] ExtensionService#_doActivateExtension esbenp.prettier-vscode, startup: false, activationEvent: 'onStartupFinished'
2024-11-23 22:43:24.078 [info] ExtensionService#_doActivateExtension formulahendry.code-runner, startup: false, activationEvent: 'onStartupFinished'
2024-11-23 22:43:24.097 [info] ExtensionService#_doActivateExtension mongodb.mongodb-vscode, startup: false, activationEvent: 'onStartupFinished'
2024-11-23 22:43:24.562 [info] ExtensionService#_doActivateExtension ritwickdey.LiveServer, startup: false, activationEvent: 'onStartupFinished'
2024-11-23 22:43:24.598 [info] ExtensionService#_doActivateExtension vscode.configuration-editing, startup: false, activationEvent: 'onLanguage:jsonc'
2024-11-23 22:43:24.605 [info] ExtensionService#_doActivateExtension vscode.json-language-features, startup: false, activationEvent: 'onLanguage:jsonc'
2024-11-23 22:43:24.632 [info] ExtensionService#_doActivateExtension vscode.typescript-language-features, startup: false, activationEvent: 'onLanguage:jsonc'
2024-11-23 22:43:24.657 [info] ExtensionService#_doActivateExtension vscode.emmet, startup: false, activationEvent: 'onLanguage'
2024-11-23 22:45:06.517 [info] Extension host terminating: renderer closed the MessagePort
2024-11-23 22:45:06.537 [info] Extension host with pid 67785 exiting with code 0
2024-11-23 22:45:07.114 [info] Extension host with pid 67885 started
2024-11-23 22:45:07.114 [info] Skipping acquiring lock for /Users/harshjain/Library/Application Support/Code/User/workspaceStorage/07c49b7bc705200ef8ff6d09f26b536e.
2024-11-23 22:45:07.132 [info] ExtensionService#_doActivateExtension vscode.github-authentication, startup: false, activationEvent: 'onAuthenticationRequest:github'
2024-11-23 22:45:07.162 [info] ExtensionService#_doActivateExtension vscode.git-base, startup: true, activationEvent: '*', root cause: vscode.git
2024-11-23 22:45:07.164 [info] ExtensionService#_doActivateExtension DivyanshuAgrawal.competitive-programming-helper, startup: true, activationEvent: '*'
2024-11-23 22:45:07.176 [info] ExtensionService#_doActivateExtension formulahendry.auto-close-tag, startup: true, activationEvent: '*'
2024-11-23 22:45:07.178 [info] ExtensionService#_doActivateExtension formulahendry.auto-rename-tag, startup: true, activationEvent: '*'
2024-11-23 22:45:07.195 [info] ExtensionService#_doActivateExtension vscode.npm, startup: true, activationEvent: 'workspaceContains:package.json'
2024-11-23 22:45:07.252 [info] ExtensionService#_doActivateExtension vscode.git, startup: true, activationEvent: '*'
2024-11-23 22:45:07.285 [info] ExtensionService#_doActivateExtension vscode.github, startup: true, activationEvent: '*'
2024-11-23 22:45:07.370 [info] Eager extensions activated
2024-11-23 22:45:07.370 [info] ExtensionService#_doActivateExtension vscode.debug-auto-launch, startup: false, activationEvent: 'onStartupFinished'
2024-11-23 22:45:07.372 [info] ExtensionService#_doActivateExtension vscode.merge-conflict, startup: false, activationEvent: 'onStartupFinished'
2024-11-23 22:45:07.382 [info] ExtensionService#_doActivateExtension bradlc.vscode-tailwindcss, startup: false, activationEvent: 'onStartupFinished'
2024-11-23 22:45:07.401 [info] ExtensionService#_doActivateExtension dsznajder.es7-react-js-snippets, startup: false, activationEvent: 'onStartupFinished'
2024-11-23 22:45:07.608 [info] ExtensionService#_doActivateExtension ecmel.vscode-html-css, startup: false, activationEvent: 'onStartupFinished'
2024-11-23 22:45:07.609 [info] ExtensionService#_doActivateExtension esbenp.prettier-vscode, startup: false, activationEvent: 'onStartupFinished'
2024-11-23 22:45:07.645 [info] ExtensionService#_doActivateExtension formulahendry.code-runner, startup: false, activationEvent: 'onStartupFinished'
2024-11-23 22:45:07.660 [info] ExtensionService#_doActivateExtension mongodb.mongodb-vscode, startup: false, activationEvent: 'onStartupFinished'
2024-11-23 22:45:08.108 [info] ExtensionService#_doActivateExtension ritwickdey.LiveServer, startup: false, activationEvent: 'onStartupFinished'
2024-11-23 22:45:12.376 [info] ExtensionService#_doActivateExtension vscode.configuration-editing, startup: false, activationEvent: 'onLanguage:json'
2024-11-23 22:45:12.383 [info] ExtensionService#_doActivateExtension vscode.extension-editing, startup: false, activationEvent: 'onLanguage:json'
2024-11-23 22:45:12.390 [info] ExtensionService#_doActivateExtension vscode.json-language-features, startup: false, activationEvent: 'onLanguage:json'
2024-11-23 22:45:12.417 [info] ExtensionService#_doActivateExtension vscode.emmet, startup: false, activationEvent: 'onLanguage'
2024-11-23 22:49:49.110 [info] ExtensionService#_doActivateExtension vscode.typescript-language-features, startup: false, activationEvent: 'onLanguage:javascript'
2024-11-23 22:49:49.152 [info] ExtensionService#_doActivateExtension mgmcdermott.vscode-language-babel, startup: false, activationEvent: 'onLanguage:javascript'
2024-11-23 23:35:25.516 [warning] [Decorations] CAPPING events from decorations provider vscode.git 10000
2024-11-23 23:36:07.987 [warning] [Decorations] CAPPING events from decorations provider vscode.git 10000
2024-11-23 23:38:13.855 [warning] [Decorations] CAPPING events from decorations provider vscode.git 10000
2024-11-23 23:39:36.451 [info] Extension host terminating: renderer closed the MessagePort
2024-11-23 23:39:36.490 [error] Canceled: Canceled
    at new tT (file:///Applications/Visual%20Studio%20Code-2.app/Contents/Resources/app/out/vs/workbench/api/node/extensionHostProcess.js:31:108738)
    at py.U (file:///Applications/Visual%20Studio%20Code-2.app/Contents/Resources/app/out/vs/workbench/api/node/extensionHostProcess.js:31:113348)
    at Proxy.s.<computed>.n.charCodeAt.s.<computed> (file:///Applications/Visual%20Studio%20Code-2.app/Contents/Resources/app/out/vs/workbench/api/node/extensionHostProcess.js:31:110842)
    at Y0.g (file:///Applications/Visual%20Studio%20Code-2.app/Contents/Resources/app/out/vs/workbench/api/node/extensionHostProcess.js:114:32313)
    at Y0.executeCommand (file:///Applications/Visual%20Studio%20Code-2.app/Contents/Resources/app/out/vs/workbench/api/node/extensionHostProcess.js:114:31817)
    at r.registerCommand.description (file:///Applications/Visual%20Studio%20Code-2.app/Contents/Resources/app/out/vs/workbench/api/node/extensionHostProcess.js:114:31147)
    at Y0.h (file:///Applications/Visual%20Studio%20Code-2.app/Contents/Resources/app/out/vs/workbench/api/node/extensionHostProcess.js:114:32833)
    at Y0.g (file:///Applications/Visual%20Studio%20Code-2.app/Contents/Resources/app/out/vs/workbench/api/node/extensionHostProcess.js:114:31910)
    at Y0.executeCommand (file:///Applications/Visual%20Studio%20Code-2.app/Contents/Resources/app/out/vs/workbench/api/node/extensionHostProcess.js:114:31817)
    at Object.executeCommand (file:///Applications/Visual%20Studio%20Code-2.app/Contents/Resources/app/out/vs/workbench/api/node/extensionHostProcess.js:156:37246)
    at mh.O [as value] (/Applications/Visual Studio Code-2.app/Contents/Resources/app/extensions/git/dist/main.js:2:961845)
    at D.B (file:///Applications/Visual%20Studio%20Code-2.app/Contents/Resources/app/out/vs/workbench/api/node/extensionHostProcess.js:29:746)
    at D.C (file:///Applications/Visual%20Studio%20Code-2.app/Contents/Resources/app/out/vs/workbench/api/node/extensionHostProcess.js:29:816)
    at D.fire (file:///Applications/Visual%20Studio%20Code-2.app/Contents/Resources/app/out/vs/workbench/api/node/extensionHostProcess.js:29:1033)
    at Object.p [as dispose] (/Applications/Visual Studio Code-2.app/Contents/Resources/app/extensions/git/dist/main.js:2:983333)
    at /Applications/Visual Studio Code-2.app/Contents/Resources/app/extensions/git/dist/main.js:2:989455
    at Array.forEach (<anonymous>)
    at b.dispose (/Applications/Visual Studio Code-2.app/Contents/Resources/app/extensions/git/dist/main.js:2:989441)
    at V1.<anonymous> (file:///Applications/Visual%20Studio%20Code-2.app/Contents/Resources/app/out/vs/workbench/api/node/extensionHostProcess.js:108:19994)
    at V1.dispose (file:///Applications/Visual%20Studio%20Code-2.app/Contents/Resources/app/out/vs/workbench/api/node/extensionHostProcess.js:108:20090)
    at V1.<anonymous> (/Applications/Visual Studio Code-2.app/Contents/Resources/app/extensions/git/dist/main.js:2:964255)
    at V1.dispose (file:///Applications/Visual%20Studio%20Code-2.app/Contents/Resources/app/out/vs/workbench/api/node/extensionHostProcess.js:108:20090)
    at ci (file:///Applications/Visual%20Studio%20Code-2.app/Contents/Resources/app/out/vs/workbench/api/node/extensionHostProcess.js:24:699)
    at file:///Applications/Visual%20Studio%20Code-2.app/Contents/Resources/app/out/vs/workbench/api/node/extensionHostProcess.js:118:14992
    at file:///Applications/Visual%20Studio%20Code-2.app/Contents/Resources/app/out/vs/workbench/api/node/extensionHostProcess.js:24:1009
    at Object.dispose (file:///Applications/Visual%20Studio%20Code-2.app/Contents/Resources/app/out/vs/workbench/api/node/extensionHostProcess.js:7:2146)
    at z_.eb (file:///Applications/Visual%20Studio%20Code-2.app/Contents/Resources/app/out/vs/workbench/api/node/extensionHostProcess.js:118:11919)
    at file:///Applications/Visual%20Studio%20Code-2.app/Contents/Resources/app/out/vs/workbench/api/node/extensionHostProcess.js:118:9874
    at Array.map (<anonymous>)
    at z_.$ (file:///Applications/Visual%20Studio%20Code-2.app/Contents/Resources/app/out/vs/workbench/api/node/extensionHostProcess.js:118:9862)
    at z_.terminate (file:///Applications/Visual%20Studio%20Code-2.app/Contents/Resources/app/out/vs/workbench/api/node/extensionHostProcess.js:118:10105)
    at EC.terminate (file:///Applications/Visual%20Studio%20Code-2.app/Contents/Resources/app/out/vs/workbench/api/node/extensionHostProcess.js:119:1424)
    at Zi (file:///Applications/Visual%20Studio%20Code-2.app/Contents/Resources/app/out/vs/workbench/api/node/extensionHostProcess.js:174:15084)
    at MessagePortMain.<anonymous> (file:///Applications/Visual%20Studio%20Code-2.app/Contents/Resources/app/out/vs/workbench/api/node/extensionHostProcess.js:174:11632)
    at MessagePortMain.emit (node:events:519:28)
    at Object.MessagePortMain._internalPort.emit (node:electron/js2c/utility_init:2:2949) setContext undefined
2024-11-23 23:39:36.495 [error] Canceled: Canceled
    at new tT (file:///Applications/Visual%20Studio%20Code-2.app/Contents/Resources/app/out/vs/workbench/api/node/extensionHostProcess.js:31:108738)
    at py.U (file:///Applications/Visual%20Studio%20Code-2.app/Contents/Resources/app/out/vs/workbench/api/node/extensionHostProcess.js:31:113348)
    at Proxy.s.<computed>.n.charCodeAt.s.<computed> (file:///Applications/Visual%20Studio%20Code-2.app/Contents/Resources/app/out/vs/workbench/api/node/extensionHostProcess.js:31:110842)
    at Y0.g (file:///Applications/Visual%20Studio%20Code-2.app/Contents/Resources/app/out/vs/workbench/api/node/extensionHostProcess.js:114:32313)
    at Y0.executeCommand (file:///Applications/Visual%20Studio%20Code-2.app/Contents/Resources/app/out/vs/workbench/api/node/extensionHostProcess.js:114:31817)
    at r.registerCommand.description (file:///Applications/Visual%20Studio%20Code-2.app/Contents/Resources/app/out/vs/workbench/api/node/extensionHostProcess.js:114:31147)
    at Y0.h (file:///Applications/Visual%20Studio%20Code-2.app/Contents/Resources/app/out/vs/workbench/api/node/extensionHostProcess.js:114:32833)
    at Y0.g (file:///Applications/Visual%20Studio%20Code-2.app/Contents/Resources/app/out/vs/workbench/api/node/extensionHostProcess.js:114:31910)
    at Y0.executeCommand (file:///Applications/Visual%20Studio%20Code-2.app/Contents/Resources/app/out/vs/workbench/api/node/extensionHostProcess.js:114:31817)
    at Object.executeCommand (file:///Applications/Visual%20Studio%20Code-2.app/Contents/Resources/app/out/vs/workbench/api/node/extensionHostProcess.js:156:37246)
    at a.VscodeDevShareProvider.set hasGitHubRepositories [as hasGitHubRepositories] (/Applications/Visual Studio Code-2.app/Contents/Resources/app/extensions/github/dist/extension.js:2:328633)
    at /Applications/Visual Studio Code-2.app/Contents/Resources/app/extensions/github/dist/extension.js:2:329592
    at mh.value (/Applications/Visual Studio Code-2.app/Contents/Resources/app/extensions/git/dist/main.js:2:1073936)
    at D.B (file:///Applications/Visual%20Studio%20Code-2.app/Contents/Resources/app/out/vs/workbench/api/node/extensionHostProcess.js:29:746)
    at D.C (file:///Applications/Visual%20Studio%20Code-2.app/Contents/Resources/app/out/vs/workbench/api/node/extensionHostProcess.js:29:816)
    at D.fire (file:///Applications/Visual%20Studio%20Code-2.app/Contents/Resources/app/out/vs/workbench/api/node/extensionHostProcess.js:29:1033)
    at Object.p [as dispose] (/Applications/Visual Studio Code-2.app/Contents/Resources/app/extensions/git/dist/main.js:2:983333)
    at /Applications/Visual Studio Code-2.app/Contents/Resources/app/extensions/git/dist/main.js:2:989455
    at Array.forEach (<anonymous>)
    at b.dispose (/Applications/Visual Studio Code-2.app/Contents/Resources/app/extensions/git/dist/main.js:2:989441)
    at V1.<anonymous> (file:///Applications/Visual%20Studio%20Code-2.app/Contents/Resources/app/out/vs/workbench/api/node/extensionHostProcess.js:108:19994)
    at V1.dispose (file:///Applications/Visual%20Studio%20Code-2.app/Contents/Resources/app/out/vs/workbench/api/node/extensionHostProcess.js:108:20090)
    at V1.<anonymous> (/Applications/Visual Studio Code-2.app/Contents/Resources/app/extensions/git/dist/main.js:2:964255)
    at V1.dispose (file:///Applications/Visual%20Studio%20Code-2.app/Contents/Resources/app/out/vs/workbench/api/node/extensionHostProcess.js:108:20090)
    at ci (file:///Applications/Visual%20Studio%20Code-2.app/Contents/Resources/app/out/vs/workbench/api/node/extensionHostProcess.js:24:699)
    at file:///Applications/Visual%20Studio%20Code-2.app/Contents/Resources/app/out/vs/workbench/api/node/extensionHostProcess.js:118:14992
    at file:///Applications/Visual%20Studio%20Code-2.app/Contents/Resources/app/out/vs/workbench/api/node/extensionHostProcess.js:24:1009
    at Object.dispose (file:///Applications/Visual%20Studio%20Code-2.app/Contents/Resources/app/out/vs/workbench/api/node/extensionHostProcess.js:7:2146)
    at z_.eb (file:///Applications/Visual%20Studio%20Code-2.app/Contents/Resources/app/out/vs/workbench/api/node/extensionHostProcess.js:118:11919)
    at file:///Applications/Visual%20Studio%20Code-2.app/Contents/Resources/app/out/vs/workbench/api/node/extensionHostProcess.js:118:9874
    at Array.map (<anonymous>)
    at z_.$ (file:///Applications/Visual%20Studio%20Code-2.app/Contents/Resources/app/out/vs/workbench/api/node/extensionHostProcess.js:118:9862)
    at z_.terminate (file:///Applications/Visual%20Studio%20Code-2.app/Contents/Resources/app/out/vs/workbench/api/node/extensionHostProcess.js:118:10105)
    at EC.terminate (file:///Applications/Visual%20Studio%20Code-2.app/Contents/Resources/app/out/vs/workbench/api/node/extensionHostProcess.js:119:1424)
    at Zi (file:///Applications/Visual%20Studio%20Code-2.app/Contents/Resources/app/out/vs/workbench/api/node/extensionHostProcess.js:174:15084)
    at MessagePortMain.<anonymous> (file:///Applications/Visual%20Studio%20Code-2.app/Contents/Resources/app/out/vs/workbench/api/node/extensionHostProcess.js:174:11632)
    at MessagePortMain.emit (node:events:519:28)
    at Object.MessagePortMain._internalPort.emit (node:electron/js2c/utility_init:2:2949) setContext undefined
2024-11-23 23:39:36.498 [info] Extension host with pid 67885 exiting with code 0
