2024-11-09 23:48:24.832 [info] Reading sessions from keychain...
2024-11-09 23:48:24.832 [info] Getting sessions for all scopes...
2024-11-09 23:48:24.832 [info] Getting sessions for all scopes...
2024-11-09 23:48:24.832 [info] Getting sessions for all scopes...
2024-11-09 23:48:24.832 [info] Getting sessions for user:email...
2024-11-09 23:48:24.832 [info] Got stored sessions!
2024-11-09 23:48:24.832 [info] Got 1 verified sessions.
2024-11-09 23:48:24.832 [info] Got 1 sessions for ...
2024-11-09 23:48:24.832 [info] Got 1 sessions for ...
2024-11-09 23:48:24.832 [info] Got 1 sessions for ...
2024-11-09 23:48:24.832 [info] Got 1 sessions for user:email...
2024-11-09 23:48:26.662 [info] Getting sessions for all scopes...
2024-11-09 23:48:26.662 [info] Got 1 sessions for ...
2024-11-09 23:49:25.187 [info] Reading sessions from keychain...
2024-11-09 23:49:25.187 [info] Getting sessions for all scopes...
2024-11-09 23:49:25.187 [info] Getting sessions for all scopes...
2024-11-09 23:49:25.187 [info] Getting sessions for all scopes...
2024-11-09 23:49:25.187 [info] Got stored sessions!
2024-11-09 23:49:25.187 [info] Got 1 verified sessions.
2024-11-09 23:49:25.187 [info] Got 1 sessions for ...
2024-11-09 23:49:25.187 [info] Got 1 sessions for ...
2024-11-09 23:49:25.187 [info] Got 1 sessions for ...
2024-11-09 23:49:25.187 [info] Getting sessions for user:email...
2024-11-09 23:49:25.187 [info] Got 1 sessions for user:email...
2024-11-09 23:49:27.365 [info] Getting sessions for all scopes...
2024-11-09 23:49:27.365 [info] Got 1 sessions for ...
