2024-11-09 18:53:52.897 [info] Reading sessions from keychain...
2024-11-09 18:53:52.897 [info] Getting sessions for all scopes...
2024-11-09 18:53:52.897 [info] Getting sessions for all scopes...
2024-11-09 18:53:52.897 [info] Getting sessions for all scopes...
2024-11-09 18:53:52.897 [info] Getting sessions for user:email...
2024-11-09 18:53:52.897 [info] Got stored sessions!
2024-11-09 18:53:52.897 [info] Got 1 verified sessions.
2024-11-09 18:53:52.897 [info] Got 1 sessions for ...
2024-11-09 18:53:52.897 [info] Got 1 sessions for ...
2024-11-09 18:53:52.897 [info] Got 1 sessions for ...
2024-11-09 18:53:52.897 [info] Got 1 sessions for user:email...
2024-11-09 18:53:54.778 [info] Getting sessions for all scopes...
2024-11-09 18:53:54.778 [info] Got 1 sessions for ...
2024-11-09 18:59:51.879 [info] Reading sessions from keychain...
2024-11-09 18:59:51.880 [info] Getting sessions for all scopes...
2024-11-09 18:59:51.880 [info] Getting sessions for all scopes...
2024-11-09 18:59:51.880 [info] Getting sessions for all scopes...
2024-11-09 18:59:51.880 [info] Got stored sessions!
2024-11-09 18:59:51.880 [info] Got 1 verified sessions.
2024-11-09 18:59:51.880 [info] Got 1 sessions for ...
2024-11-09 18:59:51.880 [info] Got 1 sessions for ...
2024-11-09 18:59:51.880 [info] Got 1 sessions for ...
2024-11-09 18:59:51.880 [info] Getting sessions for user:email...
2024-11-09 18:59:51.880 [info] Got 1 sessions for user:email...
2024-11-09 18:59:54.050 [info] Getting sessions for all scopes...
2024-11-09 18:59:54.050 [info] Got 1 sessions for ...
