2024-11-14 22:26:19.172 [info] Added views:outline in workbench.view.explorer
2024-11-14 22:26:19.172 [info] Added views:workbench.view.search in workbench.view.search
2024-11-14 22:26:19.172 [info] Added views:workbench.scm in workbench.view.scm
2024-11-14 22:26:19.172 [info] Added views:workbench.panel.output in workbench.panel.output
2024-11-14 22:26:19.172 [info] Added views:terminal in terminal
2024-11-14 22:26:19.172 [info] Added views:workbench.panel.markers.view in terminal
2024-11-14 22:26:19.172 [info] Added views:timeline in workbench.view.explorer
2024-11-14 22:26:19.316 [info] Added views:workbench.debug.variablesView,workbench.debug.watchExpressionsView,workbench.debug.callStackView,workbench.debug.breakPointsView in workbench.view.debug
2024-11-14 22:26:19.353 [info] Added views:cph.judgeView in workbench.view.extension.cph-judge-view-container
2024-11-14 22:26:19.353 [info] Added views:mongoDBConnectionExplorer,mongoDBPlaygroundsExplorer,mongoDBHelpExplorer in workbench.view.extension.mongoDB
2024-11-14 22:26:19.376 [info] Added views:~remote.forwardedPorts in ~remote.forwardedPortsContainer
2024-11-14 22:26:19.550 [info] Added views:workbench.panel.repl.view in workbench.panel.repl
2024-11-14 22:26:19.550 [info] Removed views:workbench.debug.breakPointsView,workbench.debug.callStackView,workbench.debug.watchExpressionsView,workbench.debug.variablesView from workbench.view.debug
2024-11-14 22:26:19.550 [info] Added views:workbench.debug.welcome in workbench.view.debug
2024-11-14 22:32:29.349 [info] Added views:outline in workbench.view.explorer
2024-11-14 22:32:29.349 [info] Added views:workbench.view.search in workbench.view.search
2024-11-14 22:32:29.349 [info] Added views:workbench.scm in workbench.view.scm
2024-11-14 22:32:29.349 [info] Added views:workbench.panel.output in workbench.panel.output
2024-11-14 22:32:29.349 [info] Added views:terminal in terminal
2024-11-14 22:32:29.349 [info] Added views:workbench.panel.markers.view in terminal
2024-11-14 22:32:29.349 [info] Added views:timeline in workbench.view.explorer
2024-11-14 22:32:29.349 [info] Added views:workbench.explorer.fileView in workbench.views.service.sidebar.77827644-f02b-45ee-8839-d2e51a8965ba
2024-11-14 22:32:29.501 [info] Added views:workbench.debug.welcome in workbench.view.debug
2024-11-14 22:32:29.530 [info] Added views:cph.judgeView in workbench.view.extension.cph-judge-view-container
2024-11-14 22:32:29.530 [info] Added views:mongoDBConnectionExplorer,mongoDBPlaygroundsExplorer,mongoDBHelpExplorer in workbench.view.extension.mongoDB
2024-11-14 22:32:29.620 [info] Added views:~remote.forwardedPorts in ~remote.forwardedPortsContainer
2024-11-14 22:32:29.704 [info] Added views:workbench.panel.repl.view in workbench.panel.repl
2024-11-14 22:32:47.366 [info] Added views:workbench.scm.history in workbench.view.scm
2024-11-14 23:45:43.567 [info] Removed views:workbench.scm.history from workbench.view.scm
