2024-11-09 18:53:51.586 [info] update#setState idle
2024-11-09 18:53:52.359 [error] vscode-file: Refused to load resource /private/var/folders/_1/p0gl2ldn20q3l8jdmj0shrr80000gn/T/AppTranslocation/0EF6B97C-6EC4-496B-9E89-BFB32A83D074/d/Visual Studio Code.app/Contents/Resources/app/extensions/theme-seti/icons/seti.woff from vscode-file: protocol (original URL: vscode-file://vscode-app/private/var/folders/_1/p0gl2ldn20q3l8jdmj0shrr80000gn/T/AppTranslocation/0EF6B97C-6EC4-496B-9E89-BFB32A83D074/d/Visual%20Studio%20Code.app/Contents/Resources/app/extensions/theme-seti/icons/seti.woff)
2024-11-09 18:54:21.592 [info] update#setState checking for updates
2024-11-09 18:54:21.848 [error] UpdateService error: Cannot update while running on a read-only volume. The application is on a read-only volume. Please move the application and try again. If you're on macOS Sierra or later, you'll need to move the application out of the Downloads directory. See https://github.com/Squirrel/Squirrel.Mac/issues/182 for more information.
2024-11-09 18:54:21.848 [info] update#setState idle
2024-11-09 18:59:51.170 [error] [UtilityProcessWorker]: terminated unexpectedly with code 18446744072277895000, signal: unknown
2024-11-09 18:59:51.172 [info] Extension host with pid 11689 exited with code: 0, signal: unknown.
2024-11-09 19:00:15.956 [info] Extension host with pid 11806 exited with code: 0, signal: unknown.
2024-11-09 19:00:15.958 [error] [UtilityProcessWorker]: terminated unexpectedly with code 21946624, signal: unknown
2024-11-09 19:04:53.672 [info] Extension host with pid 11927 exited with code: 0, signal: unknown.
2024-11-09 19:04:53.673 [error] [UtilityProcessWorker]: terminated unexpectedly with code 32, signal: unknown
2024-11-09 19:08:09.451 [info] Extension host with pid 11968 exited with code: 0, signal: unknown.
2024-11-09 19:08:09.572 [error] [UtilityProcessWorker]: terminated unexpectedly with code 1805422656, signal: unknown
2024-11-09 19:54:21.460 [info] update#setState checking for updates
2024-11-09 19:54:21.719 [error] UpdateService error: Cannot update while running on a read-only volume. The application is on a read-only volume. Please move the application and try again. If you're on macOS Sierra or later, you'll need to move the application out of the Downloads directory. See https://github.com/Squirrel/Squirrel.Mac/issues/182 for more information.
2024-11-09 19:54:21.719 [info] update#setState idle
2024-11-09 20:16:40.974 [info] Extension host with pid 12130 exited with code: 0, signal: unknown.
2024-11-09 20:16:41.174 [error] [UtilityProcessWorker]: terminated unexpectedly with code 25957592, signal: unknown
2024-11-09 20:46:01.201 [warning] No ptyHost heartbeat after 6 seconds
2024-11-09 21:03:38.000 [info] update#setState checking for updates
2024-11-09 21:03:38.316 [error] UpdateService error: Cannot update while running on a read-only volume. The application is on a read-only volume. Please move the application and try again. If you're on macOS Sierra or later, you'll need to move the application out of the Downloads directory. See https://github.com/Squirrel/Squirrel.Mac/issues/182 for more information.
2024-11-09 21:03:38.316 [info] update#setState idle
2024-11-09 22:02:16.764 [warning] No ptyHost heartbeat after 6 seconds
2024-11-09 22:03:37.750 [info] update#setState checking for updates
2024-11-09 22:03:38.064 [error] UpdateService error: Cannot update while running on a read-only volume. The application is on a read-only volume. Please move the application and try again. If you're on macOS Sierra or later, you'll need to move the application out of the Downloads directory. See https://github.com/Squirrel/Squirrel.Mac/issues/182 for more information.
2024-11-09 22:03:38.065 [info] update#setState idle
2024-11-09 23:03:37.860 [info] update#setState checking for updates
2024-11-09 23:03:38.260 [error] UpdateService error: Cannot update while running on a read-only volume. The application is on a read-only volume. Please move the application and try again. If you're on macOS Sierra or later, you'll need to move the application out of the Downloads directory. See https://github.com/Squirrel/Squirrel.Mac/issues/182 for more information.
2024-11-09 23:03:38.260 [info] update#setState idle
2024-11-09 23:09:35.127 [info] Extension host with pid 14028 exited with code: 0, signal: unknown.
2024-11-09 23:13:48.564 [info] Extension host with pid 17571 exited with code: 0, signal: unknown.
2024-11-09 23:13:48.565 [error] [UtilityProcessWorker]: terminated unexpectedly with code 34967168, signal: unknown
