2024-11-24 10:23:08.799 [info] Started local extension host with pid 3605.
2024-11-24 10:23:08.987 [info] Settings Sync: Updating due to initialize
2024-11-24 10:23:08.987 [info] Settings Sync: Updating authentication providers. Authentication Providers from store: [{"id":"github","scopes":["user:email"]},{"id":"microsoft","scopes":["openid","profile","email","offline_access"]}]
2024-11-24 10:23:08.987 [info] Settings Sync: Authentication providers updated ["github","microsoft"]
2024-11-24 10:23:09.159 [error] [wscats.html-snippets]: Unknown language in `contributes.html-snippets.language`. Provided value: pug
2024-11-24 10:23:09.160 [error] [wscats.html-snippets]: Unknown language in `contributes.html-snippets.language`. Provided value: sass
2024-11-24 10:23:09.160 [error] [wscats.html-snippets]: Unknown language in `contributes.html-snippets.language`. Provided value: stylus
2024-11-24 10:23:11.412 [info] [perf] Render performance baseline is 16ms
2024-11-24 10:23:24.595 [info] Started local extension host with pid 3617.
2024-11-24 10:23:24.972 [info] Settings Sync: Updating due to initialize
2024-11-24 10:23:24.972 [info] Settings Sync: Updating authentication providers. Authentication Providers from store: [{"id":"github","scopes":["user:email"]},{"id":"microsoft","scopes":["openid","profile","email","offline_access"]}]
2024-11-24 10:23:24.972 [info] Settings Sync: Authentication providers updated []
2024-11-24 10:23:25.017 [info] Settings Sync: Updating authentication providers. Authentication Providers from store: [{"id":"github","scopes":["user:email"]},{"id":"microsoft","scopes":["openid","profile","email","offline_access"]}]
2024-11-24 10:23:25.017 [info] Settings Sync: Authentication providers updated ["github"]
2024-11-24 10:23:25.017 [info] Settings Sync: Updating authentication providers. Authentication Providers from store: [{"id":"github","scopes":["user:email"]},{"id":"microsoft","scopes":["openid","profile","email","offline_access"]}]
2024-11-24 10:23:25.017 [info] Settings Sync: Authentication providers updated ["github"]
2024-11-24 10:23:25.017 [info] Settings Sync: Updating authentication providers. Authentication Providers from store: [{"id":"github","scopes":["user:email"]},{"id":"microsoft","scopes":["openid","profile","email","offline_access"]}]
2024-11-24 10:23:25.017 [info] Settings Sync: Authentication providers updated ["github","microsoft"]
2024-11-24 10:23:25.018 [info] Settings Sync: Updating authentication providers. Authentication Providers from store: [{"id":"github","scopes":["user:email"]},{"id":"microsoft","scopes":["openid","profile","email","offline_access"]}]
2024-11-24 10:23:25.018 [info] Settings Sync: Authentication providers updated ["github","microsoft"]
2024-11-24 10:23:25.018 [info] Settings Sync: Updating due to declared authentication providers changed
2024-11-24 10:23:25.018 [info] Settings Sync: Updating authentication providers. Authentication Providers from store: [{"id":"github","scopes":["user:email"]},{"id":"microsoft","scopes":["openid","profile","email","offline_access"]}]
2024-11-24 10:23:25.018 [info] Settings Sync: Authentication providers updated ["github","microsoft"]
2024-11-24 10:23:25.018 [info] Settings Sync: Updating due to declared authentication providers changed
2024-11-24 10:23:25.018 [info] Settings Sync: Updating authentication providers. Authentication Providers from store: [{"id":"github","scopes":["user:email"]},{"id":"microsoft","scopes":["openid","profile","email","offline_access"]}]
2024-11-24 10:23:25.018 [info] Settings Sync: Authentication providers updated ["github","microsoft"]
2024-11-24 10:23:25.081 [error] [wscats.html-snippets]: Unknown language in `contributes.html-snippets.language`. Provided value: pug
2024-11-24 10:23:25.082 [error] [wscats.html-snippets]: Unknown language in `contributes.html-snippets.language`. Provided value: sass
2024-11-24 10:23:25.082 [error] [wscats.html-snippets]: Unknown language in `contributes.html-snippets.language`. Provided value: stylus
2024-11-24 10:23:25.122 [info] Settings Sync: Updating authentication providers. Authentication Providers from store: [{"id":"github","scopes":["user:email"]},{"id":"microsoft","scopes":["openid","profile","email","offline_access"]}]
2024-11-24 10:23:25.123 [info] Settings Sync: Authentication providers updated ["github","microsoft"]
2024-11-24 10:23:27.182 [info] [perf] Render performance baseline is 15ms
2024-11-24 10:24:14.366 [info] Started local extension host with pid 3676.
2024-11-24 10:24:14.512 [error] [wscats.html-snippets]: Unknown language in `contributes.html-snippets.language`. Provided value: pug
2024-11-24 10:24:14.512 [error] [wscats.html-snippets]: Unknown language in `contributes.html-snippets.language`. Provided value: sass
2024-11-24 10:24:14.512 [error] [wscats.html-snippets]: Unknown language in `contributes.html-snippets.language`. Provided value: stylus
2024-11-24 10:24:14.557 [info] Settings Sync: Updating due to initialize
2024-11-24 10:24:14.558 [info] Settings Sync: Updating authentication providers. Authentication Providers from store: [{"id":"github","scopes":["user:email"]},{"id":"microsoft","scopes":["openid","profile","email","offline_access"]}]
2024-11-24 10:24:14.558 [info] Settings Sync: Authentication providers updated ["github","microsoft"]
2024-11-24 10:24:16.905 [info] [perf] Render performance baseline is 17ms
2024-11-24 10:24:30.837 [warning] [backup tracker] suspended, ignoring unregister event file:///Users/harshjain/e-commerce-project/package.json 
