2024-11-24 10:23:08.777 [info] Added views:outline in workbench.view.explorer
2024-11-24 10:23:08.777 [info] Added views:workbench.view.search in workbench.view.search
2024-11-24 10:23:08.777 [info] Added views:workbench.scm in workbench.view.scm
2024-11-24 10:23:08.777 [info] Added views:workbench.panel.output in workbench.panel.output
2024-11-24 10:23:08.777 [info] Added views:terminal in terminal
2024-11-24 10:23:08.777 [info] Added views:workbench.panel.markers.view in terminal
2024-11-24 10:23:08.777 [info] Added views:workbench.explorer.openEditorsView,workbench.explorer.emptyView in workbench.view.explorer
2024-11-24 10:23:08.925 [info] Added views:workbench.debug.variablesView,workbench.debug.watchExpressionsView,workbench.debug.callStackView,workbench.debug.breakPointsView in workbench.view.debug
2024-11-24 10:23:08.962 [info] Added views:cph.judgeView in workbench.view.extension.cph-judge-view-container
2024-11-24 10:23:08.962 [info] Added views:mongoDBConnectionExplorer,mongoDBPlaygroundsExplorer,mongoDBHelpExplorer in workbench.view.extension.mongoDB
2024-11-24 10:23:08.985 [info] Added views:~remote.forwardedPorts in ~remote.forwardedPortsContainer
2024-11-24 10:23:09.154 [info] Added views:workbench.panel.repl.view in workbench.panel.repl
2024-11-24 10:23:09.154 [info] Removed views:workbench.debug.breakPointsView,workbench.debug.callStackView,workbench.debug.watchExpressionsView,workbench.debug.variablesView from workbench.view.debug
2024-11-24 10:23:09.154 [info] Added views:workbench.debug.welcome in workbench.view.debug
2024-11-24 10:23:24.572 [info] Added views:outline in workbench.view.explorer
2024-11-24 10:23:24.572 [info] Added views:workbench.view.search in workbench.view.search
2024-11-24 10:23:24.572 [info] Added views:workbench.scm in workbench.view.scm
2024-11-24 10:23:24.572 [info] Added views:workbench.panel.output in workbench.panel.output
2024-11-24 10:23:24.572 [info] Added views:terminal in terminal
2024-11-24 10:23:24.572 [info] Added views:workbench.panel.markers.view in terminal
2024-11-24 10:23:24.572 [info] Added views:workbench.explorer.openEditorsView in workbench.view.explorer
2024-11-24 10:23:24.572 [info] Added views:workbench.explorer.fileView in workbench.views.service.sidebar.77827644-f02b-45ee-8839-d2e51a8965ba
2024-11-24 10:23:24.843 [info] Added views:cph.judgeView in workbench.view.extension.cph-judge-view-container
2024-11-24 10:23:24.843 [info] Added views:mongoDBConnectionExplorer,mongoDBPlaygroundsExplorer,mongoDBHelpExplorer in workbench.view.extension.mongoDB
2024-11-24 10:23:24.885 [info] Added views:workbench.debug.welcome in workbench.view.debug
2024-11-24 10:23:24.926 [info] Added views:workbench.panel.repl.view in workbench.panel.repl
2024-11-24 10:23:24.971 [info] Added views:~remote.forwardedPorts in ~remote.forwardedPortsContainer
2024-11-24 10:23:25.203 [info] Added views:workbench.scm.history in workbench.view.scm
2024-11-24 10:24:13.997 [info] Removed views:workbench.scm.history from workbench.view.scm
2024-11-24 10:24:14.237 [info] Added views:outline in workbench.view.explorer
2024-11-24 10:24:14.238 [info] Added views:workbench.view.search in workbench.view.search
2024-11-24 10:24:14.238 [info] Added views:workbench.scm in workbench.view.scm
2024-11-24 10:24:14.239 [info] Added views:workbench.panel.output in workbench.panel.output
2024-11-24 10:24:14.239 [info] Added views:terminal in terminal
2024-11-24 10:24:14.239 [info] Added views:workbench.panel.markers.view in terminal
2024-11-24 10:24:14.239 [info] Added views:workbench.explorer.openEditorsView in workbench.view.explorer
2024-11-24 10:24:14.239 [info] Added views:workbench.explorer.fileView in workbench.views.service.sidebar.77827644-f02b-45ee-8839-d2e51a8965ba
2024-11-24 10:24:14.350 [info] Added views:workbench.debug.welcome in workbench.view.debug
2024-11-24 10:24:14.532 [info] Added views:cph.judgeView in workbench.view.extension.cph-judge-view-container
2024-11-24 10:24:14.532 [info] Added views:mongoDBConnectionExplorer,mongoDBPlaygroundsExplorer,mongoDBHelpExplorer in workbench.view.extension.mongoDB
2024-11-24 10:24:14.557 [info] Added views:~remote.forwardedPorts in ~remote.forwardedPortsContainer
2024-11-24 10:24:14.705 [info] Added views:workbench.panel.repl.view in workbench.panel.repl
2024-11-24 10:24:16.042 [info] Added views:workbench.scm.history in workbench.view.scm
2024-11-24 10:24:30.836 [info] Removed views:workbench.scm.history from workbench.view.scm
