2024-11-15 17:25:41.187 [info] Reading sessions from keychain...
2024-11-15 17:25:41.187 [info] Getting sessions for all scopes...
2024-11-15 17:25:41.187 [info] Getting sessions for all scopes...
2024-11-15 17:25:41.187 [info] Getting sessions for user:email...
2024-11-15 17:25:41.187 [info] Got stored sessions!
2024-11-15 17:25:41.187 [info] Got 2 verified sessions.
2024-11-15 17:25:41.187 [info] Got 2 sessions for ...
2024-11-15 17:25:41.187 [info] Got 2 sessions for ...
2024-11-15 17:25:41.187 [info] Got 1 sessions for user:email...
2024-11-15 17:25:43.252 [info] Getting sessions for all scopes...
2024-11-15 17:25:43.252 [info] Got 2 sessions for ...
2024-11-15 18:28:37.916 [info] Reading sessions from keychain...
2024-11-15 18:28:37.916 [info] Getting sessions for all scopes...
2024-11-15 18:28:37.916 [info] Getting sessions for all scopes...
2024-11-15 18:28:37.916 [info] Getting sessions for all scopes...
2024-11-15 18:28:37.916 [info] Getting sessions for user:email...
2024-11-15 18:28:37.916 [info] Got stored sessions!
2024-11-15 18:28:37.916 [info] Got 2 verified sessions.
2024-11-15 18:28:37.916 [info] Got 2 sessions for ...
2024-11-15 18:28:37.916 [info] Got 2 sessions for ...
2024-11-15 18:28:37.916 [info] Got 2 sessions for ...
2024-11-15 18:28:37.916 [info] Got 1 sessions for user:email...
2024-11-15 18:28:37.916 [info] Getting sessions for user:email...
2024-11-15 18:28:37.916 [info] Got 1 sessions for user:email...
2024-11-15 18:28:37.916 [info] Getting sessions for user:email...
2024-11-15 18:28:37.916 [info] Got 1 sessions for user:email...
2024-11-15 18:28:38.899 [info] Getting sessions for all scopes...
2024-11-15 18:28:38.899 [info] Got 2 sessions for ...
2024-11-15 18:47:22.805 [info] Getting sessions for read:user,repo,user:email,workflow...
2024-11-15 18:47:22.806 [info] Got 1 sessions for read:user,repo,user:email,workflow...
2024-11-15 18:47:33.569 [info] Getting sessions for read:user,repo,user:email,workflow...
2024-11-15 18:47:33.569 [info] Got 1 sessions for read:user,repo,user:email,workflow...
