2024-11-24 10:25:48.146 [info] Reading sessions from keychain...
2024-11-24 10:25:48.146 [info] Getting sessions for all scopes...
2024-11-24 10:25:48.146 [info] Getting sessions for all scopes...
2024-11-24 10:25:48.146 [info] Getting sessions for user:email...
2024-11-24 10:25:48.146 [info] Got stored sessions!
2024-11-24 10:25:48.146 [info] Got 2 verified sessions.
2024-11-24 10:25:48.146 [info] Got 2 sessions for ...
2024-11-24 10:25:48.146 [info] Got 2 sessions for ...
2024-11-24 10:25:48.146 [info] Got 1 sessions for user:email...
2024-11-24 10:25:50.188 [info] Getting sessions for all scopes...
2024-11-24 10:25:50.188 [info] Got 2 sessions for ...
2024-11-24 10:26:49.082 [info] Reading sessions from keychain...
2024-11-24 10:26:49.082 [info] Getting sessions for all scopes...
2024-11-24 10:26:49.082 [info] Getting sessions for all scopes...
2024-11-24 10:26:49.082 [info] Getting sessions for all scopes...
2024-11-24 10:26:49.082 [info] Got stored sessions!
2024-11-24 10:26:49.082 [info] Got 2 verified sessions.
2024-11-24 10:26:49.082 [info] Got 2 sessions for ...
2024-11-24 10:26:49.082 [info] Got 2 sessions for ...
2024-11-24 10:26:49.082 [info] Got 2 sessions for ...
2024-11-24 10:26:49.082 [info] Getting sessions for user:email...
2024-11-24 10:26:49.082 [info] Got 1 sessions for user:email...
2024-11-24 10:26:50.682 [info] Getting sessions for all scopes...
2024-11-24 10:26:50.682 [info] Got 2 sessions for ...
