2024-11-15 17:25:42.089 [info] 2024-11-15T11:55:42.075Z extension INFO  Activating extension... [
  {
    id: 'mongodb.mongodb-vscode',
    version: '1.9.3',
    mode: 'Production',
    kind: 'UI',
    extensionPath: '/Users/harshjain/.vscode/extensions/mongodb.mongodb-vscode-1.9.3',
    logPath: '/Users/harshjain/Library/Application Support/Code/logs/20241115T112259/window2/exthost/mongodb.mongodb-vscode',
    workspaceStoragePath: undefined,
    globalStoragePath: '/Users/harshjain/Library/Application Support/Code/User/globalStorage/mongodb.mongodb-vscode',
    defaultConnectionSavingLocation: 'Global',
    buildInfo: {
      nodeVersion: 'v20.18.0',
      runtimePlatform: 'darwin',
      runtimeArch: 'arm64'
    }
  }
]

2024-11-15 17:25:42.089 [info] 2024-11-15T11:55:42.076Z language server controller INFO  Creating MongoDB Language Server... [
  {
    extensionPath: '/Users/harshjain/.vscode/extensions/mongodb.mongodb-vscode-1.9.3',
    languageServer: {
      id: 'mongodbLanguageServer',
      name: 'MongoDB Language Server',
      path: '/Users/harshjain/.vscode/extensions/mongodb.mongodb-vscode-1.9.3/dist/languageServer.js',
      documentSelector: '[{"pattern":"**/*.mongodb.js"},{"pattern":"**/*.mongodb"}]'
    }
  }
]

2024-11-15 17:25:42.089 [info] 2024-11-15T11:55:42.081Z telemetry INFO  Segment analytics activated [ { anonymousId: '88f5a618-27ed-4f45-99b4-dc88067b0e53' } ]

2024-11-15 17:25:42.089 [info] 2024-11-15T11:55:42.081Z participant INFO  Chat participant created [ { participantId: 'mongodb.participant' } ]

2024-11-15 17:25:42.089 [info] 2024-11-15T11:55:42.081Z language server controller INFO  Starting the language server... []

2024-11-15 17:25:42.321 [info] 2024-11-15T11:55:42.321Z language server controller INFO  MongoDBService initialized. Sending default settings... {"extensionPath":"/Users/harshjain/.vscode/extensions/mongodb.mongodb-vscode-1.9.3","connectionId":null,"hasConnectionString":false,"hasConnectionOptions":false} []

2024-11-15 18:28:36.000 [info] 2024-11-15T12:58:35.996Z extension INFO  Deactivating extension... []

2024-11-15 18:28:36.000 [info] 2024-11-15T12:58:35.996Z connection controller INFO  Disconnect called, currently connected to [ null ]

2024-11-15 18:28:36.001 [info] 2024-11-15T12:58:35.997Z language server controller INFO  Changing MongoDBService active connection... [ { connectionId: null } ]

2024-11-15 18:28:36.001 [info] 2024-11-15T12:58:35.997Z connection controller ERROR Unable to disconnect: no active connection []

2024-11-15 18:28:36.001 [info] 2024-11-15T12:58:35.999Z connection controller INFO  Disconnect called, currently connected to [ null ]

2024-11-15 18:28:36.001 [info] 2024-11-15T12:58:35.999Z language server controller INFO  Changing MongoDBService active connection... [ { connectionId: null } ]

2024-11-15 18:28:36.001 [info] 2024-11-15T12:58:35.999Z connection controller ERROR Unable to disconnect: no active connection []

2024-11-15 18:28:36.001 [info] 2024-11-15T12:58:36.001Z language server controller INFO  Deactivating the language server... []

2024-11-15 18:28:36.001 [info] 2024-11-15T12:58:36.001Z language server controller INFO  Deactivating the language server... []

2024-11-15 18:28:37.914 [info] 2024-11-15T12:58:37.788Z extension INFO  Activating extension... [
  {
    id: 'mongodb.mongodb-vscode',
    version: '1.9.3',
    mode: 'Production',
    kind: 'UI',
    extensionPath: '/Users/harshjain/.vscode/extensions/mongodb.mongodb-vscode-1.9.3',
    logPath: '/Users/harshjain/Library/Application Support/Code/logs/20241115T112259/window2/exthost/mongodb.mongodb-vscode',
    workspaceStoragePath: '/Users/harshjain/Library/Application Support/Code/User/workspaceStorage/dff04bafb62d16cddeca926f16e0d77c/mongodb.mongodb-vscode',
    globalStoragePath: '/Users/harshjain/Library/Application Support/Code/User/globalStorage/mongodb.mongodb-vscode',
    defaultConnectionSavingLocation: 'Global',
    buildInfo: {
      nodeVersion: 'v20.18.0',
      runtimePlatform: 'darwin',
      runtimeArch: 'arm64'
    }
  }
]

2024-11-15 18:28:37.914 [info] 2024-11-15T12:58:37.789Z language server controller INFO  Creating MongoDB Language Server... [
  {
    extensionPath: '/Users/harshjain/.vscode/extensions/mongodb.mongodb-vscode-1.9.3',
    languageServer: {
      id: 'mongodbLanguageServer',
      name: 'MongoDB Language Server',
      path: '/Users/harshjain/.vscode/extensions/mongodb.mongodb-vscode-1.9.3/dist/languageServer.js',
      documentSelector: '[{"pattern":"**/*.mongodb.js"},{"pattern":"**/*.mongodb"}]'
    }
  }
]

2024-11-15 18:28:37.914 [info] 2024-11-15T12:58:37.794Z telemetry INFO  Segment analytics activated [ { anonymousId: '88f5a618-27ed-4f45-99b4-dc88067b0e53' } ]

2024-11-15 18:28:37.914 [info] 2024-11-15T12:58:37.795Z participant INFO  Chat participant created [ { participantId: 'mongodb.participant' } ]

2024-11-15 18:28:37.914 [info] 2024-11-15T12:58:37.795Z language server controller INFO  Starting the language server... []

2024-11-15 18:28:38.163 [info] 2024-11-15T12:58:38.163Z language server controller INFO  MongoDBService initialized. Sending default settings... {"extensionPath":"/Users/harshjain/.vscode/extensions/mongodb.mongodb-vscode-1.9.3","connectionId":null,"hasConnectionString":false,"hasConnectionOptions":false} []

2024-11-15 19:47:39.120 [info] 2024-11-15T14:17:39.114Z extension INFO  Deactivating extension... []

2024-11-15 19:47:39.120 [info] 2024-11-15T14:17:39.115Z connection controller INFO  Disconnect called, currently connected to [ null ]

2024-11-15 19:47:39.120 [info] 2024-11-15T14:17:39.116Z language server controller INFO  Changing MongoDBService active connection... [ { connectionId: null } ]

2024-11-15 19:47:39.120 [info] 2024-11-15T14:17:39.116Z connection controller ERROR Unable to disconnect: no active connection []

2024-11-15 19:47:39.120 [info] 2024-11-15T14:17:39.118Z connection controller INFO  Disconnect called, currently connected to [ null ]

2024-11-15 19:47:39.120 [info] 2024-11-15T14:17:39.118Z language server controller INFO  Changing MongoDBService active connection... [ { connectionId: null } ]

2024-11-15 19:47:39.120 [info] 2024-11-15T14:17:39.118Z connection controller ERROR Unable to disconnect: no active connection []

2024-11-15 19:47:39.120 [info] 2024-11-15T14:17:39.120Z language server controller INFO  Deactivating the language server... []

2024-11-15 19:47:39.120 [info] 2024-11-15T14:17:39.120Z language server controller INFO  Deactivating the language server... []

