2024-11-14 22:26:19.722 [info] Reading sessions from keychain...
2024-11-14 22:26:19.722 [info] Getting sessions for all scopes...
2024-11-14 22:26:19.722 [info] Getting sessions for all scopes...
2024-11-14 22:26:19.722 [info] Getting sessions for all scopes...
2024-11-14 22:26:19.722 [info] Got stored sessions!
2024-11-14 22:26:19.722 [info] Got 1 verified sessions.
2024-11-14 22:26:19.722 [info] Got 1 sessions for ...
2024-11-14 22:26:19.722 [info] Got 1 sessions for ...
2024-11-14 22:26:19.722 [info] Got 1 sessions for ...
2024-11-14 22:26:19.722 [info] Getting sessions for user:email...
2024-11-14 22:26:19.722 [info] Got 1 sessions for user:email...
2024-11-14 22:26:21.744 [info] Getting sessions for all scopes...
2024-11-14 22:26:21.744 [info] Got 1 sessions for ...
2024-11-14 22:32:29.734 [info] Reading sessions from keychain...
2024-11-14 22:32:29.734 [info] Getting sessions for all scopes...
2024-11-14 22:32:29.734 [info] Getting sessions for all scopes...
2024-11-14 22:32:29.734 [info] Getting sessions for all scopes...
2024-11-14 22:32:29.734 [info] Got stored sessions!
2024-11-14 22:32:29.734 [info] Got 1 verified sessions.
2024-11-14 22:32:29.734 [info] Got 1 sessions for ...
2024-11-14 22:32:29.734 [info] Got 1 sessions for ...
2024-11-14 22:32:29.734 [info] Got 1 sessions for ...
2024-11-14 22:32:29.738 [info] Getting sessions for user:email...
2024-11-14 22:32:29.738 [info] Got 1 sessions for user:email...
2024-11-14 22:32:31.897 [info] Getting sessions for all scopes...
2024-11-14 22:32:31.897 [info] Got 1 sessions for ...
