2024-11-23 22:43:23.032 [info] Added views:outline in workbench.view.explorer
2024-11-23 22:43:23.032 [info] Added views:workbench.view.search in workbench.view.search
2024-11-23 22:43:23.032 [info] Added views:workbench.scm in workbench.view.scm
2024-11-23 22:43:23.032 [info] Added views:workbench.panel.output in workbench.panel.output
2024-11-23 22:43:23.032 [info] Added views:terminal in terminal
2024-11-23 22:43:23.032 [info] Added views:workbench.panel.markers.view in terminal
2024-11-23 22:43:23.032 [info] Added views:workbench.explorer.openEditorsView,workbench.explorer.emptyView in workbench.view.explorer
2024-11-23 22:43:23.172 [info] Added views:workbench.debug.variablesView,workbench.debug.watchExpressionsView,workbench.debug.callStackView,workbench.debug.breakPointsView in workbench.view.debug
2024-11-23 22:43:23.200 [info] Added views:cph.judgeView in workbench.view.extension.cph-judge-view-container
2024-11-23 22:43:23.200 [info] Added views:mongoDBConnectionExplorer,mongoDBPlaygroundsExplorer,mongoDBHelpExplorer in workbench.view.extension.mongoDB
2024-11-23 22:43:23.256 [info] Added views:~remote.forwardedPorts in ~remote.forwardedPortsContainer
2024-11-23 22:43:23.468 [info] Added views:workbench.panel.repl.view in workbench.panel.repl
2024-11-23 22:43:23.468 [info] Removed views:workbench.debug.breakPointsView,workbench.debug.callStackView,workbench.debug.watchExpressionsView,workbench.debug.variablesView from workbench.view.debug
2024-11-23 22:43:23.468 [info] Added views:workbench.debug.welcome in workbench.view.debug
2024-11-23 22:44:12.352 [info] Added views:workbench.views.extensions.installed,workbench.views.extensions.popular,extensions.recommendedList in workbench.view.extensions
2024-11-23 22:44:12.354 [info] Removed views:workbench.views.extensions.popular from workbench.view.extensions
2024-11-23 22:45:06.770 [info] Added views:outline in workbench.view.explorer
2024-11-23 22:45:06.770 [info] Added views:workbench.view.search in workbench.view.search
2024-11-23 22:45:06.770 [info] Added views:workbench.scm in workbench.view.scm
2024-11-23 22:45:06.770 [info] Added views:workbench.panel.output in workbench.panel.output
2024-11-23 22:45:06.770 [info] Added views:terminal in terminal
2024-11-23 22:45:06.770 [info] Added views:workbench.panel.markers.view in terminal
2024-11-23 22:45:06.770 [info] Added views:workbench.explorer.openEditorsView in workbench.view.explorer
2024-11-23 22:45:06.770 [info] Added views:workbench.explorer.fileView in workbench.views.service.sidebar.77827644-f02b-45ee-8839-d2e51a8965ba
2024-11-23 22:45:06.823 [info] Added views:workbench.debug.variablesView,workbench.debug.watchExpressionsView,workbench.debug.callStackView,workbench.debug.breakPointsView in workbench.view.debug
2024-11-23 22:45:06.978 [info] Added views:cph.judgeView in workbench.view.extension.cph-judge-view-container
2024-11-23 22:45:06.978 [info] Added views:mongoDBConnectionExplorer,mongoDBPlaygroundsExplorer,mongoDBHelpExplorer in workbench.view.extension.mongoDB
2024-11-23 22:45:07.002 [info] Added views:~remote.forwardedPorts in ~remote.forwardedPortsContainer
2024-11-23 22:45:07.132 [info] Added views:workbench.panel.repl.view in workbench.panel.repl
2024-11-23 22:45:07.133 [info] Removed views:workbench.debug.breakPointsView,workbench.debug.callStackView,workbench.debug.watchExpressionsView,workbench.debug.variablesView from workbench.view.debug
2024-11-23 22:45:07.133 [info] Added views:workbench.debug.welcome in workbench.view.debug
2024-11-23 23:35:12.246 [info] Added views:workbench.scm.history in workbench.view.scm
2024-11-23 23:39:36.479 [info] Removed views:workbench.scm.history from workbench.view.scm
