2024-11-09 18:53:52.244 [info] Added views:outline in workbench.view.explorer
2024-11-09 18:53:52.244 [info] Added views:workbench.view.search in workbench.view.search
2024-11-09 18:53:52.244 [info] Added views:workbench.scm in workbench.view.scm
2024-11-09 18:53:52.244 [info] Added views:workbench.panel.output in workbench.panel.output
2024-11-09 18:53:52.244 [info] Added views:terminal in terminal
2024-11-09 18:53:52.244 [info] Added views:workbench.panel.markers.view in terminal
2024-11-09 18:53:52.244 [info] Added views:timeline in workbench.view.explorer
2024-11-09 18:53:52.244 [info] Added views:workbench.explorer.openEditorsView,workbench.explorer.emptyView in workbench.view.explorer
2024-11-09 18:53:52.337 [info] Added views:workbench.debug.variablesView,workbench.debug.watchExpressionsView,workbench.debug.callStackView,workbench.debug.breakPointsView in workbench.view.debug
2024-11-09 18:53:52.498 [info] Added views:cph.judgeView in workbench.view.extension.cph-judge-view-container
2024-11-09 18:53:52.500 [info] Added views:mongoDBConnectionExplorer,mongoDBPlaygroundsExplorer,mongoDBHelpExplorer in workbench.view.extension.mongoDB
2024-11-09 18:53:52.520 [info] Added views:~remote.forwardedPorts in ~remote.forwardedPortsContainer
2024-11-09 18:53:52.720 [info] Added views:workbench.panel.repl.view in workbench.panel.repl
2024-11-09 18:53:52.720 [info] Removed views:workbench.debug.breakPointsView,workbench.debug.callStackView,workbench.debug.watchExpressionsView,workbench.debug.variablesView from workbench.view.debug
2024-11-09 18:53:52.720 [info] Added views:workbench.debug.welcome in workbench.view.debug
2024-11-09 18:58:59.734 [info] Removed views:workbench.explorer.emptyView from workbench.view.explorer
2024-11-09 18:59:51.396 [info] Added views:outline in workbench.view.explorer
2024-11-09 18:59:51.397 [info] Added views:workbench.view.search in workbench.view.search
2024-11-09 18:59:51.397 [info] Added views:workbench.scm in workbench.view.scm
2024-11-09 18:59:51.397 [info] Added views:workbench.panel.output in workbench.panel.output
2024-11-09 18:59:51.397 [info] Added views:terminal in terminal
2024-11-09 18:59:51.397 [info] Added views:workbench.panel.markers.view in terminal
2024-11-09 18:59:51.397 [info] Added views:timeline in workbench.view.explorer
2024-11-09 18:59:51.397 [info] Added views:workbench.explorer.openEditorsView in workbench.view.explorer
2024-11-09 18:59:51.397 [info] Added views:workbench.explorer.fileView in workbench.views.service.sidebar.77827644-f02b-45ee-8839-d2e51a8965ba
2024-11-09 18:59:51.565 [info] Added views:workbench.debug.variablesView,workbench.debug.watchExpressionsView,workbench.debug.callStackView,workbench.debug.breakPointsView in workbench.view.debug
2024-11-09 18:59:51.636 [info] Added views:~remote.forwardedPorts in ~remote.forwardedPortsContainer
2024-11-09 18:59:51.848 [info] Added views:workbench.panel.repl.view in workbench.panel.repl
2024-11-09 18:59:51.848 [info] Removed views:workbench.debug.breakPointsView,workbench.debug.callStackView,workbench.debug.watchExpressionsView,workbench.debug.variablesView from workbench.view.debug
2024-11-09 18:59:51.848 [info] Added views:workbench.debug.welcome in workbench.view.debug
2024-11-09 18:59:53.992 [info] Added views:cph.judgeView in workbench.view.extension.cph-judge-view-container
2024-11-09 18:59:53.993 [info] Added views:mongoDBConnectionExplorer,mongoDBPlaygroundsExplorer,mongoDBHelpExplorer in workbench.view.extension.mongoDB
