2024-11-14 17:09:51.743 [info] Reading sessions from keychain...
2024-11-14 17:09:51.743 [info] Getting sessions for all scopes...
2024-11-14 17:09:51.743 [info] Getting sessions for all scopes...
2024-11-14 17:09:51.743 [info] Getting sessions for user:email...
2024-11-14 17:09:51.743 [info] Got stored sessions!
2024-11-14 17:09:51.743 [info] Got 1 verified sessions.
2024-11-14 17:09:51.743 [info] Got 1 sessions for ...
2024-11-14 17:09:51.743 [info] Got 1 sessions for ...
2024-11-14 17:09:51.743 [info] Got 1 sessions for user:email...
2024-11-14 17:09:53.538 [info] Getting sessions for all scopes...
2024-11-14 17:09:53.538 [info] Got 1 sessions for ...
2024-11-14 17:10:44.109 [info] Reading sessions from keychain...
2024-11-14 17:10:44.109 [info] Getting sessions for all scopes...
2024-11-14 17:10:44.109 [info] Getting sessions for all scopes...
2024-11-14 17:10:44.109 [info] Getting sessions for all scopes...
2024-11-14 17:10:44.109 [info] Got stored sessions!
2024-11-14 17:10:44.109 [info] Got 1 verified sessions.
2024-11-14 17:10:44.109 [info] Got 1 sessions for ...
2024-11-14 17:10:44.109 [info] Got 1 sessions for ...
2024-11-14 17:10:44.109 [info] Got 1 sessions for ...
2024-11-14 17:10:44.115 [info] Getting sessions for user:email...
2024-11-14 17:10:44.115 [info] Got 1 sessions for user:email...
2024-11-14 17:10:46.179 [info] Getting sessions for all scopes...
2024-11-14 17:10:46.179 [info] Got 1 sessions for ...
