2024-11-09 23:48:24.133 [info] Added views:outline in workbench.view.explorer
2024-11-09 23:48:24.133 [info] Added views:workbench.view.search in workbench.view.search
2024-11-09 23:48:24.133 [info] Added views:workbench.scm in workbench.view.scm
2024-11-09 23:48:24.133 [info] Added views:workbench.panel.output in workbench.panel.output
2024-11-09 23:48:24.133 [info] Added views:terminal in terminal
2024-11-09 23:48:24.133 [info] Added views:workbench.panel.markers.view in terminal
2024-11-09 23:48:24.133 [info] Added views:timeline in workbench.view.explorer
2024-11-09 23:48:24.133 [info] Added views:workbench.explorer.openEditorsView in workbench.view.explorer
2024-11-09 23:48:24.264 [info] Added views:workbench.debug.welcome in workbench.view.debug
2024-11-09 23:48:24.295 [info] Added views:cph.judgeView in workbench.view.extension.cph-judge-view-container
2024-11-09 23:48:24.296 [info] Added views:mongoDBConnectionExplorer,mongoDBPlaygroundsExplorer,mongoDBHelpExplorer in workbench.view.extension.mongoDB
2024-11-09 23:48:24.368 [info] Added views:~remote.forwardedPorts in ~remote.forwardedPortsContainer
2024-11-09 23:48:24.652 [info] Added views:workbench.panel.repl.view in workbench.panel.repl
2024-11-09 23:49:24.797 [info] Added views:outline in workbench.view.explorer
2024-11-09 23:49:24.797 [info] Added views:workbench.view.search in workbench.view.search
2024-11-09 23:49:24.797 [info] Added views:workbench.scm in workbench.view.scm
2024-11-09 23:49:24.797 [info] Added views:workbench.panel.output in workbench.panel.output
2024-11-09 23:49:24.797 [info] Added views:terminal in terminal
2024-11-09 23:49:24.797 [info] Added views:workbench.panel.markers.view in terminal
2024-11-09 23:49:24.797 [info] Added views:timeline in workbench.view.explorer
2024-11-09 23:49:24.797 [info] Added views:workbench.explorer.openEditorsView in workbench.view.explorer
2024-11-09 23:49:24.797 [info] Added views:workbench.explorer.fileView in workbench.views.service.sidebar.77827644-f02b-45ee-8839-d2e51a8965ba
2024-11-09 23:49:24.816 [info] Added views:workbench.debug.variablesView,workbench.debug.watchExpressionsView,workbench.debug.callStackView,workbench.debug.breakPointsView in workbench.view.debug
2024-11-09 23:49:24.956 [info] Added views:cph.judgeView in workbench.view.extension.cph-judge-view-container
2024-11-09 23:49:24.956 [info] Added views:mongoDBConnectionExplorer,mongoDBPlaygroundsExplorer,mongoDBHelpExplorer in workbench.view.extension.mongoDB
2024-11-09 23:49:25.000 [info] Added views:~remote.forwardedPorts in ~remote.forwardedPortsContainer
2024-11-09 23:49:25.155 [info] Added views:workbench.panel.repl.view in workbench.panel.repl
2024-11-09 23:49:25.156 [info] Removed views:workbench.debug.breakPointsView,workbench.debug.callStackView,workbench.debug.watchExpressionsView,workbench.debug.variablesView from workbench.view.debug
2024-11-09 23:49:25.156 [info] Added views:workbench.debug.welcome in workbench.view.debug
2024-11-09 23:50:27.492 [info] Added views:workbench.scm.history in workbench.view.scm
2024-11-09 23:52:59.068 [info] Removed views:workbench.scm.history from workbench.view.scm
