2024-11-14 22:26:05.509 [info] Using settings sync service https://vscode-sync.trafficmanager.net/
2024-11-14 22:26:05.509 [info] Auto Sync is enabled.
2024-11-14 22:26:05.509 [info] Auto Sync: Suspended until auth token is available.
2024-11-14 22:26:06.108 [info] Auto Sync: Triggered by Interval
2024-11-14 22:26:06.108 [info] Sync started.
2024-11-14 22:26:07.631 [info] Settings: No changes found during synchronizing settings.
2024-11-14 22:26:07.634 [info] Keybindings: No changes found during synchronizing keybindings.
2024-11-14 22:26:07.636 [info] Snippets: No changes found during synchronizing snippets.
2024-11-14 22:26:07.638 [info] Tasks: No changes found during synchronizing tasks.
2024-11-14 22:26:07.640 [info] GlobalState: No changes found during synchronizing ui state.
2024-11-14 22:26:07.656 [info] Extensions: No changes found during synchronizing extensions.
2024-11-14 22:26:07.658 [info] Profiles: No changes found during synchronizing profiles.
2024-11-14 22:26:07.659 [info] Sync done. Took 1550ms
2024-11-14 22:26:21.858 [info] Auto Sync: Triggered by Activity
2024-11-14 22:26:21.858 [info] Sync started.
2024-11-14 22:26:21.948 [info] Settings: No changes found during synchronizing settings.
2024-11-14 22:26:21.951 [info] Keybindings: No changes found during synchronizing keybindings.
2024-11-14 22:26:21.953 [info] Snippets: No changes found during synchronizing snippets.
2024-11-14 22:26:21.954 [info] Tasks: No changes found during synchronizing tasks.
2024-11-14 22:26:21.957 [info] GlobalState: No changes found during synchronizing ui state.
2024-11-14 22:26:21.979 [info] Extensions: No changes found during synchronizing extensions.
2024-11-14 22:26:21.980 [info] Profiles: No changes found during synchronizing profiles.
2024-11-14 22:26:21.980 [info] Sync done. Took 123ms
2024-11-14 22:31:21.978 [info] Auto Sync: Triggered by Interval
2024-11-14 22:31:21.978 [info] Sync started.
2024-11-14 22:31:22.396 [info] Settings: No changes found during synchronizing settings.
2024-11-14 22:31:22.399 [info] Keybindings: No changes found during synchronizing keybindings.
2024-11-14 22:31:22.402 [info] Snippets: No changes found during synchronizing snippets.
2024-11-14 22:31:22.404 [info] Tasks: No changes found during synchronizing tasks.
2024-11-14 22:31:22.407 [info] GlobalState: No changes found during synchronizing ui state.
2024-11-14 22:31:22.436 [info] Extensions: No changes found during synchronizing extensions.
2024-11-14 22:31:22.437 [info] Profiles: No changes found during synchronizing profiles.
2024-11-14 22:31:22.437 [info] Sync done. Took 460ms
2024-11-14 22:36:22.436 [info] Auto Sync: Triggered by Interval
2024-11-14 22:36:22.437 [info] Sync started.
2024-11-14 22:36:23.429 [info] Settings: No changes found during synchronizing settings.
2024-11-14 22:36:23.433 [info] Keybindings: No changes found during synchronizing keybindings.
2024-11-14 22:36:23.435 [info] Snippets: No changes found during synchronizing snippets.
2024-11-14 22:36:23.437 [info] Tasks: No changes found during synchronizing tasks.
2024-11-14 22:36:23.440 [info] GlobalState: No changes found during synchronizing ui state.
2024-11-14 22:36:23.465 [info] Extensions: No changes found during synchronizing extensions.
2024-11-14 22:36:23.466 [info] Profiles: No changes found during synchronizing profiles.
2024-11-14 22:36:23.467 [info] Sync done. Took 1031ms
2024-11-14 22:40:41.204 [info] Auto Sync: Triggered by Activity
2024-11-14 22:40:41.205 [info] Sync started.
2024-11-14 22:40:41.622 [info] Settings: No changes found during synchronizing settings.
2024-11-14 22:40:41.626 [info] Keybindings: No changes found during synchronizing keybindings.
2024-11-14 22:40:41.629 [info] Snippets: No changes found during synchronizing snippets.
2024-11-14 22:40:41.631 [info] Tasks: No changes found during synchronizing tasks.
2024-11-14 22:40:41.635 [info] GlobalState: No changes found during synchronizing ui state.
2024-11-14 22:40:41.664 [info] Extensions: No changes found during synchronizing extensions.
2024-11-14 22:40:41.664 [info] Profiles: No changes found during synchronizing profiles.
2024-11-14 22:40:41.665 [info] Sync done. Took 463ms
2024-11-14 22:43:01.402 [info] Auto Sync: Triggered by Activity
2024-11-14 22:43:01.404 [info] Sync started.
2024-11-14 22:43:01.814 [info] Settings: No changes found during synchronizing settings.
2024-11-14 22:43:01.817 [info] Keybindings: No changes found during synchronizing keybindings.
2024-11-14 22:43:01.821 [info] Snippets: No changes found during synchronizing snippets.
2024-11-14 22:43:01.823 [info] Tasks: No changes found during synchronizing tasks.
2024-11-14 22:43:01.827 [info] GlobalState: No changes found during synchronizing ui state.
2024-11-14 22:43:01.854 [info] Extensions: No changes found during synchronizing extensions.
2024-11-14 22:43:01.855 [info] Profiles: No changes found during synchronizing profiles.
2024-11-14 22:43:01.855 [info] Sync done. Took 455ms
2024-11-14 22:44:34.016 [info] Auto Sync: Triggered by Activity
2024-11-14 22:44:34.017 [info] Sync started.
2024-11-14 22:44:34.139 [info] Settings: No changes found during synchronizing settings.
2024-11-14 22:44:34.142 [info] Keybindings: No changes found during synchronizing keybindings.
2024-11-14 22:44:34.144 [info] Snippets: No changes found during synchronizing snippets.
2024-11-14 22:44:34.146 [info] Tasks: No changes found during synchronizing tasks.
2024-11-14 22:44:34.150 [info] GlobalState: No changes found during synchronizing ui state.
2024-11-14 22:44:34.177 [info] Extensions: No changes found during synchronizing extensions.
2024-11-14 22:44:34.178 [info] Profiles: No changes found during synchronizing profiles.
2024-11-14 22:44:34.179 [info] Sync done. Took 163ms
2024-11-14 22:49:34.172 [info] Auto Sync: Triggered by Interval
2024-11-14 22:49:34.173 [info] Sync started.
2024-11-14 22:49:34.614 [info] Settings: No changes found during synchronizing settings.
2024-11-14 22:49:34.615 [info] Keybindings: No changes found during synchronizing keybindings.
2024-11-14 22:49:34.617 [info] Snippets: No changes found during synchronizing snippets.
2024-11-14 22:49:34.619 [info] Tasks: No changes found during synchronizing tasks.
2024-11-14 22:49:34.621 [info] GlobalState: No changes found during synchronizing ui state.
2024-11-14 22:49:34.642 [info] Extensions: No changes found during synchronizing extensions.
2024-11-14 22:49:34.642 [info] Profiles: No changes found during synchronizing profiles.
2024-11-14 22:49:34.643 [info] Sync done. Took 472ms
2024-11-14 22:54:34.648 [info] Auto Sync: Triggered by Interval
2024-11-14 22:54:34.649 [info] Sync started.
2024-11-14 22:54:35.084 [info] Settings: No changes found during synchronizing settings.
2024-11-14 22:54:35.087 [info] Keybindings: No changes found during synchronizing keybindings.
2024-11-14 22:54:35.090 [info] Snippets: No changes found during synchronizing snippets.
2024-11-14 22:54:35.092 [info] Tasks: No changes found during synchronizing tasks.
2024-11-14 22:54:35.095 [info] GlobalState: No changes found during synchronizing ui state.
2024-11-14 22:54:35.123 [info] Extensions: No changes found during synchronizing extensions.
2024-11-14 22:54:35.124 [info] Profiles: No changes found during synchronizing profiles.
2024-11-14 22:54:35.125 [info] Sync done. Took 478ms
2024-11-14 22:59:35.119 [info] Auto Sync: Triggered by Interval
2024-11-14 22:59:35.120 [info] Sync started.
2024-11-14 22:59:35.531 [info] Settings: No changes found during synchronizing settings.
2024-11-14 22:59:35.534 [info] Keybindings: No changes found during synchronizing keybindings.
2024-11-14 22:59:35.537 [info] Snippets: No changes found during synchronizing snippets.
2024-11-14 22:59:35.539 [info] Tasks: No changes found during synchronizing tasks.
2024-11-14 22:59:35.542 [info] GlobalState: No changes found during synchronizing ui state.
2024-11-14 22:59:35.572 [info] Extensions: No changes found during synchronizing extensions.
2024-11-14 22:59:35.572 [info] Profiles: No changes found during synchronizing profiles.
2024-11-14 22:59:35.573 [info] Sync done. Took 455ms
2024-11-14 23:04:35.568 [info] Auto Sync: Triggered by Interval
2024-11-14 23:04:35.569 [info] Sync started.
2024-11-14 23:04:35.996 [info] Settings: No changes found during synchronizing settings.
2024-11-14 23:04:36.000 [info] Keybindings: No changes found during synchronizing keybindings.
2024-11-14 23:04:36.003 [info] Snippets: No changes found during synchronizing snippets.
2024-11-14 23:04:36.005 [info] Tasks: No changes found during synchronizing tasks.
2024-11-14 23:04:36.009 [info] GlobalState: No changes found during synchronizing ui state.
2024-11-14 23:04:36.039 [info] Extensions: No changes found during synchronizing extensions.
2024-11-14 23:04:36.041 [info] Profiles: No changes found during synchronizing profiles.
2024-11-14 23:04:36.042 [info] Sync done. Took 475ms
2024-11-14 23:09:35.989 [info] Auto Sync: Triggered by Interval
2024-11-14 23:09:35.990 [info] Sync started.
2024-11-14 23:09:36.450 [info] Settings: No changes found during synchronizing settings.
2024-11-14 23:09:36.453 [info] Keybindings: No changes found during synchronizing keybindings.
2024-11-14 23:09:36.456 [info] Snippets: No changes found during synchronizing snippets.
2024-11-14 23:09:36.457 [info] Tasks: No changes found during synchronizing tasks.
2024-11-14 23:09:36.460 [info] GlobalState: No changes found during synchronizing ui state.
2024-11-14 23:09:36.491 [info] Extensions: No changes found during synchronizing extensions.
2024-11-14 23:09:36.494 [info] Profiles: No changes found during synchronizing profiles.
2024-11-14 23:09:36.494 [info] Sync done. Took 506ms
2024-11-14 23:14:36.486 [info] Auto Sync: Triggered by Interval
2024-11-14 23:14:36.487 [info] Sync started.
2024-11-14 23:14:36.919 [info] Settings: No changes found during synchronizing settings.
2024-11-14 23:14:36.921 [info] Keybindings: No changes found during synchronizing keybindings.
2024-11-14 23:14:36.923 [info] Snippets: No changes found during synchronizing snippets.
2024-11-14 23:14:36.926 [info] Tasks: No changes found during synchronizing tasks.
2024-11-14 23:14:36.930 [info] GlobalState: No changes found during synchronizing ui state.
2024-11-14 23:14:36.958 [info] Extensions: No changes found during synchronizing extensions.
2024-11-14 23:14:36.958 [info] Profiles: No changes found during synchronizing profiles.
2024-11-14 23:14:36.959 [info] Sync done. Took 473ms
2024-11-14 23:19:36.950 [info] Auto Sync: Triggered by Interval
2024-11-14 23:19:36.951 [info] Sync started.
2024-11-14 23:19:37.395 [info] Settings: No changes found during synchronizing settings.
2024-11-14 23:19:37.398 [info] Keybindings: No changes found during synchronizing keybindings.
2024-11-14 23:19:37.401 [info] Snippets: No changes found during synchronizing snippets.
2024-11-14 23:19:37.402 [info] Tasks: No changes found during synchronizing tasks.
2024-11-14 23:19:37.405 [info] GlobalState: No changes found during synchronizing ui state.
2024-11-14 23:19:37.433 [info] Extensions: No changes found during synchronizing extensions.
2024-11-14 23:19:37.433 [info] Profiles: No changes found during synchronizing profiles.
2024-11-14 23:19:37.434 [info] Sync done. Took 485ms
2024-11-14 23:24:37.440 [info] Auto Sync: Triggered by Interval
2024-11-14 23:24:37.442 [info] Sync started.
2024-11-14 23:24:37.888 [info] Settings: No changes found during synchronizing settings.
2024-11-14 23:24:37.890 [info] Keybindings: No changes found during synchronizing keybindings.
2024-11-14 23:24:37.893 [info] Snippets: No changes found during synchronizing snippets.
2024-11-14 23:24:37.895 [info] Tasks: No changes found during synchronizing tasks.
2024-11-14 23:24:37.899 [info] GlobalState: No changes found during synchronizing ui state.
2024-11-14 23:24:37.926 [info] Extensions: No changes found during synchronizing extensions.
2024-11-14 23:24:37.927 [info] Profiles: No changes found during synchronizing profiles.
2024-11-14 23:24:37.928 [info] Sync done. Took 489ms
2024-11-14 23:29:37.920 [info] Auto Sync: Triggered by Interval
2024-11-14 23:29:37.922 [info] Sync started.
2024-11-14 23:29:38.389 [info] Settings: No changes found during synchronizing settings.
2024-11-14 23:29:38.392 [info] Keybindings: No changes found during synchronizing keybindings.
2024-11-14 23:29:38.395 [info] Snippets: No changes found during synchronizing snippets.
2024-11-14 23:29:38.396 [info] Tasks: No changes found during synchronizing tasks.
2024-11-14 23:29:38.400 [info] GlobalState: No changes found during synchronizing ui state.
2024-11-14 23:29:38.428 [info] Extensions: No changes found during synchronizing extensions.
2024-11-14 23:29:38.429 [info] Profiles: No changes found during synchronizing profiles.
2024-11-14 23:29:38.429 [info] Sync done. Took 510ms
2024-11-14 23:43:41.314 [info] Auto Sync: Triggered by Interval
2024-11-14 23:43:41.315 [info] Sync started.
2024-11-14 23:43:41.725 [info] Settings: No changes found during synchronizing settings.
2024-11-14 23:43:41.729 [info] Keybindings: No changes found during synchronizing keybindings.
2024-11-14 23:43:41.732 [info] Snippets: No changes found during synchronizing snippets.
2024-11-14 23:43:41.734 [info] Tasks: No changes found during synchronizing tasks.
2024-11-14 23:43:41.738 [info] GlobalState: No changes found during synchronizing ui state.
2024-11-14 23:43:41.766 [info] Extensions: No changes found during synchronizing extensions.
2024-11-14 23:43:41.768 [info] Profiles: No changes found during synchronizing profiles.
2024-11-14 23:43:41.770 [info] Sync done. Took 458ms
2024-11-14 23:44:09.890 [info] Auto Sync: Triggered by Activity
2024-11-14 23:44:09.891 [info] Sync started.
2024-11-14 23:44:09.977 [info] Settings: No changes found during synchronizing settings.
2024-11-14 23:44:09.980 [info] Keybindings: No changes found during synchronizing keybindings.
2024-11-14 23:44:09.983 [info] Snippets: No changes found during synchronizing snippets.
2024-11-14 23:44:09.984 [info] Tasks: No changes found during synchronizing tasks.
2024-11-14 23:44:09.988 [info] GlobalState: No changes found during synchronizing ui state.
2024-11-14 23:44:10.017 [info] Extensions: No changes found during synchronizing extensions.
2024-11-14 23:44:10.020 [info] Profiles: No changes found during synchronizing profiles.
2024-11-14 23:44:10.020 [info] Sync done. Took 131ms
