2024-11-23 23:45:19.666 [info] 2024-11-23T18:15:19.564Z extension INFO  Activating extension... [
  {
    id: 'mongodb.mongodb-vscode',
    version: '1.9.3',
    mode: 'Production',
    kind: 'UI',
    extensionPath: '/Users/harshjain/.vscode/extensions/mongodb.mongodb-vscode-1.9.3',
    logPath: '/Users/harshjain/Library/Application Support/Code/logs/20241123T234516/window1/exthost/mongodb.mongodb-vscode',
    workspaceStoragePath: '/Users/harshjain/Library/Application Support/Code/User/workspaceStorage/07c49b7bc705200ef8ff6d09f26b536e/mongodb.mongodb-vscode',
    globalStoragePath: '/Users/harshjain/Library/Application Support/Code/User/globalStorage/mongodb.mongodb-vscode',
    defaultConnectionSavingLocation: 'Global',
    buildInfo: {
      nodeVersion: 'v20.18.0',
      runtimePlatform: 'darwin',
      runtimeArch: 'arm64'
    }
  }
]

2024-11-23 23:45:19.666 [info] 2024-11-23T18:15:19.566Z language server controller INFO  Creating MongoDB Language Server... [
  {
    extensionPath: '/Users/harshjain/.vscode/extensions/mongodb.mongodb-vscode-1.9.3',
    languageServer: {
      id: 'mongodbLanguageServer',
      name: 'MongoDB Language Server',
      path: '/Users/harshjain/.vscode/extensions/mongodb.mongodb-vscode-1.9.3/dist/languageServer.js',
      documentSelector: '[{"pattern":"**/*.mongodb.js"},{"pattern":"**/*.mongodb"}]'
    }
  }
]

2024-11-23 23:45:19.666 [info] 2024-11-23T18:15:19.572Z telemetry INFO  Segment analytics activated [ { anonymousId: '88f5a618-27ed-4f45-99b4-dc88067b0e53' } ]

2024-11-23 23:45:19.666 [info] 2024-11-23T18:15:19.573Z participant INFO  Chat participant created [ { participantId: 'mongodb.participant' } ]

2024-11-23 23:45:19.666 [info] 2024-11-23T18:15:19.573Z language server controller INFO  Starting the language server... []

2024-11-23 23:45:20.689 [info] 2024-11-23T18:15:20.689Z language server controller INFO  MongoDBService initialized. Sending default settings... {"extensionPath":"/Users/harshjain/.vscode/extensions/mongodb.mongodb-vscode-1.9.3","connectionId":null,"hasConnectionString":false,"hasConnectionOptions":false} []

2024-11-24 00:51:11.766 [info] 2024-11-23T19:21:11.764Z extension INFO  Deactivating extension... []

2024-11-24 00:51:11.766 [info] 2024-11-23T19:21:11.764Z connection controller INFO  Disconnect called, currently connected to [ null ]

2024-11-24 00:51:11.766 [info] 2024-11-23T19:21:11.764Z language server controller INFO  Changing MongoDBService active connection... [ { connectionId: null } ]

2024-11-24 00:51:11.766 [info] 2024-11-23T19:21:11.765Z connection controller ERROR Unable to disconnect: no active connection []

2024-11-24 00:51:11.766 [info] 2024-11-23T19:21:11.765Z connection controller INFO  Disconnect called, currently connected to [ null ]

2024-11-24 00:51:11.766 [info] 2024-11-23T19:21:11.765Z language server controller INFO  Changing MongoDBService active connection... [ { connectionId: null } ]

2024-11-24 00:51:11.766 [info] 2024-11-23T19:21:11.766Z connection controller ERROR Unable to disconnect: no active connection []

2024-11-24 00:51:11.766 [info] 2024-11-23T19:21:11.766Z language server controller INFO  Deactivating the language server... []

2024-11-24 00:51:11.766 [info] 2024-11-23T19:21:11.766Z language server controller INFO  Deactivating the language server... []

