2024-11-23 23:45:18.101 [info] Started local extension host with pid 1217.
2024-11-23 23:45:18.386 [error] [wscats.html-snippets]: Unknown language in `contributes.html-snippets.language`. Provided value: pug
2024-11-23 23:45:18.386 [error] [wscats.html-snippets]: Unknown language in `contributes.html-snippets.language`. Provided value: sass
2024-11-23 23:45:18.387 [error] [wscats.html-snippets]: Unknown language in `contributes.html-snippets.language`. Provided value: stylus
2024-11-23 23:45:18.491 [info] Settings Sync: Updating due to initialize
2024-11-23 23:45:18.491 [info] Settings Sync: Updating authentication providers. Authentication Providers from store: [{"id":"github","scopes":["user:email"]},{"id":"microsoft","scopes":["openid","profile","email","offline_access"]}]
2024-11-23 23:45:18.491 [info] Settings Sync: Authentication providers updated []
2024-11-23 23:45:18.510 [info] Settings Sync: Updating authentication providers. Authentication Providers from store: [{"id":"github","scopes":["user:email"]},{"id":"microsoft","scopes":["openid","profile","email","offline_access"]}]
2024-11-23 23:45:18.510 [info] Settings Sync: Authentication providers updated ["github"]
2024-11-23 23:45:18.510 [info] Settings Sync: Updating authentication providers. Authentication Providers from store: [{"id":"github","scopes":["user:email"]},{"id":"microsoft","scopes":["openid","profile","email","offline_access"]}]
2024-11-23 23:45:18.510 [info] Settings Sync: Authentication providers updated ["github"]
2024-11-23 23:45:18.510 [info] Settings Sync: Updating authentication providers. Authentication Providers from store: [{"id":"github","scopes":["user:email"]},{"id":"microsoft","scopes":["openid","profile","email","offline_access"]}]
2024-11-23 23:45:18.510 [info] Settings Sync: Authentication providers updated ["github","microsoft"]
2024-11-23 23:45:18.510 [info] Settings Sync: Updating authentication providers. Authentication Providers from store: [{"id":"github","scopes":["user:email"]},{"id":"microsoft","scopes":["openid","profile","email","offline_access"]}]
2024-11-23 23:45:18.510 [info] Settings Sync: Authentication providers updated ["github","microsoft"]
2024-11-23 23:45:18.569 [info] Settings Sync: Updating due to declared authentication providers changed
2024-11-23 23:45:18.569 [info] Settings Sync: Updating authentication providers. Authentication Providers from store: [{"id":"github","scopes":["user:email"]},{"id":"microsoft","scopes":["openid","profile","email","offline_access"]}]
2024-11-23 23:45:18.570 [info] Settings Sync: Authentication providers updated ["github","microsoft"]
2024-11-23 23:45:18.570 [info] Settings Sync: Updating due to declared authentication providers changed
2024-11-23 23:45:18.570 [info] Settings Sync: Updating authentication providers. Authentication Providers from store: [{"id":"github","scopes":["user:email"]},{"id":"microsoft","scopes":["openid","profile","email","offline_access"]}]
2024-11-23 23:45:18.570 [info] Settings Sync: Authentication providers updated ["github","microsoft"]
2024-11-23 23:45:19.644 [info] Settings Sync: Updating authentication providers. Authentication Providers from store: [{"id":"github","scopes":["user:email"]},{"id":"microsoft","scopes":["openid","profile","email","offline_access"]}]
2024-11-23 23:45:19.644 [info] Settings Sync: Authentication providers updated ["github","microsoft"]
2024-11-23 23:45:20.761 [info] [perf] Render performance baseline is 19ms
