2024-11-24 10:27:11.437 [info] 2024-11-24T04:57:11.423Z extension INFO  Activating extension... [
  {
    id: 'mongodb.mongodb-vscode',
    version: '1.9.3',
    mode: 'Production',
    kind: 'UI',
    extensionPath: '/Users/harshjain/.vscode/extensions/mongodb.mongodb-vscode-1.9.3',
    logPath: '/Users/harshjain/Library/Application Support/Code/logs/20241123T234516/window6/exthost/mongodb.mongodb-vscode',
    workspaceStoragePath: undefined,
    globalStoragePath: '/Users/harshjain/Library/Application Support/Code/User/globalStorage/mongodb.mongodb-vscode',
    defaultConnectionSavingLocation: 'Global',
    buildInfo: {
      nodeVersion: 'v20.18.0',
      runtimePlatform: 'darwin',
      runtimeArch: 'arm64'
    }
  }
]

2024-11-24 10:27:11.437 [info] 2024-11-24T04:57:11.424Z language server controller INFO  Creating MongoDB Language Server... [
  {
    extensionPath: '/Users/harshjain/.vscode/extensions/mongodb.mongodb-vscode-1.9.3',
    languageServer: {
      id: 'mongodbLanguageServer',
      name: 'MongoDB Language Server',
      path: '/Users/harshjain/.vscode/extensions/mongodb.mongodb-vscode-1.9.3/dist/languageServer.js',
      documentSelector: '[{"pattern":"**/*.mongodb.js"},{"pattern":"**/*.mongodb"}]'
    }
  }
]

2024-11-24 10:27:11.437 [info] 2024-11-24T04:57:11.428Z telemetry INFO  Segment analytics activated [ { anonymousId: '88f5a618-27ed-4f45-99b4-dc88067b0e53' } ]

2024-11-24 10:27:11.437 [info] 2024-11-24T04:57:11.429Z participant INFO  Chat participant created [ { participantId: 'mongodb.participant' } ]

2024-11-24 10:27:11.437 [info] 2024-11-24T04:57:11.429Z language server controller INFO  Starting the language server... []

2024-11-24 10:27:11.661 [info] 2024-11-24T04:57:11.661Z language server controller INFO  MongoDBService initialized. Sending default settings... {"extensionPath":"/Users/harshjain/.vscode/extensions/mongodb.mongodb-vscode-1.9.3","connectionId":null,"hasConnectionString":false,"hasConnectionOptions":false} []

2024-11-24 10:27:47.862 [info] 2024-11-24T04:57:47.860Z extension INFO  Deactivating extension... []

2024-11-24 10:27:47.862 [info] 2024-11-24T04:57:47.860Z connection controller INFO  Disconnect called, currently connected to [ null ]

2024-11-24 10:27:47.862 [info] 2024-11-24T04:57:47.861Z language server controller INFO  Changing MongoDBService active connection... [ { connectionId: null } ]

2024-11-24 10:27:47.862 [info] 2024-11-24T04:57:47.861Z connection controller ERROR Unable to disconnect: no active connection []

2024-11-24 10:27:47.862 [info] 2024-11-24T04:57:47.862Z connection controller INFO  Disconnect called, currently connected to [ null ]

2024-11-24 10:27:47.862 [info] 2024-11-24T04:57:47.862Z language server controller INFO  Changing MongoDBService active connection... [ { connectionId: null } ]

2024-11-24 10:27:47.862 [info] 2024-11-24T04:57:47.862Z connection controller ERROR Unable to disconnect: no active connection []

2024-11-24 10:27:47.862 [info] 2024-11-24T04:57:47.862Z language server controller INFO  Deactivating the language server... []

2024-11-24 10:27:47.862 [info] 2024-11-24T04:57:47.862Z language server controller INFO  Deactivating the language server... []

2024-11-24 10:27:49.480 [info] 2024-11-24T04:57:49.463Z extension INFO  Activating extension... [
  {
    id: 'mongodb.mongodb-vscode',
    version: '1.9.3',
    mode: 'Production',
    kind: 'UI',
    extensionPath: '/Users/harshjain/.vscode/extensions/mongodb.mongodb-vscode-1.9.3',
    logPath: '/Users/harshjain/Library/Application Support/Code/logs/20241123T234516/window6/exthost/mongodb.mongodb-vscode',
    workspaceStoragePath: '/Users/harshjain/Library/Application Support/Code/User/workspaceStorage/8d2d282697a26d097f1941c9d6ae2e36/mongodb.mongodb-vscode',
    globalStoragePath: '/Users/harshjain/Library/Application Support/Code/User/globalStorage/mongodb.mongodb-vscode',
    defaultConnectionSavingLocation: 'Global',
    buildInfo: {
      nodeVersion: 'v20.18.0',
      runtimePlatform: 'darwin',
      runtimeArch: 'arm64'
    }
  }
]

2024-11-24 10:27:49.480 [info] 2024-11-24T04:57:49.463Z language server controller INFO  Creating MongoDB Language Server... [
  {
    extensionPath: '/Users/harshjain/.vscode/extensions/mongodb.mongodb-vscode-1.9.3',
    languageServer: {
      id: 'mongodbLanguageServer',
      name: 'MongoDB Language Server',
      path: '/Users/harshjain/.vscode/extensions/mongodb.mongodb-vscode-1.9.3/dist/languageServer.js',
      documentSelector: '[{"pattern":"**/*.mongodb.js"},{"pattern":"**/*.mongodb"}]'
    }
  }
]

2024-11-24 10:27:49.480 [info] 2024-11-24T04:57:49.469Z telemetry INFO  Segment analytics activated [ { anonymousId: '88f5a618-27ed-4f45-99b4-dc88067b0e53' } ]

2024-11-24 10:27:49.480 [info] 2024-11-24T04:57:49.469Z participant INFO  Chat participant created [ { participantId: 'mongodb.participant' } ]

2024-11-24 10:27:49.480 [info] 2024-11-24T04:57:49.469Z language server controller INFO  Starting the language server... []

2024-11-24 10:27:49.714 [info] 2024-11-24T04:57:49.714Z language server controller INFO  MongoDBService initialized. Sending default settings... {"extensionPath":"/Users/harshjain/.vscode/extensions/mongodb.mongodb-vscode-1.9.3","connectionId":null,"hasConnectionString":false,"hasConnectionOptions":false} []

