2024-11-15 17:25:40.697 [info] Added views:outline in workbench.view.explorer
2024-11-15 17:25:40.697 [info] Added views:workbench.view.search in workbench.view.search
2024-11-15 17:25:40.697 [info] Added views:workbench.scm in workbench.view.scm
2024-11-15 17:25:40.697 [info] Added views:workbench.panel.output in workbench.panel.output
2024-11-15 17:25:40.697 [info] Added views:terminal in terminal
2024-11-15 17:25:40.697 [info] Added views:workbench.panel.markers.view in terminal
2024-11-15 17:25:40.697 [info] Added views:timeline in workbench.view.explorer
2024-11-15 17:25:40.697 [info] Added views:workbench.explorer.emptyView in workbench.view.explorer
2024-11-15 17:25:40.853 [info] Added views:workbench.debug.variablesView,workbench.debug.watchExpressionsView,workbench.debug.callStackView,workbench.debug.breakPointsView in workbench.view.debug
2024-11-15 17:25:40.890 [info] Added views:cph.judgeView in workbench.view.extension.cph-judge-view-container
2024-11-15 17:25:40.890 [info] Added views:mongoDBConnectionExplorer,mongoDBPlaygroundsExplorer,mongoDBHelpExplorer in workbench.view.extension.mongoDB
2024-11-15 17:25:40.910 [info] Added views:~remote.forwardedPorts in ~remote.forwardedPortsContainer
2024-11-15 17:25:41.078 [info] Added views:workbench.panel.repl.view in workbench.panel.repl
2024-11-15 17:25:41.078 [info] Removed views:workbench.debug.breakPointsView,workbench.debug.callStackView,workbench.debug.watchExpressionsView,workbench.debug.variablesView from workbench.view.debug
2024-11-15 17:25:41.078 [info] Added views:workbench.debug.welcome in workbench.view.debug
2024-11-15 18:28:36.332 [info] Added views:outline in workbench.view.explorer
2024-11-15 18:28:36.332 [info] Added views:workbench.view.search in workbench.view.search
2024-11-15 18:28:36.332 [info] Added views:workbench.scm in workbench.view.scm
2024-11-15 18:28:36.332 [info] Added views:workbench.panel.output in workbench.panel.output
2024-11-15 18:28:36.332 [info] Added views:terminal in terminal
2024-11-15 18:28:36.332 [info] Added views:workbench.panel.markers.view in terminal
2024-11-15 18:28:36.332 [info] Added views:timeline in workbench.view.explorer
2024-11-15 18:28:36.332 [info] Added views:workbench.explorer.fileView in workbench.views.service.sidebar.77827644-f02b-45ee-8839-d2e51a8965ba
2024-11-15 18:28:36.426 [info] Added views:workbench.debug.welcome in workbench.view.debug
2024-11-15 18:28:36.711 [info] Added views:cph.judgeView in workbench.view.extension.cph-judge-view-container
2024-11-15 18:28:36.711 [info] Added views:mongoDBConnectionExplorer,mongoDBPlaygroundsExplorer,mongoDBHelpExplorer in workbench.view.extension.mongoDB
2024-11-15 18:28:37.050 [info] Added views:workbench.panel.repl.view in workbench.panel.repl
2024-11-15 18:28:37.154 [info] Added views:~remote.forwardedPorts in ~remote.forwardedPortsContainer
2024-11-15 18:28:38.253 [info] Added views:workbench.scm.history in workbench.view.scm
2024-11-15 18:29:44.875 [info] Added views:npm in workbench.view.explorer
2024-11-15 19:47:39.119 [info] Removed views:workbench.scm.history from workbench.view.scm
