2024-11-24 10:27:10.643 [info] Reading sessions from keychain...
2024-11-24 10:27:10.643 [info] Getting sessions for all scopes...
2024-11-24 10:27:10.643 [info] Getting sessions for all scopes...
2024-11-24 10:27:10.643 [info] Getting sessions for all scopes...
2024-11-24 10:27:10.643 [info] Getting sessions for user:email...
2024-11-24 10:27:10.643 [info] Got stored sessions!
2024-11-24 10:27:10.644 [info] Got 2 verified sessions.
2024-11-24 10:27:10.644 [info] Got 2 sessions for ...
2024-11-24 10:27:10.644 [info] Got 2 sessions for ...
2024-11-24 10:27:10.644 [info] Got 2 sessions for ...
2024-11-24 10:27:10.644 [info] Got 1 sessions for user:email...
2024-11-24 10:27:12.703 [info] Getting sessions for all scopes...
2024-11-24 10:27:12.703 [info] Got 2 sessions for ...
2024-11-24 10:27:48.608 [info] Reading sessions from keychain...
2024-11-24 10:27:48.608 [info] Getting sessions for all scopes...
2024-11-24 10:27:48.608 [info] Getting sessions for all scopes...
2024-11-24 10:27:48.608 [info] Got stored sessions!
2024-11-24 10:27:48.608 [info] Got 2 verified sessions.
2024-11-24 10:27:48.608 [info] Got 2 sessions for ...
2024-11-24 10:27:48.608 [info] Got 2 sessions for ...
2024-11-24 10:27:48.608 [info] Getting sessions for user:email...
2024-11-24 10:27:48.608 [info] Got 1 sessions for user:email...
2024-11-24 10:27:50.648 [info] Getting sessions for all scopes...
2024-11-24 10:27:50.648 [info] Got 2 sessions for ...
