2024-11-16 15:53:24.671 [info] [main] Log level: Info
2024-11-16 15:53:24.680 [info] [main] Validating found git in: "/opt/homebrew/bin/git"
2024-11-16 15:53:24.747 [info] [main] Using git "2.47.0" from "/opt/homebrew/bin/git"
2024-11-16 15:53:24.747 [info] [Model][doInitialScan] Initial repository scan started
2024-11-16 15:53:24.749 [info] [Model][doInitialScan] Initial repository scan completed - repositories (0), closed repositories (0), parent repositories (0), unsafe repositories (0)
2024-11-16 15:53:43.140 [info] [main] Log level: Info
2024-11-16 15:53:43.140 [info] [main] Validating found git in: "/opt/homebrew/bin/git"
2024-11-16 15:53:43.173 [info] [main] Using git "2.47.0" from "/opt/homebrew/bin/git"
2024-11-16 15:53:43.173 [info] [Model][doInitialScan] Initial repository scan started
2024-11-16 15:53:43.965 [info] > git rev-parse --show-toplevel [788ms]
2024-11-16 15:53:43.969 [info] [Model][doInitialScan] Initial repository scan completed - repositories (0), closed repositories (0), parent repositories (1), unsafe repositories (0)
2024-11-16 15:53:45.127 [info] > git rev-parse --show-toplevel [12ms]
2024-11-16 15:54:24.724 [info] > git rev-parse --show-toplevel [26ms]
2024-11-16 15:55:00.723 [info] > git rev-parse --show-toplevel [20ms]
2024-11-16 15:55:00.732 [info] > git rev-parse --show-toplevel [8ms]
2024-11-16 15:55:00.740 [info] > git rev-parse --show-toplevel [7ms]
2024-11-16 15:55:00.747 [info] > git rev-parse --show-toplevel [6ms]
2024-11-16 15:55:00.755 [info] > git rev-parse --show-toplevel [6ms]
2024-11-16 15:55:00.761 [info] > git rev-parse --show-toplevel [6ms]
2024-11-16 15:55:00.768 [info] > git rev-parse --show-toplevel [6ms]
2024-11-16 15:55:00.774 [info] > git rev-parse --show-toplevel [6ms]
2024-11-16 15:55:00.781 [info] > git rev-parse --show-toplevel [5ms]
2024-11-16 15:55:00.786 [info] > git rev-parse --show-toplevel [5ms]
2024-11-16 15:55:00.792 [info] > git rev-parse --show-toplevel [5ms]
2024-11-16 15:55:00.798 [info] > git rev-parse --show-toplevel [5ms]
2024-11-16 15:55:00.804 [info] > git rev-parse --show-toplevel [5ms]
2024-11-16 15:55:00.809 [info] > git rev-parse --show-toplevel [5ms]
2024-11-16 15:55:00.815 [info] > git rev-parse --show-toplevel [5ms]
2024-11-16 15:55:22.681 [info] > git rev-parse --show-toplevel [17ms]
2024-11-16 15:55:32.704 [info] > git rev-parse --show-toplevel [22ms]
2024-11-16 16:13:23.258 [info] > git rev-parse --show-toplevel [60ms]
2024-11-16 16:32:36.467 [info] > git rev-parse --show-toplevel [31ms]
2024-11-16 16:32:39.950 [info] > git rev-parse --show-toplevel [11ms]
2024-11-16 16:32:43.755 [info] > git rev-parse --show-toplevel [10ms]
2024-11-16 16:32:47.009 [info] > git rev-parse --show-toplevel [13ms]
2024-11-16 16:33:33.675 [info] > git rev-parse --show-toplevel [31ms]
2024-11-16 16:33:39.164 [info] > git rev-parse --show-toplevel [18ms]
2024-11-16 16:33:40.833 [info] > git rev-parse --show-toplevel [11ms]
2024-11-16 16:34:11.769 [info] > git rev-parse --show-toplevel [29ms]
2024-11-16 16:35:24.743 [info] > git rev-parse --show-toplevel [65ms]
2024-11-16 16:35:41.161 [info] > git rev-parse --show-toplevel [24ms]
2024-11-16 16:35:54.470 [info] > git rev-parse --show-toplevel [14ms]
2024-11-16 17:24:57.825 [info] > git rev-parse --show-toplevel [24ms]
2024-11-16 17:25:04.719 [info] > git rev-parse --show-toplevel [9ms]
2024-11-16 17:26:06.832 [info] > git rev-parse --show-toplevel [24ms]
2024-11-16 17:28:09.428 [info] > git rev-parse --show-toplevel [16ms]
2024-11-16 17:28:09.435 [info] > git rev-parse --show-toplevel [6ms]
2024-11-16 17:28:09.442 [info] > git rev-parse --show-toplevel [6ms]
2024-11-16 17:28:09.449 [info] > git rev-parse --show-toplevel [6ms]
2024-11-16 17:28:09.455 [info] > git rev-parse --show-toplevel [6ms]
2024-11-16 17:28:09.461 [info] > git rev-parse --show-toplevel [5ms]
2024-11-16 17:28:09.467 [info] > git rev-parse --show-toplevel [5ms]
2024-11-16 17:28:09.473 [info] > git rev-parse --show-toplevel [5ms]
2024-11-16 17:28:09.479 [info] > git rev-parse --show-toplevel [5ms]
2024-11-16 17:28:09.486 [info] > git rev-parse --show-toplevel [6ms]
2024-11-16 17:28:09.493 [info] > git rev-parse --show-toplevel [6ms]
2024-11-16 17:28:09.500 [info] > git rev-parse --show-toplevel [6ms]
2024-11-16 17:28:09.507 [info] > git rev-parse --show-toplevel [7ms]
2024-11-16 17:28:09.514 [info] > git rev-parse --show-toplevel [6ms]
2024-11-16 17:28:09.522 [info] > git rev-parse --show-toplevel [7ms]
2024-11-16 17:28:09.529 [info] > git rev-parse --show-toplevel [7ms]
2024-11-16 17:28:09.536 [info] > git rev-parse --show-toplevel [6ms]
2024-11-16 17:28:09.544 [info] > git rev-parse --show-toplevel [6ms]
2024-11-16 17:28:41.969 [info] > git rev-parse --show-toplevel [44ms]
2024-11-16 17:37:10.733 [info] > git rev-parse --show-toplevel [61ms]
