2024-11-15 18:32:42.124 [info] read schema from vscode: vscode://schemas/vscode-extensions
2024-11-15 18:32:42.193 [info] read schema from vscode: vscode://schemas/toolsParameters
2024-11-15 18:32:42.193 [info] read schema from vscode: vscode://schemas/settings/configurationDefaults
2024-11-15 18:32:42.246 [info] read schema from vscode: vscode://schemas/settings/resourceLanguage
2024-11-15 18:32:42.253 [info] read schema from vscode: vscode://schemas/token-styling
2024-11-15 18:32:42.253 [info] read schema from vscode: vscode://schemas/textmate-colors
2024-11-15 18:32:42.253 [info] read schema from vscode: vscode://schemas/workbench-colors
2024-11-15 18:33:35.502 [info] schema change detected vscode://schemas/settings/configurationDefaults
2024-11-15 18:34:26.975 [info] schema change detected vscode://schemas/settings/configurationDefaults
2024-11-15 18:35:52.588 [info] read schema from vscode: vscode://schemas/vscode-extensions
2024-11-15 18:35:52.651 [info] read schema from vscode: vscode://schemas/settings/configurationDefaults
2024-11-15 18:36:23.876 [info] cancelled
2024-11-15 18:36:23.929 [info] schema change detected vscode://schemas/settings/configurationDefaults
2024-11-15 18:36:23.933 [info] read schema from vscode: vscode://schemas/vscode-extensions
2024-11-15 18:36:23.956 [info] read schema from vscode: vscode://schemas/settings/configurationDefaults
2024-11-15 18:36:24.777 [info] cancelled
2024-11-15 18:36:24.830 [info] schema change detected vscode://schemas/settings/configurationDefaults
2024-11-15 18:36:24.835 [info] read schema from vscode: vscode://schemas/vscode-extensions
2024-11-15 18:36:24.889 [info] read schema from vscode: vscode://schemas/settings/configurationDefaults
2024-11-15 18:36:25.615 [info] cancelled
2024-11-15 18:36:25.668 [info] schema change detected vscode://schemas/settings/configurationDefaults
2024-11-15 18:36:25.669 [info] read schema from vscode: vscode://schemas/vscode-extensions
2024-11-15 18:36:25.689 [info] read schema from vscode: vscode://schemas/settings/configurationDefaults
2024-11-15 18:36:43.456 [info] schema change detected vscode://schemas/settings/configurationDefaults
2024-11-15 18:36:43.457 [info] read schema from vscode: vscode://schemas/vscode-extensions
2024-11-15 18:36:43.471 [info] read schema from vscode: vscode://schemas/settings/configurationDefaults
2024-11-15 18:39:26.533 [info] schema change detected vscode://schemas/settings/configurationDefaults
2024-11-15 18:39:26.535 [info] read schema from vscode: vscode://schemas/vscode-extensions
2024-11-15 18:39:26.548 [info] read schema from vscode: vscode://schemas/settings/configurationDefaults
2024-11-15 18:39:35.652 [info] schema change detected vscode://schemas/settings/configurationDefaults
2024-11-15 18:39:35.653 [info] read schema from vscode: vscode://schemas/vscode-extensions
2024-11-15 18:39:35.664 [info] read schema from vscode: vscode://schemas/settings/configurationDefaults
2024-11-15 18:43:18.899 [info] schema change detected vscode://schemas/settings/configurationDefaults
2024-11-15 18:43:18.901 [info] read schema from vscode: vscode://schemas/vscode-extensions
2024-11-15 18:43:18.918 [info] read schema from vscode: vscode://schemas/settings/configurationDefaults
2024-11-15 18:51:12.911 [info] schema change detected vscode://schemas/settings/configurationDefaults
