2024-11-23 22:43:23.650 [info] Reading sessions from keychain...
2024-11-23 22:43:23.650 [info] Getting sessions for all scopes...
2024-11-23 22:43:23.650 [info] Getting sessions for all scopes...
2024-11-23 22:43:23.650 [info] Getting sessions for all scopes...
2024-11-23 22:43:23.650 [info] Getting sessions for user:email...
2024-11-23 22:43:23.650 [info] Got stored sessions!
2024-11-23 22:43:23.650 [info] Got 2 verified sessions.
2024-11-23 22:43:23.650 [info] Got 2 sessions for ...
2024-11-23 22:43:23.650 [info] Got 2 sessions for ...
2024-11-23 22:43:23.650 [info] Got 2 sessions for ...
2024-11-23 22:43:23.650 [info] Got 1 sessions for user:email...
2024-11-23 22:43:25.574 [info] Getting sessions for all scopes...
2024-11-23 22:43:25.574 [info] Got 2 sessions for ...
2024-11-23 22:45:07.325 [info] Reading sessions from keychain...
2024-11-23 22:45:07.325 [info] Getting sessions for all scopes...
2024-11-23 22:45:07.325 [info] Getting sessions for all scopes...
2024-11-23 22:45:07.325 [info] Getting sessions for all scopes...
2024-11-23 22:45:07.325 [info] Got stored sessions!
2024-11-23 22:45:07.325 [info] Got 2 verified sessions.
2024-11-23 22:45:07.325 [info] Got 2 sessions for ...
2024-11-23 22:45:07.325 [info] Got 2 sessions for ...
2024-11-23 22:45:07.325 [info] Got 2 sessions for ...
2024-11-23 22:45:07.325 [info] Getting sessions for user:email...
2024-11-23 22:45:07.325 [info] Got 1 sessions for user:email...
2024-11-23 22:45:09.293 [info] Getting sessions for all scopes...
2024-11-23 22:45:09.293 [info] Got 2 sessions for ...
