2024-11-24 09:57:41.967 [info] Reading sessions from keychain...
2024-11-24 09:57:41.967 [info] Getting sessions for all scopes...
2024-11-24 09:57:41.967 [info] Getting sessions for all scopes...
2024-11-24 09:57:41.967 [info] Got stored sessions!
2024-11-24 09:57:41.967 [info] Got 2 verified sessions.
2024-11-24 09:57:41.967 [info] Got 2 sessions for ...
2024-11-24 09:57:41.967 [info] Got 2 sessions for ...
2024-11-24 09:57:41.967 [info] Getting sessions for user:email...
2024-11-24 09:57:41.967 [info] Got 1 sessions for user:email...
2024-11-24 09:57:43.963 [info] Getting sessions for all scopes...
2024-11-24 09:57:43.963 [info] Got 2 sessions for ...
2024-11-24 09:57:54.276 [info] Reading sessions from keychain...
2024-11-24 09:57:54.276 [info] Getting sessions for all scopes...
2024-11-24 09:57:54.276 [info] Getting sessions for all scopes...
2024-11-24 09:57:54.276 [info] Getting sessions for user:email...
2024-11-24 09:57:54.276 [info] Getting sessions for all scopes...
2024-11-24 09:57:54.276 [info] Got stored sessions!
2024-11-24 09:57:54.276 [info] Got 2 verified sessions.
2024-11-24 09:57:54.276 [info] Got 2 sessions for ...
2024-11-24 09:57:54.276 [info] Got 2 sessions for ...
2024-11-24 09:57:54.276 [info] Got 1 sessions for user:email...
2024-11-24 09:57:54.276 [info] Got 2 sessions for ...
2024-11-24 09:57:54.276 [info] Getting sessions for user:email...
2024-11-24 09:57:54.276 [info] Got 1 sessions for user:email...
2024-11-24 09:57:54.276 [info] Getting sessions for user:email...
2024-11-24 09:57:54.276 [info] Got 1 sessions for user:email...
2024-11-24 09:57:55.907 [info] Getting sessions for all scopes...
2024-11-24 09:57:55.907 [info] Got 2 sessions for ...
