2024-11-15 11:23:00.768 [info] Reading sessions from keychain...
2024-11-15 11:23:00.768 [info] Getting sessions for all scopes...
2024-11-15 11:23:00.768 [info] Getting sessions for all scopes...
2024-11-15 11:23:00.768 [info] Getting sessions for all scopes...
2024-11-15 11:23:00.768 [info] Getting sessions for user:email...
2024-11-15 11:23:00.768 [info] Got stored sessions!
2024-11-15 11:23:00.768 [info] Got 1 verified sessions.
2024-11-15 11:23:00.768 [info] Got 1 sessions for ...
2024-11-15 11:23:00.768 [info] Got 1 sessions for ...
2024-11-15 11:23:00.768 [info] Got 1 sessions for ...
2024-11-15 11:23:00.768 [info] Got 1 sessions for user:email...
2024-11-15 11:23:02.678 [info] Getting sessions for all scopes...
2024-11-15 11:23:02.678 [info] Got 1 sessions for ...
2024-11-15 11:23:12.987 [info] Getting sessions for read:user,repo,user:email,workflow...
2024-11-15 11:23:12.987 [info] Got 0 sessions for read:user,repo,user:email,workflow...
2024-11-15 11:23:15.622 [info] Logging in with 'any' account...
2024-11-15 11:23:15.622 [info] Logging in for the following scopes: read:user repo user:email workflow
2024-11-15 11:23:15.627 [info] Trying without local server... (read:user repo user:email workflow)
2024-11-15 11:25:49.415 [info] Exchanging code for token...
2024-11-15 11:25:49.845 [info] Token exchange success!
2024-11-15 11:25:49.847 [info] Getting user info...
2024-11-15 11:25:50.355 [info] Got account info!
2024-11-15 11:25:50.357 [info] Storing 2 sessions...
2024-11-15 11:25:50.363 [info] Reading sessions from keychain...
2024-11-15 11:25:50.363 [info] Stored 2 sessions!
2024-11-15 11:25:50.363 [info] Login success!
2024-11-15 11:25:50.366 [info] Getting sessions for user:email...
2024-11-15 11:25:50.366 [info] Got stored sessions!
2024-11-15 11:25:50.366 [info] Got 2 verified sessions.
2024-11-15 11:25:50.366 [info] Got 1 sessions for user:email...
2024-11-15 11:25:50.367 [info] Getting sessions for user:email...
2024-11-15 11:25:50.367 [info] Got 1 sessions for user:email...
2024-11-15 11:41:26.383 [info] Reading sessions from keychain...
2024-11-15 11:41:26.383 [info] Getting sessions for all scopes...
2024-11-15 11:41:26.383 [info] Getting sessions for all scopes...
2024-11-15 11:41:26.383 [info] Getting sessions for all scopes...
2024-11-15 11:41:26.383 [info] Got stored sessions!
2024-11-15 11:41:26.383 [info] Got 2 verified sessions.
2024-11-15 11:41:26.383 [info] Got 2 sessions for ...
2024-11-15 11:41:26.383 [info] Got 2 sessions for ...
2024-11-15 11:41:26.383 [info] Got 2 sessions for ...
2024-11-15 11:41:26.383 [info] Getting sessions for user:email...
2024-11-15 11:41:26.383 [info] Got 1 sessions for user:email...
2024-11-15 11:41:28.223 [info] Getting sessions for all scopes...
2024-11-15 11:41:28.223 [info] Got 2 sessions for ...
