2024-11-15 17:25:41.061 [info] Extension host with pid 10863 started
2024-11-15 17:25:41.075 [info] ExtensionService#_doActivateExtension vscode.github-authentication, startup: false, activationEvent: 'onAuthenticationRequest:github'
2024-11-15 17:25:41.116 [info] ExtensionService#_doActivateExtension vscode.git-base, startup: true, activationEvent: '*', root cause: vscode.git
2024-11-15 17:25:41.118 [info] ExtensionService#_doActivateExtension DivyanshuAgrawal.competitive-programming-helper, startup: true, activationEvent: '*'
2024-11-15 17:25:41.130 [info] ExtensionService#_doActivateExtension formulahendry.auto-close-tag, startup: true, activationEvent: '*'
2024-11-15 17:25:41.131 [info] ExtensionService#_doActivateExtension formulahendry.auto-rename-tag, startup: true, activationEvent: '*'
2024-11-15 17:25:41.196 [info] ExtensionService#_doActivateExtension vscode.git, startup: true, activationEvent: '*'
2024-11-15 17:25:41.229 [info] ExtensionService#_doActivateExtension vscode.github, startup: true, activationEvent: '*'
2024-11-15 17:25:41.307 [info] Eager extensions activated
2024-11-15 17:25:41.310 [info] ExtensionService#_doActivateExtension vscode.debug-auto-launch, startup: false, activationEvent: 'onStartupFinished'
2024-11-15 17:25:41.311 [info] ExtensionService#_doActivateExtension vscode.merge-conflict, startup: false, activationEvent: 'onStartupFinished'
2024-11-15 17:25:41.321 [info] ExtensionService#_doActivateExtension bradlc.vscode-tailwindcss, startup: false, activationEvent: 'onStartupFinished'
2024-11-15 17:25:41.340 [info] ExtensionService#_doActivateExtension dsznajder.es7-react-js-snippets, startup: false, activationEvent: 'onStartupFinished'
2024-11-15 17:25:41.541 [info] ExtensionService#_doActivateExtension ecmel.vscode-html-css, startup: false, activationEvent: 'onStartupFinished'
2024-11-15 17:25:41.544 [info] ExtensionService#_doActivateExtension esbenp.prettier-vscode, startup: false, activationEvent: 'onStartupFinished'
2024-11-15 17:25:41.581 [info] ExtensionService#_doActivateExtension formulahendry.code-runner, startup: false, activationEvent: 'onStartupFinished'
2024-11-15 17:25:41.597 [info] ExtensionService#_doActivateExtension mongodb.mongodb-vscode, startup: false, activationEvent: 'onStartupFinished'
2024-11-15 17:25:42.052 [info] ExtensionService#_doActivateExtension ritwickdey.LiveServer, startup: false, activationEvent: 'onStartupFinished'
2024-11-15 18:28:35.980 [info] Extension host terminating: renderer closed the MessagePort
2024-11-15 18:28:36.004 [info] Extension host with pid 10863 exiting with code 0
2024-11-15 18:28:36.887 [info] Extension host with pid 11847 started
2024-11-15 18:28:36.887 [info] Skipping acquiring lock for /Users/harshjain/Library/Application Support/Code/User/workspaceStorage/dff04bafb62d16cddeca926f16e0d77c.
2024-11-15 18:28:37.048 [info] ExtensionService#_doActivateExtension mongodb.mongodb-vscode, startup: false, activationEvent: 'onLanguage:plaintext'
2024-11-15 18:28:37.554 [info] ExtensionService#_doActivateExtension vscode.emmet, startup: false, activationEvent: 'onLanguage'
2024-11-15 18:28:37.564 [info] ExtensionService#_doActivateExtension vscode.typescript-language-features, startup: false, activationEvent: 'onLanguage:javascript'
2024-11-15 18:28:37.589 [info] ExtensionService#_doActivateExtension dsznajder.es7-react-js-snippets, startup: false, activationEvent: 'onLanguage:javascript'
2024-11-15 18:28:37.785 [info] ExtensionService#_doActivateExtension mgmcdermott.vscode-language-babel, startup: false, activationEvent: 'onLanguage:javascript'
2024-11-15 18:28:37.878 [info] ExtensionService#_doActivateExtension vscode.github-authentication, startup: false, activationEvent: 'onAuthenticationRequest:github'
2024-11-15 18:28:38.033 [info] ExtensionService#_doActivateExtension vscode.git-base, startup: true, activationEvent: '*', root cause: vscode.git
2024-11-15 18:28:38.035 [info] ExtensionService#_doActivateExtension DivyanshuAgrawal.competitive-programming-helper, startup: true, activationEvent: '*'
2024-11-15 18:28:38.048 [info] ExtensionService#_doActivateExtension formulahendry.auto-close-tag, startup: true, activationEvent: '*'
2024-11-15 18:28:38.049 [info] ExtensionService#_doActivateExtension formulahendry.auto-rename-tag, startup: true, activationEvent: '*'
2024-11-15 18:28:38.080 [info] ExtensionService#_doActivateExtension vscode.git, startup: true, activationEvent: '*'
2024-11-15 18:28:38.113 [info] ExtensionService#_doActivateExtension vscode.github, startup: true, activationEvent: '*'
2024-11-15 18:28:38.320 [info] Eager extensions activated
2024-11-15 18:28:38.323 [info] ExtensionService#_doActivateExtension vscode.debug-auto-launch, startup: false, activationEvent: 'onStartupFinished'
2024-11-15 18:28:38.324 [info] ExtensionService#_doActivateExtension vscode.merge-conflict, startup: false, activationEvent: 'onStartupFinished'
2024-11-15 18:28:38.334 [info] ExtensionService#_doActivateExtension bradlc.vscode-tailwindcss, startup: false, activationEvent: 'onStartupFinished'
2024-11-15 18:28:38.358 [info] ExtensionService#_doActivateExtension ecmel.vscode-html-css, startup: false, activationEvent: 'onStartupFinished'
2024-11-15 18:28:38.359 [info] ExtensionService#_doActivateExtension esbenp.prettier-vscode, startup: false, activationEvent: 'onStartupFinished'
2024-11-15 18:28:38.398 [info] ExtensionService#_doActivateExtension formulahendry.code-runner, startup: false, activationEvent: 'onStartupFinished'
2024-11-15 18:28:38.415 [info] ExtensionService#_doActivateExtension ritwickdey.LiveServer, startup: false, activationEvent: 'onStartupFinished'
2024-11-15 18:29:44.848 [info] ExtensionService#_doActivateExtension vscode.npm, startup: false, activationEvent: 'onTerminalQuickFixRequest:ms-vscode.npm-command'
2024-11-15 18:29:49.885 [info] ExtensionService#_doActivateExtension vscode.configuration-editing, startup: false, activationEvent: 'onLanguage:json'
2024-11-15 18:29:49.894 [info] ExtensionService#_doActivateExtension vscode.extension-editing, startup: false, activationEvent: 'onLanguage:json'
2024-11-15 18:29:49.904 [info] ExtensionService#_doActivateExtension vscode.json-language-features, startup: false, activationEvent: 'onLanguage:json'
2024-11-15 18:33:35.195 [info] ExtensionService#_doActivateExtension vscode.markdown-language-features, startup: false, activationEvent: 'onLanguage:markdown'
2024-11-15 18:33:35.483 [info] ExtensionService#_doActivateExtension vscode.markdown-math, startup: false, activationEvent: 'api', root cause: vscode.markdown-language-features
2024-11-15 18:34:26.908 [info] ExtensionService#_doActivateExtension vscode.simple-browser, startup: false, activationEvent: 'onOpenExternalUri:https'
2024-11-15 18:51:12.543 [info] ExtensionService#_doActivateExtension vscode.html-language-features, startup: false, activationEvent: 'onLanguage:html'
2024-11-15 18:51:12.610 [info] ExtensionService#_doActivateExtension vscode.css-language-features, startup: false, activationEvent: 'onLanguage:css'
2024-11-15 19:47:39.072 [info] Extension host terminating: renderer closed the MessagePort
2024-11-15 19:47:39.135 [error] Canceled: Canceled
    at new tT (file:///Applications/Visual%20Studio%20Code-2.app/Contents/Resources/app/out/vs/workbench/api/node/extensionHostProcess.js:31:108738)
    at py.U (file:///Applications/Visual%20Studio%20Code-2.app/Contents/Resources/app/out/vs/workbench/api/node/extensionHostProcess.js:31:113348)
    at Proxy.s.<computed>.n.charCodeAt.s.<computed> (file:///Applications/Visual%20Studio%20Code-2.app/Contents/Resources/app/out/vs/workbench/api/node/extensionHostProcess.js:31:110842)
    at Y0.g (file:///Applications/Visual%20Studio%20Code-2.app/Contents/Resources/app/out/vs/workbench/api/node/extensionHostProcess.js:114:32313)
    at Y0.executeCommand (file:///Applications/Visual%20Studio%20Code-2.app/Contents/Resources/app/out/vs/workbench/api/node/extensionHostProcess.js:114:31817)
    at r.registerCommand.description (file:///Applications/Visual%20Studio%20Code-2.app/Contents/Resources/app/out/vs/workbench/api/node/extensionHostProcess.js:114:31147)
    at Y0.h (file:///Applications/Visual%20Studio%20Code-2.app/Contents/Resources/app/out/vs/workbench/api/node/extensionHostProcess.js:114:32833)
    at Y0.g (file:///Applications/Visual%20Studio%20Code-2.app/Contents/Resources/app/out/vs/workbench/api/node/extensionHostProcess.js:114:31910)
    at Y0.executeCommand (file:///Applications/Visual%20Studio%20Code-2.app/Contents/Resources/app/out/vs/workbench/api/node/extensionHostProcess.js:114:31817)
    at Object.executeCommand (file:///Applications/Visual%20Studio%20Code-2.app/Contents/Resources/app/out/vs/workbench/api/node/extensionHostProcess.js:156:37246)
    at mh.O [as value] (/Applications/Visual Studio Code-2.app/Contents/Resources/app/extensions/git/dist/main.js:2:961845)
    at D.B (file:///Applications/Visual%20Studio%20Code-2.app/Contents/Resources/app/out/vs/workbench/api/node/extensionHostProcess.js:29:746)
    at D.C (file:///Applications/Visual%20Studio%20Code-2.app/Contents/Resources/app/out/vs/workbench/api/node/extensionHostProcess.js:29:816)
    at D.fire (file:///Applications/Visual%20Studio%20Code-2.app/Contents/Resources/app/out/vs/workbench/api/node/extensionHostProcess.js:29:1033)
    at Object.p [as dispose] (/Applications/Visual Studio Code-2.app/Contents/Resources/app/extensions/git/dist/main.js:2:983333)
    at /Applications/Visual Studio Code-2.app/Contents/Resources/app/extensions/git/dist/main.js:2:989455
    at Array.forEach (<anonymous>)
    at b.dispose (/Applications/Visual Studio Code-2.app/Contents/Resources/app/extensions/git/dist/main.js:2:989441)
    at V1.<anonymous> (file:///Applications/Visual%20Studio%20Code-2.app/Contents/Resources/app/out/vs/workbench/api/node/extensionHostProcess.js:108:19994)
    at V1.dispose (file:///Applications/Visual%20Studio%20Code-2.app/Contents/Resources/app/out/vs/workbench/api/node/extensionHostProcess.js:108:20090)
    at V1.<anonymous> (/Applications/Visual Studio Code-2.app/Contents/Resources/app/extensions/git/dist/main.js:2:964255)
    at V1.dispose (file:///Applications/Visual%20Studio%20Code-2.app/Contents/Resources/app/out/vs/workbench/api/node/extensionHostProcess.js:108:20090)
    at ci (file:///Applications/Visual%20Studio%20Code-2.app/Contents/Resources/app/out/vs/workbench/api/node/extensionHostProcess.js:24:699)
    at file:///Applications/Visual%20Studio%20Code-2.app/Contents/Resources/app/out/vs/workbench/api/node/extensionHostProcess.js:118:14992
    at file:///Applications/Visual%20Studio%20Code-2.app/Contents/Resources/app/out/vs/workbench/api/node/extensionHostProcess.js:24:1009
    at Object.dispose (file:///Applications/Visual%20Studio%20Code-2.app/Contents/Resources/app/out/vs/workbench/api/node/extensionHostProcess.js:7:2146)
    at z_.eb (file:///Applications/Visual%20Studio%20Code-2.app/Contents/Resources/app/out/vs/workbench/api/node/extensionHostProcess.js:118:11919)
    at file:///Applications/Visual%20Studio%20Code-2.app/Contents/Resources/app/out/vs/workbench/api/node/extensionHostProcess.js:118:9874
    at Array.map (<anonymous>)
    at z_.$ (file:///Applications/Visual%20Studio%20Code-2.app/Contents/Resources/app/out/vs/workbench/api/node/extensionHostProcess.js:118:9862)
    at z_.terminate (file:///Applications/Visual%20Studio%20Code-2.app/Contents/Resources/app/out/vs/workbench/api/node/extensionHostProcess.js:118:10105)
    at EC.terminate (file:///Applications/Visual%20Studio%20Code-2.app/Contents/Resources/app/out/vs/workbench/api/node/extensionHostProcess.js:119:1424)
    at Zi (file:///Applications/Visual%20Studio%20Code-2.app/Contents/Resources/app/out/vs/workbench/api/node/extensionHostProcess.js:174:15063)
    at MessagePortMain.<anonymous> (file:///Applications/Visual%20Studio%20Code-2.app/Contents/Resources/app/out/vs/workbench/api/node/extensionHostProcess.js:174:11611)
    at MessagePortMain.emit (node:events:519:28)
    at Object.MessagePortMain._internalPort.emit (node:electron/js2c/utility_init:2:2949) setContext undefined
2024-11-15 19:47:39.139 [error] Canceled: Canceled
    at new tT (file:///Applications/Visual%20Studio%20Code-2.app/Contents/Resources/app/out/vs/workbench/api/node/extensionHostProcess.js:31:108738)
    at py.U (file:///Applications/Visual%20Studio%20Code-2.app/Contents/Resources/app/out/vs/workbench/api/node/extensionHostProcess.js:31:113348)
    at Proxy.s.<computed>.n.charCodeAt.s.<computed> (file:///Applications/Visual%20Studio%20Code-2.app/Contents/Resources/app/out/vs/workbench/api/node/extensionHostProcess.js:31:110842)
    at Y0.g (file:///Applications/Visual%20Studio%20Code-2.app/Contents/Resources/app/out/vs/workbench/api/node/extensionHostProcess.js:114:32313)
    at Y0.executeCommand (file:///Applications/Visual%20Studio%20Code-2.app/Contents/Resources/app/out/vs/workbench/api/node/extensionHostProcess.js:114:31817)
    at r.registerCommand.description (file:///Applications/Visual%20Studio%20Code-2.app/Contents/Resources/app/out/vs/workbench/api/node/extensionHostProcess.js:114:31147)
    at Y0.h (file:///Applications/Visual%20Studio%20Code-2.app/Contents/Resources/app/out/vs/workbench/api/node/extensionHostProcess.js:114:32833)
    at Y0.g (file:///Applications/Visual%20Studio%20Code-2.app/Contents/Resources/app/out/vs/workbench/api/node/extensionHostProcess.js:114:31910)
    at Y0.executeCommand (file:///Applications/Visual%20Studio%20Code-2.app/Contents/Resources/app/out/vs/workbench/api/node/extensionHostProcess.js:114:31817)
    at Object.executeCommand (file:///Applications/Visual%20Studio%20Code-2.app/Contents/Resources/app/out/vs/workbench/api/node/extensionHostProcess.js:156:37246)
    at a.VscodeDevShareProvider.set hasGitHubRepositories [as hasGitHubRepositories] (/Applications/Visual Studio Code-2.app/Contents/Resources/app/extensions/github/dist/extension.js:2:328633)
    at /Applications/Visual Studio Code-2.app/Contents/Resources/app/extensions/github/dist/extension.js:2:329592
    at mh.value (/Applications/Visual Studio Code-2.app/Contents/Resources/app/extensions/git/dist/main.js:2:1073936)
    at D.B (file:///Applications/Visual%20Studio%20Code-2.app/Contents/Resources/app/out/vs/workbench/api/node/extensionHostProcess.js:29:746)
    at D.C (file:///Applications/Visual%20Studio%20Code-2.app/Contents/Resources/app/out/vs/workbench/api/node/extensionHostProcess.js:29:816)
    at D.fire (file:///Applications/Visual%20Studio%20Code-2.app/Contents/Resources/app/out/vs/workbench/api/node/extensionHostProcess.js:29:1033)
    at Object.p [as dispose] (/Applications/Visual Studio Code-2.app/Contents/Resources/app/extensions/git/dist/main.js:2:983333)
    at /Applications/Visual Studio Code-2.app/Contents/Resources/app/extensions/git/dist/main.js:2:989455
    at Array.forEach (<anonymous>)
    at b.dispose (/Applications/Visual Studio Code-2.app/Contents/Resources/app/extensions/git/dist/main.js:2:989441)
    at V1.<anonymous> (file:///Applications/Visual%20Studio%20Code-2.app/Contents/Resources/app/out/vs/workbench/api/node/extensionHostProcess.js:108:19994)
    at V1.dispose (file:///Applications/Visual%20Studio%20Code-2.app/Contents/Resources/app/out/vs/workbench/api/node/extensionHostProcess.js:108:20090)
    at V1.<anonymous> (/Applications/Visual Studio Code-2.app/Contents/Resources/app/extensions/git/dist/main.js:2:964255)
    at V1.dispose (file:///Applications/Visual%20Studio%20Code-2.app/Contents/Resources/app/out/vs/workbench/api/node/extensionHostProcess.js:108:20090)
    at ci (file:///Applications/Visual%20Studio%20Code-2.app/Contents/Resources/app/out/vs/workbench/api/node/extensionHostProcess.js:24:699)
    at file:///Applications/Visual%20Studio%20Code-2.app/Contents/Resources/app/out/vs/workbench/api/node/extensionHostProcess.js:118:14992
    at file:///Applications/Visual%20Studio%20Code-2.app/Contents/Resources/app/out/vs/workbench/api/node/extensionHostProcess.js:24:1009
    at Object.dispose (file:///Applications/Visual%20Studio%20Code-2.app/Contents/Resources/app/out/vs/workbench/api/node/extensionHostProcess.js:7:2146)
    at z_.eb (file:///Applications/Visual%20Studio%20Code-2.app/Contents/Resources/app/out/vs/workbench/api/node/extensionHostProcess.js:118:11919)
    at file:///Applications/Visual%20Studio%20Code-2.app/Contents/Resources/app/out/vs/workbench/api/node/extensionHostProcess.js:118:9874
    at Array.map (<anonymous>)
    at z_.$ (file:///Applications/Visual%20Studio%20Code-2.app/Contents/Resources/app/out/vs/workbench/api/node/extensionHostProcess.js:118:9862)
    at z_.terminate (file:///Applications/Visual%20Studio%20Code-2.app/Contents/Resources/app/out/vs/workbench/api/node/extensionHostProcess.js:118:10105)
    at EC.terminate (file:///Applications/Visual%20Studio%20Code-2.app/Contents/Resources/app/out/vs/workbench/api/node/extensionHostProcess.js:119:1424)
    at Zi (file:///Applications/Visual%20Studio%20Code-2.app/Contents/Resources/app/out/vs/workbench/api/node/extensionHostProcess.js:174:15063)
    at MessagePortMain.<anonymous> (file:///Applications/Visual%20Studio%20Code-2.app/Contents/Resources/app/out/vs/workbench/api/node/extensionHostProcess.js:174:11611)
    at MessagePortMain.emit (node:events:519:28)
    at Object.MessagePortMain._internalPort.emit (node:electron/js2c/utility_init:2:2949) setContext undefined
2024-11-15 19:47:39.146 [error] Canceled: Canceled
    at new tT (file:///Applications/Visual%20Studio%20Code-2.app/Contents/Resources/app/out/vs/workbench/api/node/extensionHostProcess.js:31:108738)
    at py.U (file:///Applications/Visual%20Studio%20Code-2.app/Contents/Resources/app/out/vs/workbench/api/node/extensionHostProcess.js:31:113348)
    at Proxy.s.<computed>.n.charCodeAt.s.<computed> (file:///Applications/Visual%20Studio%20Code-2.app/Contents/Resources/app/out/vs/workbench/api/node/extensionHostProcess.js:31:110842)
    at Y0.g (file:///Applications/Visual%20Studio%20Code-2.app/Contents/Resources/app/out/vs/workbench/api/node/extensionHostProcess.js:114:32313)
    at Y0.executeCommand (file:///Applications/Visual%20Studio%20Code-2.app/Contents/Resources/app/out/vs/workbench/api/node/extensionHostProcess.js:114:31817)
    at r.registerCommand.description (file:///Applications/Visual%20Studio%20Code-2.app/Contents/Resources/app/out/vs/workbench/api/node/extensionHostProcess.js:114:31147)
    at Y0.h (file:///Applications/Visual%20Studio%20Code-2.app/Contents/Resources/app/out/vs/workbench/api/node/extensionHostProcess.js:114:32833)
    at Y0.g (file:///Applications/Visual%20Studio%20Code-2.app/Contents/Resources/app/out/vs/workbench/api/node/extensionHostProcess.js:114:31910)
    at Y0.executeCommand (file:///Applications/Visual%20Studio%20Code-2.app/Contents/Resources/app/out/vs/workbench/api/node/extensionHostProcess.js:114:31817)
    at Object.executeCommand (file:///Applications/Visual%20Studio%20Code-2.app/Contents/Resources/app/out/vs/workbench/api/node/extensionHostProcess.js:156:37246)
    at yE (/Users/harshjain/.vscode/extensions/bradlc.vscode-tailwindcss-0.12.13/dist/extension.js:40:9105)
    at Ne (/Users/harshjain/.vscode/extensions/bradlc.vscode-tailwindcss-0.12.13/dist/extension.js:4:1357)
    at me (/Users/harshjain/.vscode/extensions/bradlc.vscode-tailwindcss-0.12.13/dist/extension.js:3:6845)
    at Immediate.<anonymous> (/Users/harshjain/.vscode/extensions/bradlc.vscode-tailwindcss-0.12.13/dist/extension.js:3:6723)
    at processImmediate (node:internal/timers:483:21) setContext undefined
2024-11-15 19:47:39.148 [info] Extension host with pid 11847 exiting with code 0
