2024-11-16 15:53:24.504 [info] Reading sessions from keychain...
2024-11-16 15:53:24.504 [info] Getting sessions for all scopes...
2024-11-16 15:53:24.504 [info] Getting sessions for all scopes...
2024-11-16 15:53:24.504 [info] Getting sessions for all scopes...
2024-11-16 15:53:24.511 [info] Getting sessions for user:email...
2024-11-16 15:53:24.586 [info] Got stored sessions!
2024-11-16 15:53:24.586 [info] Got 2 verified sessions.
2024-11-16 15:53:24.586 [info] Got 2 sessions for ...
2024-11-16 15:53:24.586 [info] Got 2 sessions for ...
2024-11-16 15:53:24.586 [info] Got 2 sessions for ...
2024-11-16 15:53:24.586 [info] Got 1 sessions for user:email...
2024-11-16 15:53:26.541 [info] Getting sessions for all scopes...
2024-11-16 15:53:26.541 [info] Got 2 sessions for ...
2024-11-16 15:53:43.138 [info] Reading sessions from keychain...
2024-11-16 15:53:43.138 [info] Getting sessions for all scopes...
2024-11-16 15:53:43.138 [info] Getting sessions for all scopes...
2024-11-16 15:53:43.138 [info] Getting sessions for all scopes...
2024-11-16 15:53:43.138 [info] Got stored sessions!
2024-11-16 15:53:43.138 [info] Got 2 verified sessions.
2024-11-16 15:53:43.138 [info] Got 2 sessions for ...
2024-11-16 15:53:43.138 [info] Got 2 sessions for ...
2024-11-16 15:53:43.138 [info] Got 2 sessions for ...
2024-11-16 15:53:43.138 [info] Getting sessions for user:email...
2024-11-16 15:53:43.138 [info] Got 1 sessions for user:email...
2024-11-16 15:53:45.125 [info] Getting sessions for all scopes...
2024-11-16 15:53:45.125 [info] Got 2 sessions for ...
