2024-11-15 19:49:04.949 [info] 2024-11-15T14:19:04.928Z extension INFO  Activating extension... [
  {
    id: 'mongodb.mongodb-vscode',
    version: '1.9.3',
    mode: 'Production',
    kind: 'UI',
    extensionPath: '/Users/harshjain/.vscode/extensions/mongodb.mongodb-vscode-1.9.3',
    logPath: '/Users/harshjain/Library/Application Support/Code/logs/20241115T112259/window3/exthost/mongodb.mongodb-vscode',
    workspaceStoragePath: undefined,
    globalStoragePath: '/Users/harshjain/Library/Application Support/Code/User/globalStorage/mongodb.mongodb-vscode',
    defaultConnectionSavingLocation: 'Global',
    buildInfo: {
      nodeVersion: 'v20.18.0',
      runtimePlatform: 'darwin',
      runtimeArch: 'arm64'
    }
  }
]

2024-11-15 19:49:04.949 [info] 2024-11-15T14:19:04.929Z language server controller INFO  Creating MongoDB Language Server... [
  {
    extensionPath: '/Users/harshjain/.vscode/extensions/mongodb.mongodb-vscode-1.9.3',
    languageServer: {
      id: 'mongodbLanguageServer',
      name: 'MongoDB Language Server',
      path: '/Users/harshjain/.vscode/extensions/mongodb.mongodb-vscode-1.9.3/dist/languageServer.js',
      documentSelector: '[{"pattern":"**/*.mongodb.js"},{"pattern":"**/*.mongodb"}]'
    }
  }
]

2024-11-15 19:49:04.949 [info] 2024-11-15T14:19:04.935Z telemetry INFO  Segment analytics activated [ { anonymousId: '88f5a618-27ed-4f45-99b4-dc88067b0e53' } ]

2024-11-15 19:49:04.949 [info] 2024-11-15T14:19:04.935Z participant INFO  Chat participant created [ { participantId: 'mongodb.participant' } ]

2024-11-15 19:49:04.949 [info] 2024-11-15T14:19:04.936Z language server controller INFO  Starting the language server... []

2024-11-15 19:49:05.179 [info] 2024-11-15T14:19:05.179Z language server controller INFO  MongoDBService initialized. Sending default settings... {"extensionPath":"/Users/harshjain/.vscode/extensions/mongodb.mongodb-vscode-1.9.3","connectionId":null,"hasConnectionString":false,"hasConnectionOptions":false} []

2024-11-15 20:11:07.995 [info] 2024-11-15T14:41:07.992Z extension INFO  Deactivating extension... []

2024-11-15 20:11:07.996 [info] 2024-11-15T14:41:07.992Z connection controller INFO  Disconnect called, currently connected to [ null ]

2024-11-15 20:11:07.996 [info] 2024-11-15T14:41:07.993Z language server controller INFO  Changing MongoDBService active connection... [ { connectionId: null } ]

2024-11-15 20:11:07.996 [info] 2024-11-15T14:41:07.993Z connection controller ERROR Unable to disconnect: no active connection []

2024-11-15 20:11:07.996 [info] 2024-11-15T14:41:07.995Z connection controller INFO  Disconnect called, currently connected to [ null ]

2024-11-15 20:11:07.996 [info] 2024-11-15T14:41:07.995Z language server controller INFO  Changing MongoDBService active connection... [ { connectionId: null } ]

2024-11-15 20:11:07.996 [info] 2024-11-15T14:41:07.995Z connection controller ERROR Unable to disconnect: no active connection []

2024-11-15 20:11:07.996 [info] 2024-11-15T14:41:07.996Z language server controller INFO  Deactivating the language server... []

2024-11-15 20:11:07.996 [info] 2024-11-15T14:41:07.996Z language server controller INFO  Deactivating the language server... []

