2024-11-09 22:34:35.918 [info] Added views:outline in workbench.view.explorer
2024-11-09 22:34:35.919 [info] Added views:workbench.view.search in workbench.view.search
2024-11-09 22:34:35.919 [info] Added views:workbench.scm in workbench.view.scm
2024-11-09 22:34:35.919 [info] Added views:workbench.panel.output in workbench.panel.output
2024-11-09 22:34:35.919 [info] Added views:terminal in terminal
2024-11-09 22:34:35.919 [info] Added views:workbench.panel.markers.view in terminal
2024-11-09 22:34:35.919 [info] Added views:timeline in workbench.view.explorer
2024-11-09 22:34:35.919 [info] Added views:workbench.explorer.openEditorsView in workbench.view.explorer
2024-11-09 22:34:36.071 [info] Added views:cph.judgeView in workbench.view.extension.cph-judge-view-container
2024-11-09 22:34:36.071 [info] Added views:mongoDBConnectionExplorer,mongoDBPlaygroundsExplorer,mongoDBHelpExplorer in workbench.view.extension.mongoDB
2024-11-09 22:34:36.116 [info] Added views:workbench.debug.variablesView,workbench.debug.watchExpressionsView,workbench.debug.callStackView,workbench.debug.breakPointsView in workbench.view.debug
2024-11-09 22:34:36.137 [info] Added views:~remote.forwardedPorts in ~remote.forwardedPortsContainer
2024-11-09 22:34:36.283 [info] Added views:workbench.panel.repl.view in workbench.panel.repl
2024-11-09 22:34:36.284 [info] Removed views:workbench.debug.breakPointsView,workbench.debug.callStackView,workbench.debug.watchExpressionsView,workbench.debug.variablesView from workbench.view.debug
2024-11-09 22:34:36.284 [info] Added views:workbench.debug.welcome in workbench.view.debug
2024-11-09 23:09:35.411 [info] Added views:outline in workbench.view.explorer
2024-11-09 23:09:35.411 [info] Added views:workbench.view.search in workbench.view.search
2024-11-09 23:09:35.411 [info] Added views:workbench.scm in workbench.view.scm
2024-11-09 23:09:35.411 [info] Added views:workbench.panel.output in workbench.panel.output
2024-11-09 23:09:35.411 [info] Added views:terminal in terminal
2024-11-09 23:09:35.411 [info] Added views:workbench.panel.markers.view in terminal
2024-11-09 23:09:35.411 [info] Added views:timeline in workbench.view.explorer
2024-11-09 23:09:35.411 [info] Added views:workbench.explorer.openEditorsView in workbench.view.explorer
2024-11-09 23:09:35.451 [info] Added views:workbench.debug.welcome in workbench.view.debug
2024-11-09 23:09:35.652 [info] Added views:cph.judgeView in workbench.view.extension.cph-judge-view-container
2024-11-09 23:09:35.653 [info] Added views:mongoDBConnectionExplorer,mongoDBPlaygroundsExplorer,mongoDBHelpExplorer in workbench.view.extension.mongoDB
2024-11-09 23:09:35.677 [info] Added views:~remote.forwardedPorts in ~remote.forwardedPortsContainer
2024-11-09 23:09:35.806 [info] Added views:workbench.panel.repl.view in workbench.panel.repl
