2024-11-24 10:25:48.924 [info] 2024-11-24T04:55:48.910Z extension INFO  Activating extension... [
  {
    id: 'mongodb.mongodb-vscode',
    version: '1.9.3',
    mode: 'Production',
    kind: 'UI',
    extensionPath: '/Users/harshjain/.vscode/extensions/mongodb.mongodb-vscode-1.9.3',
    logPath: '/Users/harshjain/Library/Application Support/Code/logs/20241123T234516/window5/exthost/mongodb.mongodb-vscode',
    workspaceStoragePath: undefined,
    globalStoragePath: '/Users/harshjain/Library/Application Support/Code/User/globalStorage/mongodb.mongodb-vscode',
    defaultConnectionSavingLocation: 'Global',
    buildInfo: {
      nodeVersion: 'v20.18.0',
      runtimePlatform: 'darwin',
      runtimeArch: 'arm64'
    }
  }
]

2024-11-24 10:25:48.924 [info] 2024-11-24T04:55:48.911Z language server controller INFO  Creating MongoDB Language Server... [
  {
    extensionPath: '/Users/harshjain/.vscode/extensions/mongodb.mongodb-vscode-1.9.3',
    languageServer: {
      id: 'mongodbLanguageServer',
      name: 'MongoDB Language Server',
      path: '/Users/harshjain/.vscode/extensions/mongodb.mongodb-vscode-1.9.3/dist/languageServer.js',
      documentSelector: '[{"pattern":"**/*.mongodb.js"},{"pattern":"**/*.mongodb"}]'
    }
  }
]

2024-11-24 10:25:48.924 [info] 2024-11-24T04:55:48.916Z telemetry INFO  Segment analytics activated [ { anonymousId: '88f5a618-27ed-4f45-99b4-dc88067b0e53' } ]

2024-11-24 10:25:48.924 [info] 2024-11-24T04:55:48.916Z participant INFO  Chat participant created [ { participantId: 'mongodb.participant' } ]

2024-11-24 10:25:48.924 [info] 2024-11-24T04:55:48.917Z language server controller INFO  Starting the language server... []

2024-11-24 10:25:49.145 [info] 2024-11-24T04:55:49.145Z language server controller INFO  MongoDBService initialized. Sending default settings... {"extensionPath":"/Users/harshjain/.vscode/extensions/mongodb.mongodb-vscode-1.9.3","connectionId":null,"hasConnectionString":false,"hasConnectionOptions":false} []

2024-11-24 10:26:47.870 [info] 2024-11-24T04:56:47.867Z extension INFO  Deactivating extension... []

2024-11-24 10:26:47.870 [info] 2024-11-24T04:56:47.867Z connection controller INFO  Disconnect called, currently connected to [ null ]

2024-11-24 10:26:47.870 [info] 2024-11-24T04:56:47.867Z language server controller INFO  Changing MongoDBService active connection... [ { connectionId: null } ]

2024-11-24 10:26:47.870 [info] 2024-11-24T04:56:47.868Z connection controller ERROR Unable to disconnect: no active connection []

2024-11-24 10:26:47.870 [info] 2024-11-24T04:56:47.869Z connection controller INFO  Disconnect called, currently connected to [ null ]

2024-11-24 10:26:47.870 [info] 2024-11-24T04:56:47.869Z language server controller INFO  Changing MongoDBService active connection... [ { connectionId: null } ]

2024-11-24 10:26:47.870 [info] 2024-11-24T04:56:47.869Z connection controller ERROR Unable to disconnect: no active connection []

2024-11-24 10:26:47.870 [info] 2024-11-24T04:56:47.870Z language server controller INFO  Deactivating the language server... []

2024-11-24 10:26:47.870 [info] 2024-11-24T04:56:47.870Z language server controller INFO  Deactivating the language server... []

2024-11-24 10:26:49.079 [info] 2024-11-24T04:56:49.045Z extension INFO  Activating extension... [
  {
    id: 'mongodb.mongodb-vscode',
    version: '1.9.3',
    mode: 'Production',
    kind: 'UI',
    extensionPath: '/Users/harshjain/.vscode/extensions/mongodb.mongodb-vscode-1.9.3',
    logPath: '/Users/harshjain/Library/Application Support/Code/logs/20241123T234516/window5/exthost/mongodb.mongodb-vscode',
    workspaceStoragePath: '/Users/harshjain/Library/Application Support/Code/User/workspaceStorage/819038066b1cd244d037812ab8342aec/mongodb.mongodb-vscode',
    globalStoragePath: '/Users/harshjain/Library/Application Support/Code/User/globalStorage/mongodb.mongodb-vscode',
    defaultConnectionSavingLocation: 'Global',
    buildInfo: {
      nodeVersion: 'v20.18.0',
      runtimePlatform: 'darwin',
      runtimeArch: 'arm64'
    }
  }
]

2024-11-24 10:26:49.079 [info] 2024-11-24T04:56:49.047Z language server controller INFO  Creating MongoDB Language Server... [
  {
    extensionPath: '/Users/harshjain/.vscode/extensions/mongodb.mongodb-vscode-1.9.3',
    languageServer: {
      id: 'mongodbLanguageServer',
      name: 'MongoDB Language Server',
      path: '/Users/harshjain/.vscode/extensions/mongodb.mongodb-vscode-1.9.3/dist/languageServer.js',
      documentSelector: '[{"pattern":"**/*.mongodb.js"},{"pattern":"**/*.mongodb"}]'
    }
  }
]

2024-11-24 10:26:49.079 [info] 2024-11-24T04:56:49.052Z telemetry INFO  Segment analytics activated [ { anonymousId: '88f5a618-27ed-4f45-99b4-dc88067b0e53' } ]

2024-11-24 10:26:49.079 [info] 2024-11-24T04:56:49.053Z participant INFO  Chat participant created [ { participantId: 'mongodb.participant' } ]

2024-11-24 10:26:49.079 [info] 2024-11-24T04:56:49.053Z language server controller INFO  Starting the language server... []

2024-11-24 10:26:49.297 [info] 2024-11-24T04:56:49.297Z language server controller INFO  MongoDBService initialized. Sending default settings... {"extensionPath":"/Users/harshjain/.vscode/extensions/mongodb.mongodb-vscode-1.9.3","connectionId":null,"hasConnectionString":false,"hasConnectionOptions":false} []

2024-11-24 10:27:06.593 [info] 2024-11-24T04:57:06.591Z extension INFO  Deactivating extension... []

2024-11-24 10:27:06.594 [info] 2024-11-24T04:57:06.591Z connection controller INFO  Disconnect called, currently connected to [ null ]

2024-11-24 10:27:06.594 [info] 2024-11-24T04:57:06.592Z language server controller INFO  Changing MongoDBService active connection... [ { connectionId: null } ]

2024-11-24 10:27:06.594 [info] 2024-11-24T04:57:06.592Z connection controller ERROR Unable to disconnect: no active connection []

2024-11-24 10:27:06.594 [info] 2024-11-24T04:57:06.593Z connection controller INFO  Disconnect called, currently connected to [ null ]

2024-11-24 10:27:06.594 [info] 2024-11-24T04:57:06.593Z language server controller INFO  Changing MongoDBService active connection... [ { connectionId: null } ]

2024-11-24 10:27:06.594 [info] 2024-11-24T04:57:06.593Z connection controller ERROR Unable to disconnect: no active connection []

2024-11-24 10:27:06.594 [info] 2024-11-24T04:57:06.594Z language server controller INFO  Deactivating the language server... []

2024-11-24 10:27:06.594 [info] 2024-11-24T04:57:06.594Z language server controller INFO  Deactivating the language server... []

