2024-11-24 10:25:47.639 [info] Added views:outline in workbench.view.explorer
2024-11-24 10:25:47.639 [info] Added views:workbench.view.search in workbench.view.search
2024-11-24 10:25:47.639 [info] Added views:workbench.scm in workbench.view.scm
2024-11-24 10:25:47.639 [info] Added views:workbench.panel.output in workbench.panel.output
2024-11-24 10:25:47.639 [info] Added views:terminal in terminal
2024-11-24 10:25:47.639 [info] Added views:workbench.panel.markers.view in terminal
2024-11-24 10:25:47.639 [info] Added views:workbench.explorer.openEditorsView,workbench.explorer.emptyView in workbench.view.explorer
2024-11-24 10:25:47.775 [info] Added views:cph.judgeView in workbench.view.extension.cph-judge-view-container
2024-11-24 10:25:47.776 [info] Added views:mongoDBConnectionExplorer,mongoDBPlaygroundsExplorer,mongoDBHelpExplorer in workbench.view.extension.mongoDB
2024-11-24 10:25:47.810 [info] Added views:workbench.debug.variablesView,workbench.debug.watchExpressionsView,workbench.debug.callStackView,workbench.debug.breakPointsView in workbench.view.debug
2024-11-24 10:25:47.846 [info] Added views:~remote.forwardedPorts in ~remote.forwardedPortsContainer
2024-11-24 10:25:47.974 [info] Added views:workbench.panel.repl.view in workbench.panel.repl
2024-11-24 10:25:47.974 [info] Removed views:workbench.debug.breakPointsView,workbench.debug.callStackView,workbench.debug.watchExpressionsView,workbench.debug.variablesView from workbench.view.debug
2024-11-24 10:25:47.975 [info] Added views:workbench.debug.welcome in workbench.view.debug
2024-11-24 10:26:48.093 [info] Added views:outline in workbench.view.explorer
2024-11-24 10:26:48.093 [info] Added views:workbench.view.search in workbench.view.search
2024-11-24 10:26:48.093 [info] Added views:workbench.scm in workbench.view.scm
2024-11-24 10:26:48.093 [info] Added views:workbench.panel.output in workbench.panel.output
2024-11-24 10:26:48.093 [info] Added views:terminal in terminal
2024-11-24 10:26:48.093 [info] Added views:workbench.panel.markers.view in terminal
2024-11-24 10:26:48.093 [info] Added views:workbench.explorer.openEditorsView in workbench.view.explorer
2024-11-24 10:26:48.093 [info] Added views:workbench.explorer.fileView in workbench.views.service.sidebar.77827644-f02b-45ee-8839-d2e51a8965ba
2024-11-24 10:26:48.216 [info] Added views:workbench.debug.welcome in workbench.view.debug
2024-11-24 10:26:48.422 [info] Added views:cph.judgeView in workbench.view.extension.cph-judge-view-container
2024-11-24 10:26:48.422 [info] Added views:mongoDBConnectionExplorer,mongoDBPlaygroundsExplorer,mongoDBHelpExplorer in workbench.view.extension.mongoDB
2024-11-24 10:26:48.447 [info] Added views:~remote.forwardedPorts in ~remote.forwardedPortsContainer
2024-11-24 10:26:48.541 [info] Added views:workbench.panel.repl.view in workbench.panel.repl
2024-11-24 10:26:49.867 [info] Added views:workbench.scm.history in workbench.view.scm
2024-11-24 10:27:06.584 [info] Removed views:workbench.scm.history from workbench.view.scm
