2024-11-24 10:23:09.327 [info] Reading sessions from keychain...
2024-11-24 10:23:09.327 [info] Getting sessions for all scopes...
2024-11-24 10:23:09.327 [info] Getting sessions for all scopes...
2024-11-24 10:23:09.327 [info] Getting sessions for all scopes...
2024-11-24 10:23:09.327 [info] Got stored sessions!
2024-11-24 10:23:09.327 [info] Got 2 verified sessions.
2024-11-24 10:23:09.327 [info] Got 2 sessions for ...
2024-11-24 10:23:09.327 [info] Got 2 sessions for ...
2024-11-24 10:23:09.327 [info] Got 2 sessions for ...
2024-11-24 10:23:09.327 [info] Getting sessions for user:email...
2024-11-24 10:23:09.327 [info] Got 1 sessions for user:email...
2024-11-24 10:23:11.340 [info] Getting sessions for all scopes...
2024-11-24 10:23:11.340 [info] Got 2 sessions for ...
2024-11-24 10:23:25.226 [info] Reading sessions from keychain...
2024-11-24 10:23:25.226 [info] Getting sessions for all scopes...
2024-11-24 10:23:25.226 [info] Getting sessions for all scopes...
2024-11-24 10:23:25.226 [info] Getting sessions for user:email...
2024-11-24 10:23:25.226 [info] Getting sessions for all scopes...
2024-11-24 10:23:25.226 [info] Getting sessions for user:email...
2024-11-24 10:23:25.226 [info] Getting sessions for user:email...
2024-11-24 10:23:25.226 [info] Got stored sessions!
2024-11-24 10:23:25.226 [info] Got 2 verified sessions.
2024-11-24 10:23:25.226 [info] Got 2 sessions for ...
2024-11-24 10:23:25.226 [info] Got 2 sessions for ...
2024-11-24 10:23:25.226 [info] Got 1 sessions for user:email...
2024-11-24 10:23:25.226 [info] Got 2 sessions for ...
2024-11-24 10:23:25.226 [info] Got 1 sessions for user:email...
2024-11-24 10:23:25.226 [info] Got 1 sessions for user:email...
2024-11-24 10:23:27.098 [info] Getting sessions for all scopes...
2024-11-24 10:23:27.098 [info] Got 2 sessions for ...
2024-11-24 10:24:15.227 [info] Reading sessions from keychain...
2024-11-24 10:24:15.227 [info] Getting sessions for all scopes...
2024-11-24 10:24:15.227 [info] Getting sessions for all scopes...
2024-11-24 10:24:15.227 [info] Getting sessions for all scopes...
2024-11-24 10:24:15.227 [info] Got stored sessions!
2024-11-24 10:24:15.227 [info] Got 2 verified sessions.
2024-11-24 10:24:15.227 [info] Got 2 sessions for ...
2024-11-24 10:24:15.227 [info] Got 2 sessions for ...
2024-11-24 10:24:15.227 [info] Got 2 sessions for ...
2024-11-24 10:24:15.227 [info] Getting sessions for user:email...
2024-11-24 10:24:15.227 [info] Got 1 sessions for user:email...
2024-11-24 10:24:16.807 [info] Getting sessions for all scopes...
2024-11-24 10:24:16.807 [info] Got 2 sessions for ...
