2024-11-16 15:53:24.005 [info] Added views:outline in workbench.view.explorer
2024-11-16 15:53:24.005 [info] Added views:workbench.view.search in workbench.view.search
2024-11-16 15:53:24.005 [info] Added views:workbench.scm in workbench.view.scm
2024-11-16 15:53:24.005 [info] Added views:workbench.panel.output in workbench.panel.output
2024-11-16 15:53:24.005 [info] Added views:terminal in terminal
2024-11-16 15:53:24.005 [info] Added views:workbench.panel.markers.view in terminal
2024-11-16 15:53:24.005 [info] Added views:timeline in workbench.view.explorer
2024-11-16 15:53:24.005 [info] Added views:workbench.explorer.emptyView in workbench.view.explorer
2024-11-16 15:53:24.167 [info] Added views:workbench.debug.variablesView,workbench.debug.watchExpressionsView,workbench.debug.callStackView,workbench.debug.breakPointsView in workbench.view.debug
2024-11-16 15:53:24.203 [info] Added views:cph.judgeView in workbench.view.extension.cph-judge-view-container
2024-11-16 15:53:24.203 [info] Added views:mongoDBConnectionExplorer,mongoDBPlaygroundsExplorer,mongoDBHelpExplorer in workbench.view.extension.mongoDB
2024-11-16 15:53:24.222 [info] Added views:~remote.forwardedPorts in ~remote.forwardedPortsContainer
2024-11-16 15:53:24.462 [info] Added views:workbench.panel.repl.view in workbench.panel.repl
2024-11-16 15:53:24.463 [info] Removed views:workbench.debug.breakPointsView,workbench.debug.callStackView,workbench.debug.watchExpressionsView,workbench.debug.variablesView from workbench.view.debug
2024-11-16 15:53:24.463 [info] Added views:workbench.debug.welcome in workbench.view.debug
2024-11-16 15:53:42.608 [info] Added views:outline in workbench.view.explorer
2024-11-16 15:53:42.608 [info] Added views:workbench.view.search in workbench.view.search
2024-11-16 15:53:42.608 [info] Added views:workbench.scm in workbench.view.scm
2024-11-16 15:53:42.608 [info] Added views:workbench.panel.output in workbench.panel.output
2024-11-16 15:53:42.608 [info] Added views:terminal in terminal
2024-11-16 15:53:42.608 [info] Added views:workbench.panel.markers.view in terminal
2024-11-16 15:53:42.608 [info] Added views:timeline in workbench.view.explorer
2024-11-16 15:53:42.608 [info] Added views:workbench.explorer.fileView in workbench.views.service.sidebar.77827644-f02b-45ee-8839-d2e51a8965ba
2024-11-16 15:53:42.744 [info] Added views:workbench.debug.variablesView,workbench.debug.watchExpressionsView,workbench.debug.callStackView,workbench.debug.breakPointsView in workbench.view.debug
2024-11-16 15:53:42.773 [info] Added views:cph.judgeView in workbench.view.extension.cph-judge-view-container
2024-11-16 15:53:42.773 [info] Added views:mongoDBConnectionExplorer,mongoDBPlaygroundsExplorer,mongoDBHelpExplorer in workbench.view.extension.mongoDB
2024-11-16 15:53:42.789 [info] Added views:~remote.forwardedPorts in ~remote.forwardedPortsContainer
2024-11-16 15:53:42.968 [info] Added views:workbench.panel.repl.view in workbench.panel.repl
2024-11-16 15:53:42.968 [info] Removed views:workbench.debug.breakPointsView,workbench.debug.callStackView,workbench.debug.watchExpressionsView,workbench.debug.variablesView from workbench.view.debug
2024-11-16 15:53:42.968 [info] Added views:workbench.debug.welcome in workbench.view.debug
2024-11-16 16:21:40.583 [info] Added views:npm in workbench.view.explorer
2024-11-16 16:32:32.422 [info] Showing view workbench.explorer.openEditorsView in the container workbench.view.explorer
2024-11-16 16:32:32.430 [info] Added views:workbench.explorer.openEditorsView in workbench.view.explorer
2024-11-16 16:33:10.966 [info] Removed views:outline from workbench.view.explorer
2024-11-16 16:33:15.503 [info] Removed views:timeline from workbench.view.explorer
2024-11-16 16:33:17.692 [info] Removed views:npm from workbench.view.explorer
2024-11-16 16:34:04.020 [info] Showing view timeline in the container workbench.view.explorer
2024-11-16 16:34:04.049 [info] Added views:timeline in workbench.view.explorer
2024-11-16 16:34:18.386 [info] Showing view outline in the container workbench.view.explorer
2024-11-16 16:34:18.413 [info] Added views:outline in workbench.view.explorer
2024-11-16 16:34:25.848 [info] Removed views:outline from workbench.view.explorer
2024-11-16 16:34:27.854 [info] Showing view npm in the container workbench.view.explorer
2024-11-16 16:34:27.854 [info] Added views:npm in workbench.view.explorer
2024-11-16 16:36:28.688 [info] Removed views:timeline from workbench.view.explorer
2024-11-16 16:36:31.514 [info] Removed views:npm from workbench.view.explorer
2024-11-16 16:36:42.420 [info] Showing view outline in the container workbench.view.explorer
2024-11-16 16:36:42.448 [info] Added views:outline in workbench.view.explorer
