2024-11-15 11:23:00.150 [info] Added views:outline in workbench.view.explorer
2024-11-15 11:23:00.150 [info] Added views:workbench.view.search in workbench.view.search
2024-11-15 11:23:00.150 [info] Added views:workbench.scm in workbench.view.scm
2024-11-15 11:23:00.150 [info] Added views:workbench.panel.output in workbench.panel.output
2024-11-15 11:23:00.150 [info] Added views:terminal in terminal
2024-11-15 11:23:00.150 [info] Added views:workbench.panel.markers.view in terminal
2024-11-15 11:23:00.150 [info] Added views:timeline in workbench.view.explorer
2024-11-15 11:23:00.288 [info] Added views:workbench.debug.variablesView,workbench.debug.watchExpressionsView,workbench.debug.callStackView,workbench.debug.breakPointsView in workbench.view.debug
2024-11-15 11:23:00.317 [info] Added views:cph.judgeView in workbench.view.extension.cph-judge-view-container
2024-11-15 11:23:00.317 [info] Added views:mongoDBConnectionExplorer,mongoDBPlaygroundsExplorer,mongoDBHelpExplorer in workbench.view.extension.mongoDB
2024-11-15 11:23:00.388 [info] Added views:~remote.forwardedPorts in ~remote.forwardedPortsContainer
2024-11-15 11:23:00.582 [info] Added views:workbench.panel.repl.view in workbench.panel.repl
2024-11-15 11:23:00.582 [info] Removed views:workbench.debug.breakPointsView,workbench.debug.callStackView,workbench.debug.watchExpressionsView,workbench.debug.variablesView from workbench.view.debug
2024-11-15 11:23:00.582 [info] Added views:workbench.debug.welcome in workbench.view.debug
2024-11-15 11:41:08.703 [info] Showing view workbench.explorer.emptyView in the container workbench.view.explorer
2024-11-15 11:41:08.712 [info] Added views:workbench.explorer.emptyView in workbench.view.explorer
2024-11-15 11:41:25.705 [info] Added views:outline in workbench.view.explorer
2024-11-15 11:41:25.705 [info] Added views:workbench.view.search in workbench.view.search
2024-11-15 11:41:25.705 [info] Added views:workbench.scm in workbench.view.scm
2024-11-15 11:41:25.705 [info] Added views:workbench.panel.output in workbench.panel.output
2024-11-15 11:41:25.706 [info] Added views:terminal in terminal
2024-11-15 11:41:25.706 [info] Added views:workbench.panel.markers.view in terminal
2024-11-15 11:41:25.706 [info] Added views:timeline in workbench.view.explorer
2024-11-15 11:41:25.706 [info] Added views:workbench.explorer.fileView in workbench.views.service.sidebar.77827644-f02b-45ee-8839-d2e51a8965ba
2024-11-15 11:41:25.852 [info] Added views:workbench.debug.variablesView,workbench.debug.watchExpressionsView,workbench.debug.callStackView,workbench.debug.breakPointsView in workbench.view.debug
2024-11-15 11:41:25.884 [info] Added views:cph.judgeView in workbench.view.extension.cph-judge-view-container
2024-11-15 11:41:25.884 [info] Added views:mongoDBConnectionExplorer,mongoDBPlaygroundsExplorer,mongoDBHelpExplorer in workbench.view.extension.mongoDB
2024-11-15 11:41:25.901 [info] Added views:~remote.forwardedPorts in ~remote.forwardedPortsContainer
2024-11-15 11:41:26.214 [info] Added views:workbench.panel.repl.view in workbench.panel.repl
2024-11-15 11:41:26.214 [info] Removed views:workbench.debug.breakPointsView,workbench.debug.callStackView,workbench.debug.watchExpressionsView,workbench.debug.variablesView from workbench.view.debug
2024-11-15 11:41:26.215 [info] Added views:workbench.debug.welcome in workbench.view.debug
2024-11-15 11:41:26.446 [info] Added views:workbench.scm.history in workbench.view.scm
2024-11-15 11:41:39.422 [info] Added views:npm in workbench.view.explorer
2024-11-15 13:27:45.023 [info] Removed views:workbench.scm.history from workbench.view.scm
