2024-11-14 22:26:19.724 [info] [main] Log level: Info
2024-11-14 22:26:19.724 [info] [main] Validating found git in: "/opt/homebrew/bin/git"
2024-11-14 22:26:19.747 [info] [main] Using git "2.47.0" from "/opt/homebrew/bin/git"
2024-11-14 22:26:19.747 [info] [Model][doInitialScan] Initial repository scan started
2024-11-14 22:26:19.748 [info] [Model][doInitialScan] Initial repository scan completed - repositories (0), closed repositories (0), parent repositories (0), unsafe repositories (0)
2024-11-14 22:32:29.877 [info] [main] Log level: Info
2024-11-14 22:32:29.877 [info] [main] Validating found git in: "/opt/homebrew/bin/git"
2024-11-14 22:32:29.902 [info] [main] Using git "2.47.0" from "/opt/homebrew/bin/git"
2024-11-14 22:32:29.902 [info] [Model][doInitialScan] Initial repository scan started
2024-11-14 22:32:30.647 [info] > git rev-parse --show-toplevel [742ms]
2024-11-14 22:32:30.684 [info] > git rev-parse --show-toplevel [6ms]
2024-11-14 22:32:30.692 [info] > git rev-parse --show-toplevel [7ms]
2024-11-14 22:32:30.698 [info] > git rev-parse --show-toplevel [6ms]
2024-11-14 22:32:30.705 [info] > git rev-parse --show-toplevel [6ms]
2024-11-14 22:32:30.711 [info] > git rev-parse --show-toplevel [5ms]
2024-11-14 22:32:30.719 [info] > git rev-parse --show-toplevel [7ms]
2024-11-14 22:32:30.725 [info] > git rev-parse --show-toplevel [6ms]
2024-11-14 22:32:30.727 [info] [Model][doInitialScan] Initial repository scan completed - repositories (0), closed repositories (0), parent repositories (1), unsafe repositories (0)
2024-11-14 22:32:31.903 [info] > git rev-parse --show-toplevel [9ms]
2024-11-14 22:32:47.341 [info] > git rev-parse --show-toplevel [17ms]
2024-11-14 22:32:47.353 [info] > git rev-parse --git-dir --git-common-dir [11ms]
2024-11-14 22:32:47.360 [info] [Model][openRepository] Opened repository: /Users/harshjain/Downloads
2024-11-14 22:32:47.365 [info] [Git][getRemotes] No remotes found in the git config file
2024-11-14 22:32:47.373 [info] > git config --get commit.template [10ms]
2024-11-14 22:32:47.374 [info] > git for-each-ref --format=%(refname)%00%(upstream:short)%00%(objectname)%00%(upstream:track)%00%(upstream:remotename)%00%(upstream:remoteref) --ignore-case refs/heads/main refs/remotes/main [10ms]
2024-11-14 22:32:47.374 [warning] [Git][getBranch] No such branch: main
2024-11-14 22:32:47.384 [info] > git for-each-ref --sort -committerdate --format %(refname) %(objectname) %(*objectname) [8ms]
2024-11-14 22:32:47.542 [info] > git status -z -uall [167ms]
2024-11-14 22:32:47.547 [info] [Git][getRemotes] No remotes found in the git config file
2024-11-14 22:32:47.554 [info] > git config --get commit.template [8ms]
2024-11-14 22:32:47.555 [info] > git for-each-ref --format=%(refname)%00%(upstream:short)%00%(objectname)%00%(upstream:track)%00%(upstream:remotename)%00%(upstream:remoteref) --ignore-case refs/heads/main refs/remotes/main [8ms]
2024-11-14 22:32:47.555 [warning] [Git][getBranch] No such branch: main
2024-11-14 22:32:47.556 [info] > git for-each-ref --format=%(refname)%00%(upstream:short)%00%(objectname)%00%(upstream:track)%00%(upstream:remotename)%00%(upstream:remoteref) --ignore-case refs/heads/main refs/remotes/main [11ms]
2024-11-14 22:32:47.556 [warning] [Git][getBranch] No such branch: main
2024-11-14 22:32:47.556 [error] [GitHistoryProvider][resolveHEADMergeBase] Failed to resolve merge base for main: Error: No such branch: main.
2024-11-14 22:32:47.563 [info] > git for-each-ref --sort -committerdate --format %(refname) %(objectname) %(*objectname) [7ms]
2024-11-14 22:32:47.564 [info] > git log --format=%H%n%aN%n%aE%n%at%n%ct%n%P%n%D%n%B -z --shortstat --diff-merges=first-parent -n50 --skip=0 --topo-order --decorate=full --stdin [6ms]
2024-11-14 22:32:47.564 [info] fatal: bad revision 'refs/heads/main'
2024-11-14 22:32:47.564 [error] [GitHistoryProvider][provideHistoryItems] Failed to get history items with options '{"historyItemRefs":["refs/heads/main"],"limit":50,"skip":0}': Failed to execute git {
  "exitCode": 128,
  "gitCommand": "log",
  "stdout": "",
  "stderr": "fatal: bad revision 'refs/heads/main'\n"
}
2024-11-14 22:32:47.616 [info] > git status -z -uall [61ms]
2024-11-14 22:32:48.259 [info] > git check-ignore -v -z --stdin [17ms]
2024-11-14 22:32:50.522 [info] > git check-ignore -v -z --stdin [8ms]
2024-11-14 22:33:17.865 [info] > git check-ignore -v -z --stdin [17ms]
2024-11-14 22:34:07.977 [info] [Git][getRemotes] No remotes found in the git config file
2024-11-14 22:34:07.990 [info] > git config --get commit.template [15ms]
2024-11-14 22:34:07.991 [info] > git for-each-ref --format=%(refname)%00%(upstream:short)%00%(objectname)%00%(upstream:track)%00%(upstream:remotename)%00%(upstream:remoteref) --ignore-case refs/heads/main refs/remotes/main [14ms]
2024-11-14 22:34:07.991 [warning] [Git][getBranch] No such branch: main
2024-11-14 22:34:08.004 [info] > git for-each-ref --sort -committerdate --format %(refname) %(objectname) %(*objectname) [11ms]
2024-11-14 22:34:08.024 [info] > git status -z -uall [32ms]
2024-11-14 22:34:10.075 [info] [Git][getRemotes] No remotes found in the git config file
2024-11-14 22:34:10.089 [info] > git config --get commit.template [16ms]
2024-11-14 22:34:10.091 [info] > git for-each-ref --format=%(refname)%00%(upstream:short)%00%(objectname)%00%(upstream:track)%00%(upstream:remotename)%00%(upstream:remoteref) --ignore-case refs/heads/main refs/remotes/main [16ms]
2024-11-14 22:34:10.091 [warning] [Git][getBranch] No such branch: main
2024-11-14 22:34:10.105 [info] > git for-each-ref --sort -committerdate --format %(refname) %(objectname) %(*objectname) [12ms]
2024-11-14 22:34:10.126 [info] > git status -z -uall [34ms]
2024-11-14 22:34:32.608 [info] > git show --textconv HEAD:NLOS_Propagation_Presentation_Content.txt [10ms]
2024-11-14 22:34:32.608 [info] > git ls-tree -l HEAD -- /Users/harshjain/Downloads/NLOS_Propagation_Presentation_Content.txt [9ms]
2024-11-14 22:34:32.608 [info] fatal: Not a valid object name HEAD
2024-11-14 22:34:33.132 [info] > git check-ignore -v -z --stdin [20ms]
2024-11-14 22:34:52.358 [info] > git check-ignore -v -z --stdin [19ms]
2024-11-14 22:34:59.678 [info] > git check-ignore -v -z --stdin [17ms]
2024-11-14 22:35:05.044 [info] > git check-ignore -v -z --stdin [17ms]
2024-11-14 22:35:08.006 [info] > git check-ignore -v -z --stdin [18ms]
2024-11-14 22:35:09.640 [info] > git check-ignore -v -z --stdin [18ms]
2024-11-14 22:40:39.797 [info] [Git][getRemotes] No remotes found in the git config file
2024-11-14 22:40:39.822 [info] > git config --get commit.template [26ms]
2024-11-14 22:40:39.824 [info] > git for-each-ref --format=%(refname)%00%(upstream:short)%00%(objectname)%00%(upstream:track)%00%(upstream:remotename)%00%(upstream:remoteref) --ignore-case refs/heads/main refs/remotes/main [26ms]
2024-11-14 22:40:39.825 [warning] [Git][getBranch] No such branch: main
2024-11-14 22:40:39.837 [info] > git for-each-ref --sort -committerdate --format %(refname) %(objectname) %(*objectname) [11ms]
2024-11-14 22:40:39.859 [info] > git status -z -uall [34ms]
2024-11-14 22:41:18.983 [info] > git add -A -- . [71ms]
2024-11-14 22:41:18.983 [info] error: 'FoodPlaza/' does not have a commit checked out
fatal: adding files failed
2024-11-14 22:41:18.984 [info] [Git][getRemotes] No remotes found in the git config file
2024-11-14 22:41:18.989 [info] > git config --get commit.template [5ms]
2024-11-14 22:41:18.990 [info] > git for-each-ref --format=%(refname)%00%(upstream:short)%00%(objectname)%00%(upstream:track)%00%(upstream:remotename)%00%(upstream:remoteref) --ignore-case refs/heads/main refs/remotes/main [6ms]
2024-11-14 22:41:18.990 [warning] [Git][getBranch] No such branch: main
2024-11-14 22:41:18.996 [info] > git for-each-ref --sort -committerdate --format %(refname) %(objectname) %(*objectname) [5ms]
2024-11-14 22:41:19.008 [info] > git status -z -uall [18ms]
2024-11-14 22:41:33.865 [info] [Git][getRemotes] No remotes found in the git config file
2024-11-14 22:41:33.880 [info] > git config --get commit.template [16ms]
2024-11-14 22:41:33.881 [info] > git for-each-ref --format=%(refname)%00%(upstream:short)%00%(objectname)%00%(upstream:track)%00%(upstream:remotename)%00%(upstream:remoteref) --ignore-case refs/heads/main refs/remotes/main [15ms]
2024-11-14 22:41:33.881 [warning] [Git][getBranch] No such branch: main
2024-11-14 22:41:33.896 [info] > git for-each-ref --sort -committerdate --format %(refname) %(objectname) %(*objectname) [13ms]
2024-11-14 22:41:33.918 [info] > git status -z -uall [36ms]
2024-11-14 22:41:37.563 [info] > git check-ignore -v -z --stdin [16ms]
2024-11-14 22:42:01.474 [info] > git ls-tree -l HEAD -- /Users/harshjain/Downloads/harshjain.pdf [14ms]
2024-11-14 22:42:01.474 [info] fatal: Not a valid object name HEAD
2024-11-14 22:42:01.474 [info] > git show --textconv HEAD:harshjain.pdf [15ms]
2024-11-14 22:42:21.908 [info] > git clean -f -q -- /Users/harshjain/Downloads/VSCode-darwin-universal.zip.download/Info.plist [13ms]
2024-11-14 22:42:21.913 [info] > git clean -f -q -- /Users/harshjain/Downloads/.DS_Store /Users/harshjain/Downloads/AIST-2024-FInal-Schedule.pdf /Users/harshjain/Downloads/HarshJainNsutDjangoDeveloper.pdf /Users/harshjain/Downloads/HarshJainNsutResumee.pdf /Users/harshjain/Downloads/HarshJainNsut_DA_Resumee.pdf /Users/harshjain/Downloads/HarshJain_OWC.pdf /Users/harshjain/Downloads/Interview List_NSUT.xlsx /Users/harshjain/Downloads/Mitigating_NLOS_Effects_Slide.pptx /Users/harshjain/Downloads/NLOS_Propagation_Presentation_Content.txt /Users/harshjain/Downloads/OWC ppt.pptx /Users/harshjain/Downloads/WhatsApp Image 2024-11-12 at 9.06.45 PM.jpeg /Users/harshjain/Downloads/WhatsApp Image 2024-11-12 at 9.06.58 PM.jpeg /Users/harshjain/Downloads/WhatsApp Image 2024-11-12 at 9.08.11 PM.jpeg /Users/harshjain/Downloads/WhatsApp Image 2024-11-12 at 9.08.28 PM.jpeg /Users/harshjain/Downloads/WhatsApp Image 2024-11-12 at 9.17.25 PM.jpeg /Users/harshjain/Downloads/WhatsApp Image 2024-11-12 at 9.22.12 PM.jpeg /Users/harshjain/Downloads/WhatsApp Image 2024-11-12 at 9.26.10 PM.jpeg /Users/harshjain/Downloads/WhatsApp Image 2024-11-12 at 9.26.20 PM.jpeg /Users/harshjain/Downloads/WhatsApp Image 2024-11-12 at 9.26.28 PM.jpeg /Users/harshjain/Downloads/WhatsApp Image 2024-11-12 at 9.38.36 PM.jpeg /Users/harshjain/Downloads/WhatsApp Image 2024-11-12 at 9.38.57 PM.jpeg /Users/harshjain/Downloads/WhatsApp Image 2024-11-12 at 9.49.23 PM.jpeg /Users/harshjain/Downloads/WhatsApp Image 2024-11-12 at 9.49.33 PM.jpeg /Users/harshjain/Downloads/WhatsApp Image 2024-11-13 at 1.40.00 PM.jpeg /Users/harshjain/Downloads/WhatsApp Image 2024-11-13 at 11.04.44 AM.jpeg /Users/harshjain/Downloads/harshjain.pdf /Users/harshjain/Downloads/invite.ics [19ms]
2024-11-14 22:42:21.922 [info] > git checkout -q [8ms]
2024-11-14 22:42:21.922 [info] fatal: You are on a branch yet to be born
2024-11-14 22:42:21.923 [info] [Git][getRemotes] No remotes found in the git config file
2024-11-14 22:42:21.930 [info] > git config --get commit.template [7ms]
2024-11-14 22:42:21.930 [info] > git for-each-ref --format=%(refname)%00%(upstream:short)%00%(objectname)%00%(upstream:track)%00%(upstream:remotename)%00%(upstream:remoteref) --ignore-case refs/heads/main refs/remotes/main [7ms]
2024-11-14 22:42:21.930 [warning] [Git][getBranch] No such branch: main
2024-11-14 22:42:21.937 [info] > git for-each-ref --sort -committerdate --format %(refname) %(objectname) %(*objectname) [6ms]
2024-11-14 22:42:21.952 [info] > git status -z -uall [20ms]
2024-11-14 22:42:23.017 [info] [Git][getRemotes] No remotes found in the git config file
2024-11-14 22:42:23.033 [info] > git config --get commit.template [19ms]
2024-11-14 22:42:23.034 [info] > git for-each-ref --format=%(refname)%00%(upstream:short)%00%(objectname)%00%(upstream:track)%00%(upstream:remotename)%00%(upstream:remoteref) --ignore-case refs/heads/main refs/remotes/main [17ms]
2024-11-14 22:42:23.034 [warning] [Git][getBranch] No such branch: main
2024-11-14 22:42:23.048 [info] > git for-each-ref --sort -committerdate --format %(refname) %(objectname) %(*objectname) [12ms]
2024-11-14 22:42:23.069 [info] > git status -z -uall [34ms]
2024-11-14 22:42:58.420 [info] [Git][getRemotes] No remotes found in the git config file
2024-11-14 22:42:58.437 [info] > git config --get commit.template [18ms]
2024-11-14 22:42:58.439 [info] > git for-each-ref --format=%(refname)%00%(upstream:short)%00%(objectname)%00%(upstream:track)%00%(upstream:remotename)%00%(upstream:remoteref) --ignore-case refs/heads/main refs/remotes/main [19ms]
2024-11-14 22:42:58.439 [warning] [Git][getBranch] No such branch: main
2024-11-14 22:42:58.448 [info] > git for-each-ref --sort -committerdate --format %(refname) %(objectname) %(*objectname) [8ms]
2024-11-14 22:42:58.465 [info] > git status -z -uall [26ms]
2024-11-14 22:43:03.478 [info] [Git][getRemotes] No remotes found in the git config file
2024-11-14 22:43:03.494 [info] > git config --get commit.template [18ms]
2024-11-14 22:43:03.495 [info] > git for-each-ref --format=%(refname)%00%(upstream:short)%00%(objectname)%00%(upstream:track)%00%(upstream:remotename)%00%(upstream:remoteref) --ignore-case refs/heads/main refs/remotes/main [17ms]
2024-11-14 22:43:03.495 [warning] [Git][getBranch] No such branch: main
2024-11-14 22:43:03.509 [info] > git for-each-ref --sort -committerdate --format %(refname) %(objectname) %(*objectname) [12ms]
2024-11-14 22:43:03.530 [info] > git status -z -uall [34ms]
2024-11-14 22:43:18.541 [info] > git add -A -- /Users/harshjain/Downloads/.DS_Store [26ms]
2024-11-14 22:43:18.543 [info] [Git][getRemotes] No remotes found in the git config file
2024-11-14 22:43:18.553 [info] > git config --get commit.template [10ms]
2024-11-14 22:43:18.554 [info] > git for-each-ref --format=%(refname)%00%(upstream:short)%00%(objectname)%00%(upstream:track)%00%(upstream:remotename)%00%(upstream:remoteref) --ignore-case refs/heads/main refs/remotes/main [11ms]
2024-11-14 22:43:18.554 [warning] [Git][getBranch] No such branch: main
2024-11-14 22:43:18.565 [info] > git for-each-ref --sort -committerdate --format %(refname) %(objectname) %(*objectname) [10ms]
2024-11-14 22:43:18.583 [info] > git status -z -uall [28ms]
2024-11-14 22:43:19.788 [info] [Git][getRemotes] No remotes found in the git config file
2024-11-14 22:43:19.804 [info] > git config --get commit.template [17ms]
2024-11-14 22:43:19.805 [info] > git for-each-ref --format=%(refname)%00%(upstream:short)%00%(objectname)%00%(upstream:track)%00%(upstream:remotename)%00%(upstream:remoteref) --ignore-case refs/heads/main refs/remotes/main [17ms]
2024-11-14 22:43:19.805 [warning] [Git][getBranch] No such branch: main
2024-11-14 22:43:19.819 [info] > git for-each-ref --sort -committerdate --format %(refname) %(objectname) %(*objectname) [13ms]
2024-11-14 22:43:19.841 [info] > git status -z -uall [35ms]
2024-11-14 22:43:20.483 [info] > git branch [17ms]
2024-11-14 22:43:20.496 [info] > git rm --cached -r -- . [13ms]
2024-11-14 22:43:20.498 [info] [Git][getRemotes] No remotes found in the git config file
2024-11-14 22:43:20.507 [info] > git config --get commit.template [10ms]
2024-11-14 22:43:20.508 [info] > git for-each-ref --format=%(refname)%00%(upstream:short)%00%(objectname)%00%(upstream:track)%00%(upstream:remotename)%00%(upstream:remoteref) --ignore-case refs/heads/main refs/remotes/main [10ms]
2024-11-14 22:43:20.508 [warning] [Git][getBranch] No such branch: main
2024-11-14 22:43:20.519 [info] > git for-each-ref --sort -committerdate --format %(refname) %(objectname) %(*objectname) [10ms]
2024-11-14 22:43:20.534 [info] > git status -z -uall [25ms]
2024-11-14 22:43:24.848 [info] [Git][getRemotes] No remotes found in the git config file
2024-11-14 22:43:24.862 [info] > git config --get commit.template [14ms]
2024-11-14 22:43:24.864 [info] > git for-each-ref --format=%(refname)%00%(upstream:short)%00%(objectname)%00%(upstream:track)%00%(upstream:remotename)%00%(upstream:remoteref) --ignore-case refs/heads/main refs/remotes/main [14ms]
2024-11-14 22:43:24.864 [warning] [Git][getBranch] No such branch: main
2024-11-14 22:43:24.877 [info] > git for-each-ref --sort -committerdate --format %(refname) %(objectname) %(*objectname) [12ms]
2024-11-14 22:43:24.897 [info] > git status -z -uall [32ms]
2024-11-14 22:44:31.049 [info] [Git][getRemotes] No remotes found in the git config file
2024-11-14 22:44:31.064 [info] > git config --get commit.template [16ms]
2024-11-14 22:44:31.065 [info] > git for-each-ref --format=%(refname)%00%(upstream:short)%00%(objectname)%00%(upstream:track)%00%(upstream:remotename)%00%(upstream:remoteref) --ignore-case refs/heads/main refs/remotes/main [15ms]
2024-11-14 22:44:31.065 [warning] [Git][getBranch] No such branch: main
2024-11-14 22:44:31.073 [info] > git for-each-ref --sort -committerdate --format %(refname) %(objectname) %(*objectname) [6ms]
2024-11-14 22:44:31.090 [info] > git status -z -uall [24ms]
2024-11-14 22:44:36.101 [info] [Git][getRemotes] No remotes found in the git config file
2024-11-14 22:44:36.120 [info] > git config --get commit.template [21ms]
2024-11-14 22:44:36.121 [info] > git for-each-ref --format=%(refname)%00%(upstream:short)%00%(objectname)%00%(upstream:track)%00%(upstream:remotename)%00%(upstream:remoteref) --ignore-case refs/heads/main refs/remotes/main [20ms]
2024-11-14 22:44:36.121 [warning] [Git][getBranch] No such branch: main
2024-11-14 22:44:36.136 [info] > git for-each-ref --sort -committerdate --format %(refname) %(objectname) %(*objectname) [13ms]
2024-11-14 22:44:36.157 [info] > git status -z -uall [35ms]
2024-11-14 22:50:16.797 [info] > git add -A -- . [38ms]
2024-11-14 22:50:16.797 [info] error: 'FoodPlaza/' does not have a commit checked out
fatal: adding files failed
2024-11-14 22:50:16.798 [info] [Git][getRemotes] No remotes found in the git config file
2024-11-14 22:50:16.804 [info] > git config --get commit.template [6ms]
2024-11-14 22:50:16.804 [info] > git for-each-ref --format=%(refname)%00%(upstream:short)%00%(objectname)%00%(upstream:track)%00%(upstream:remotename)%00%(upstream:remoteref) --ignore-case refs/heads/main refs/remotes/main [6ms]
2024-11-14 22:50:16.804 [warning] [Git][getBranch] No such branch: main
2024-11-14 22:50:16.811 [info] > git for-each-ref --sort -committerdate --format %(refname) %(objectname) %(*objectname) [6ms]
2024-11-14 22:50:16.823 [info] > git status -z -uall [18ms]
2024-11-14 23:45:28.758 [info] > git add -A -- . [42ms]
2024-11-14 23:45:28.758 [info] error: 'FoodPlaza/' does not have a commit checked out
fatal: adding files failed
2024-11-14 23:45:28.759 [info] [Git][getRemotes] No remotes found in the git config file
2024-11-14 23:45:28.765 [info] > git config --get commit.template [6ms]
2024-11-14 23:45:28.766 [info] > git for-each-ref --format=%(refname)%00%(upstream:short)%00%(objectname)%00%(upstream:track)%00%(upstream:remotename)%00%(upstream:remoteref) --ignore-case refs/heads/main refs/remotes/main [7ms]
2024-11-14 23:45:28.766 [warning] [Git][getBranch] No such branch: main
2024-11-14 23:45:28.773 [info] > git for-each-ref --sort -committerdate --format %(refname) %(objectname) %(*objectname) [6ms]
2024-11-14 23:45:28.786 [info] > git status -z -uall [20ms]
2024-11-14 23:45:40.973 [info] > git check-ignore -v -z --stdin [19ms]
