2024-11-23 23:45:19.600 [info] Extension host with pid 1217 started
2024-11-23 23:45:19.600 [info] Skipping acquiring lock for /Users/harshjain/Library/Application Support/Code/User/workspaceStorage/07c49b7bc705200ef8ff6d09f26b536e.
2024-11-23 23:45:19.600 [info] ExtensionService#_doActivateExtension mongodb.mongodb-vscode, startup: false, activationEvent: 'onLanguage:plaintext'
2024-11-23 23:45:19.600 [info] ExtensionService#_doActivateExtension vscode.emmet, startup: false, activationEvent: 'onLanguage'
2024-11-23 23:45:19.600 [info] ExtensionService#_doActivateExtension vscode.github-authentication, startup: false, activationEvent: 'onAuthenticationRequest:github'
2024-11-23 23:45:19.703 [info] ExtensionService#_doActivateExtension vscode.git-base, startup: true, activationEvent: '*', root cause: vscode.git
2024-11-23 23:45:19.705 [info] ExtensionService#_doActivateExtension DivyanshuAgrawal.competitive-programming-helper, startup: true, activationEvent: '*'
2024-11-23 23:45:19.718 [info] ExtensionService#_doActivateExtension formulahendry.auto-close-tag, startup: true, activationEvent: '*'
2024-11-23 23:45:19.719 [info] ExtensionService#_doActivateExtension formulahendry.auto-rename-tag, startup: true, activationEvent: '*'
2024-11-23 23:45:19.781 [info] ExtensionService#_doActivateExtension vscode.npm, startup: true, activationEvent: 'workspaceContains:package.json'
2024-11-23 23:45:19.807 [info] ExtensionService#_doActivateExtension vscode.git, startup: true, activationEvent: '*'
2024-11-23 23:45:19.841 [info] ExtensionService#_doActivateExtension vscode.github, startup: true, activationEvent: '*'
2024-11-23 23:45:20.182 [info] Eager extensions activated
2024-11-23 23:45:20.183 [info] ExtensionService#_doActivateExtension vscode.debug-auto-launch, startup: false, activationEvent: 'onStartupFinished'
2024-11-23 23:45:20.184 [info] ExtensionService#_doActivateExtension vscode.merge-conflict, startup: false, activationEvent: 'onStartupFinished'
2024-11-23 23:45:20.194 [info] ExtensionService#_doActivateExtension bradlc.vscode-tailwindcss, startup: false, activationEvent: 'onStartupFinished'
2024-11-23 23:45:20.217 [info] ExtensionService#_doActivateExtension dsznajder.es7-react-js-snippets, startup: false, activationEvent: 'onStartupFinished'
2024-11-23 23:45:20.546 [info] ExtensionService#_doActivateExtension ecmel.vscode-html-css, startup: false, activationEvent: 'onStartupFinished'
2024-11-23 23:45:20.547 [info] ExtensionService#_doActivateExtension esbenp.prettier-vscode, startup: false, activationEvent: 'onStartupFinished'
2024-11-23 23:45:20.589 [info] ExtensionService#_doActivateExtension formulahendry.code-runner, startup: false, activationEvent: 'onStartupFinished'
2024-11-23 23:45:20.607 [info] ExtensionService#_doActivateExtension ritwickdey.LiveServer, startup: false, activationEvent: 'onStartupFinished'
2024-11-23 23:45:20.735 [info] ExtensionService#_doActivateExtension vscode.configuration-editing, startup: false, activationEvent: 'onLanguage:jsonc'
2024-11-23 23:45:20.742 [info] ExtensionService#_doActivateExtension vscode.json-language-features, startup: false, activationEvent: 'onLanguage:jsonc'
2024-11-23 23:45:20.772 [info] ExtensionService#_doActivateExtension vscode.typescript-language-features, startup: false, activationEvent: 'onLanguage:jsonc'
2024-11-23 23:45:20.891 [warning] [Decorations] CAPPING events from decorations provider vscode.git 1864
2024-11-23 23:45:21.108 [warning] [Decorations] CAPPING events from decorations provider vscode.git 1864
2024-11-23 23:45:25.842 [info] ExtensionService#_doActivateExtension vscode.extension-editing, startup: false, activationEvent: 'onLanguage:json'
2024-11-24 00:51:09.720 [warning] [Decorations] CAPPING events from decorations provider vscode.git 1864
2024-11-24 00:51:10.824 [warning] [Decorations] CAPPING events from decorations provider vscode.git 1864
2024-11-24 00:51:11.750 [info] Extension host terminating: renderer closed the MessagePort
2024-11-24 00:51:11.773 [error] Canceled: Canceled
    at new tT (file:///Applications/Visual%20Studio%20Code-2.app/Contents/Resources/app/out/vs/workbench/api/node/extensionHostProcess.js:31:108738)
    at py.U (file:///Applications/Visual%20Studio%20Code-2.app/Contents/Resources/app/out/vs/workbench/api/node/extensionHostProcess.js:31:113348)
    at Proxy.s.<computed>.n.charCodeAt.s.<computed> (file:///Applications/Visual%20Studio%20Code-2.app/Contents/Resources/app/out/vs/workbench/api/node/extensionHostProcess.js:31:110842)
    at Y0.g (file:///Applications/Visual%20Studio%20Code-2.app/Contents/Resources/app/out/vs/workbench/api/node/extensionHostProcess.js:114:32313)
    at Y0.executeCommand (file:///Applications/Visual%20Studio%20Code-2.app/Contents/Resources/app/out/vs/workbench/api/node/extensionHostProcess.js:114:31817)
    at r.registerCommand.description (file:///Applications/Visual%20Studio%20Code-2.app/Contents/Resources/app/out/vs/workbench/api/node/extensionHostProcess.js:114:31147)
    at Y0.h (file:///Applications/Visual%20Studio%20Code-2.app/Contents/Resources/app/out/vs/workbench/api/node/extensionHostProcess.js:114:32833)
    at Y0.g (file:///Applications/Visual%20Studio%20Code-2.app/Contents/Resources/app/out/vs/workbench/api/node/extensionHostProcess.js:114:31910)
    at Y0.executeCommand (file:///Applications/Visual%20Studio%20Code-2.app/Contents/Resources/app/out/vs/workbench/api/node/extensionHostProcess.js:114:31817)
    at Object.executeCommand (file:///Applications/Visual%20Studio%20Code-2.app/Contents/Resources/app/out/vs/workbench/api/node/extensionHostProcess.js:156:37246)
    at mh.O [as value] (/Applications/Visual Studio Code-2.app/Contents/Resources/app/extensions/git/dist/main.js:2:961845)
    at D.B (file:///Applications/Visual%20Studio%20Code-2.app/Contents/Resources/app/out/vs/workbench/api/node/extensionHostProcess.js:29:746)
    at D.C (file:///Applications/Visual%20Studio%20Code-2.app/Contents/Resources/app/out/vs/workbench/api/node/extensionHostProcess.js:29:816)
    at D.fire (file:///Applications/Visual%20Studio%20Code-2.app/Contents/Resources/app/out/vs/workbench/api/node/extensionHostProcess.js:29:1033)
    at Object.p [as dispose] (/Applications/Visual Studio Code-2.app/Contents/Resources/app/extensions/git/dist/main.js:2:983333)
    at /Applications/Visual Studio Code-2.app/Contents/Resources/app/extensions/git/dist/main.js:2:989455
    at Array.forEach (<anonymous>)
    at b.dispose (/Applications/Visual Studio Code-2.app/Contents/Resources/app/extensions/git/dist/main.js:2:989441)
    at V1.<anonymous> (file:///Applications/Visual%20Studio%20Code-2.app/Contents/Resources/app/out/vs/workbench/api/node/extensionHostProcess.js:108:19994)
    at V1.dispose (file:///Applications/Visual%20Studio%20Code-2.app/Contents/Resources/app/out/vs/workbench/api/node/extensionHostProcess.js:108:20090)
    at V1.<anonymous> (/Applications/Visual Studio Code-2.app/Contents/Resources/app/extensions/git/dist/main.js:2:964255)
    at V1.dispose (file:///Applications/Visual%20Studio%20Code-2.app/Contents/Resources/app/out/vs/workbench/api/node/extensionHostProcess.js:108:20090)
    at ci (file:///Applications/Visual%20Studio%20Code-2.app/Contents/Resources/app/out/vs/workbench/api/node/extensionHostProcess.js:24:699)
    at file:///Applications/Visual%20Studio%20Code-2.app/Contents/Resources/app/out/vs/workbench/api/node/extensionHostProcess.js:118:14992
    at file:///Applications/Visual%20Studio%20Code-2.app/Contents/Resources/app/out/vs/workbench/api/node/extensionHostProcess.js:24:1009
    at Object.dispose (file:///Applications/Visual%20Studio%20Code-2.app/Contents/Resources/app/out/vs/workbench/api/node/extensionHostProcess.js:7:2146)
    at z_.eb (file:///Applications/Visual%20Studio%20Code-2.app/Contents/Resources/app/out/vs/workbench/api/node/extensionHostProcess.js:118:11919)
    at file:///Applications/Visual%20Studio%20Code-2.app/Contents/Resources/app/out/vs/workbench/api/node/extensionHostProcess.js:118:9874
    at Array.map (<anonymous>)
    at z_.$ (file:///Applications/Visual%20Studio%20Code-2.app/Contents/Resources/app/out/vs/workbench/api/node/extensionHostProcess.js:118:9862)
    at z_.terminate (file:///Applications/Visual%20Studio%20Code-2.app/Contents/Resources/app/out/vs/workbench/api/node/extensionHostProcess.js:118:10105)
    at EC.terminate (file:///Applications/Visual%20Studio%20Code-2.app/Contents/Resources/app/out/vs/workbench/api/node/extensionHostProcess.js:119:1424)
    at Zi (file:///Applications/Visual%20Studio%20Code-2.app/Contents/Resources/app/out/vs/workbench/api/node/extensionHostProcess.js:174:15084)
    at MessagePortMain.<anonymous> (file:///Applications/Visual%20Studio%20Code-2.app/Contents/Resources/app/out/vs/workbench/api/node/extensionHostProcess.js:174:11632)
    at MessagePortMain.emit (node:events:519:28)
    at Object.MessagePortMain._internalPort.emit (node:electron/js2c/utility_init:2:2949) setContext undefined
2024-11-24 00:51:11.775 [error] Canceled: Canceled
    at new tT (file:///Applications/Visual%20Studio%20Code-2.app/Contents/Resources/app/out/vs/workbench/api/node/extensionHostProcess.js:31:108738)
    at py.U (file:///Applications/Visual%20Studio%20Code-2.app/Contents/Resources/app/out/vs/workbench/api/node/extensionHostProcess.js:31:113348)
    at Proxy.s.<computed>.n.charCodeAt.s.<computed> (file:///Applications/Visual%20Studio%20Code-2.app/Contents/Resources/app/out/vs/workbench/api/node/extensionHostProcess.js:31:110842)
    at Y0.g (file:///Applications/Visual%20Studio%20Code-2.app/Contents/Resources/app/out/vs/workbench/api/node/extensionHostProcess.js:114:32313)
    at Y0.executeCommand (file:///Applications/Visual%20Studio%20Code-2.app/Contents/Resources/app/out/vs/workbench/api/node/extensionHostProcess.js:114:31817)
    at r.registerCommand.description (file:///Applications/Visual%20Studio%20Code-2.app/Contents/Resources/app/out/vs/workbench/api/node/extensionHostProcess.js:114:31147)
    at Y0.h (file:///Applications/Visual%20Studio%20Code-2.app/Contents/Resources/app/out/vs/workbench/api/node/extensionHostProcess.js:114:32833)
    at Y0.g (file:///Applications/Visual%20Studio%20Code-2.app/Contents/Resources/app/out/vs/workbench/api/node/extensionHostProcess.js:114:31910)
    at Y0.executeCommand (file:///Applications/Visual%20Studio%20Code-2.app/Contents/Resources/app/out/vs/workbench/api/node/extensionHostProcess.js:114:31817)
    at Object.executeCommand (file:///Applications/Visual%20Studio%20Code-2.app/Contents/Resources/app/out/vs/workbench/api/node/extensionHostProcess.js:156:37246)
    at a.VscodeDevShareProvider.set hasGitHubRepositories [as hasGitHubRepositories] (/Applications/Visual Studio Code-2.app/Contents/Resources/app/extensions/github/dist/extension.js:2:328633)
    at /Applications/Visual Studio Code-2.app/Contents/Resources/app/extensions/github/dist/extension.js:2:329592
    at mh.value (/Applications/Visual Studio Code-2.app/Contents/Resources/app/extensions/git/dist/main.js:2:1073936)
    at D.B (file:///Applications/Visual%20Studio%20Code-2.app/Contents/Resources/app/out/vs/workbench/api/node/extensionHostProcess.js:29:746)
    at D.C (file:///Applications/Visual%20Studio%20Code-2.app/Contents/Resources/app/out/vs/workbench/api/node/extensionHostProcess.js:29:816)
    at D.fire (file:///Applications/Visual%20Studio%20Code-2.app/Contents/Resources/app/out/vs/workbench/api/node/extensionHostProcess.js:29:1033)
    at Object.p [as dispose] (/Applications/Visual Studio Code-2.app/Contents/Resources/app/extensions/git/dist/main.js:2:983333)
    at /Applications/Visual Studio Code-2.app/Contents/Resources/app/extensions/git/dist/main.js:2:989455
    at Array.forEach (<anonymous>)
    at b.dispose (/Applications/Visual Studio Code-2.app/Contents/Resources/app/extensions/git/dist/main.js:2:989441)
    at V1.<anonymous> (file:///Applications/Visual%20Studio%20Code-2.app/Contents/Resources/app/out/vs/workbench/api/node/extensionHostProcess.js:108:19994)
    at V1.dispose (file:///Applications/Visual%20Studio%20Code-2.app/Contents/Resources/app/out/vs/workbench/api/node/extensionHostProcess.js:108:20090)
    at V1.<anonymous> (/Applications/Visual Studio Code-2.app/Contents/Resources/app/extensions/git/dist/main.js:2:964255)
    at V1.dispose (file:///Applications/Visual%20Studio%20Code-2.app/Contents/Resources/app/out/vs/workbench/api/node/extensionHostProcess.js:108:20090)
    at ci (file:///Applications/Visual%20Studio%20Code-2.app/Contents/Resources/app/out/vs/workbench/api/node/extensionHostProcess.js:24:699)
    at file:///Applications/Visual%20Studio%20Code-2.app/Contents/Resources/app/out/vs/workbench/api/node/extensionHostProcess.js:118:14992
    at file:///Applications/Visual%20Studio%20Code-2.app/Contents/Resources/app/out/vs/workbench/api/node/extensionHostProcess.js:24:1009
    at Object.dispose (file:///Applications/Visual%20Studio%20Code-2.app/Contents/Resources/app/out/vs/workbench/api/node/extensionHostProcess.js:7:2146)
    at z_.eb (file:///Applications/Visual%20Studio%20Code-2.app/Contents/Resources/app/out/vs/workbench/api/node/extensionHostProcess.js:118:11919)
    at file:///Applications/Visual%20Studio%20Code-2.app/Contents/Resources/app/out/vs/workbench/api/node/extensionHostProcess.js:118:9874
    at Array.map (<anonymous>)
    at z_.$ (file:///Applications/Visual%20Studio%20Code-2.app/Contents/Resources/app/out/vs/workbench/api/node/extensionHostProcess.js:118:9862)
    at z_.terminate (file:///Applications/Visual%20Studio%20Code-2.app/Contents/Resources/app/out/vs/workbench/api/node/extensionHostProcess.js:118:10105)
    at EC.terminate (file:///Applications/Visual%20Studio%20Code-2.app/Contents/Resources/app/out/vs/workbench/api/node/extensionHostProcess.js:119:1424)
    at Zi (file:///Applications/Visual%20Studio%20Code-2.app/Contents/Resources/app/out/vs/workbench/api/node/extensionHostProcess.js:174:15084)
    at MessagePortMain.<anonymous> (file:///Applications/Visual%20Studio%20Code-2.app/Contents/Resources/app/out/vs/workbench/api/node/extensionHostProcess.js:174:11632)
    at MessagePortMain.emit (node:events:519:28)
    at Object.MessagePortMain._internalPort.emit (node:electron/js2c/utility_init:2:2949) setContext undefined
2024-11-24 00:51:11.776 [info] Extension host with pid 1217 exiting with code 0
