2024-11-24 10:24:34.482 [info] 2024-11-24T04:54:34.468Z extension INFO  Activating extension... [
  {
    id: 'mongodb.mongodb-vscode',
    version: '1.9.3',
    mode: 'Production',
    kind: 'UI',
    extensionPath: '/Users/harshjain/.vscode/extensions/mongodb.mongodb-vscode-1.9.3',
    logPath: '/Users/harshjain/Library/Application Support/Code/logs/20241123T234516/window4/exthost/mongodb.mongodb-vscode',
    workspaceStoragePath: undefined,
    globalStoragePath: '/Users/harshjain/Library/Application Support/Code/User/globalStorage/mongodb.mongodb-vscode',
    defaultConnectionSavingLocation: 'Global',
    buildInfo: {
      nodeVersion: 'v20.18.0',
      runtimePlatform: 'darwin',
      runtimeArch: 'arm64'
    }
  }
]

2024-11-24 10:24:34.483 [info] 2024-11-24T04:54:34.469Z language server controller INFO  Creating MongoDB Language Server... [
  {
    extensionPath: '/Users/harshjain/.vscode/extensions/mongodb.mongodb-vscode-1.9.3',
    languageServer: {
      id: 'mongodbLanguageServer',
      name: 'MongoDB Language Server',
      path: '/Users/harshjain/.vscode/extensions/mongodb.mongodb-vscode-1.9.3/dist/languageServer.js',
      documentSelector: '[{"pattern":"**/*.mongodb.js"},{"pattern":"**/*.mongodb"}]'
    }
  }
]

2024-11-24 10:24:34.483 [info] 2024-11-24T04:54:34.474Z telemetry INFO  Segment analytics activated [ { anonymousId: '88f5a618-27ed-4f45-99b4-dc88067b0e53' } ]

2024-11-24 10:24:34.483 [info] 2024-11-24T04:54:34.474Z participant INFO  Chat participant created [ { participantId: 'mongodb.participant' } ]

2024-11-24 10:24:34.483 [info] 2024-11-24T04:54:34.474Z language server controller INFO  Starting the language server... []

2024-11-24 10:24:34.710 [info] 2024-11-24T04:54:34.710Z language server controller INFO  MongoDBService initialized. Sending default settings... {"extensionPath":"/Users/harshjain/.vscode/extensions/mongodb.mongodb-vscode-1.9.3","connectionId":null,"hasConnectionString":false,"hasConnectionOptions":false} []

2024-11-24 10:25:30.224 [info] 2024-11-24T04:55:30.222Z extension INFO  Deactivating extension... []

2024-11-24 10:25:30.224 [info] 2024-11-24T04:55:30.222Z connection controller INFO  Disconnect called, currently connected to [ null ]

2024-11-24 10:25:30.224 [info] 2024-11-24T04:55:30.223Z language server controller INFO  Changing MongoDBService active connection... [ { connectionId: null } ]

2024-11-24 10:25:30.224 [info] 2024-11-24T04:55:30.223Z connection controller ERROR Unable to disconnect: no active connection []

2024-11-24 10:25:30.225 [info] 2024-11-24T04:55:30.224Z connection controller INFO  Disconnect called, currently connected to [ null ]

2024-11-24 10:25:30.225 [info] 2024-11-24T04:55:30.224Z language server controller INFO  Changing MongoDBService active connection... [ { connectionId: null } ]

2024-11-24 10:25:30.225 [info] 2024-11-24T04:55:30.224Z connection controller ERROR Unable to disconnect: no active connection []

2024-11-24 10:25:30.225 [info] 2024-11-24T04:55:30.225Z language server controller INFO  Deactivating the language server... []

2024-11-24 10:25:30.225 [info] 2024-11-24T04:55:30.225Z language server controller INFO  Deactivating the language server... []

2024-11-24 10:25:31.719 [info] 2024-11-24T04:55:31.603Z extension INFO  Activating extension... [
  {
    id: 'mongodb.mongodb-vscode',
    version: '1.9.3',
    mode: 'Production',
    kind: 'UI',
    extensionPath: '/Users/harshjain/.vscode/extensions/mongodb.mongodb-vscode-1.9.3',
    logPath: '/Users/harshjain/Library/Application Support/Code/logs/20241123T234516/window4/exthost/mongodb.mongodb-vscode',
    workspaceStoragePath: '/Users/harshjain/Library/Application Support/Code/User/workspaceStorage/07c49b7bc705200ef8ff6d09f26b536e/mongodb.mongodb-vscode',
    globalStoragePath: '/Users/harshjain/Library/Application Support/Code/User/globalStorage/mongodb.mongodb-vscode',
    defaultConnectionSavingLocation: 'Global',
    buildInfo: {
      nodeVersion: 'v20.18.0',
      runtimePlatform: 'darwin',
      runtimeArch: 'arm64'
    }
  }
]

2024-11-24 10:25:31.719 [info] 2024-11-24T04:55:31.604Z language server controller INFO  Creating MongoDB Language Server... [
  {
    extensionPath: '/Users/harshjain/.vscode/extensions/mongodb.mongodb-vscode-1.9.3',
    languageServer: {
      id: 'mongodbLanguageServer',
      name: 'MongoDB Language Server',
      path: '/Users/harshjain/.vscode/extensions/mongodb.mongodb-vscode-1.9.3/dist/languageServer.js',
      documentSelector: '[{"pattern":"**/*.mongodb.js"},{"pattern":"**/*.mongodb"}]'
    }
  }
]

2024-11-24 10:25:31.719 [info] 2024-11-24T04:55:31.609Z telemetry INFO  Segment analytics activated [ { anonymousId: '88f5a618-27ed-4f45-99b4-dc88067b0e53' } ]

2024-11-24 10:25:31.719 [info] 2024-11-24T04:55:31.610Z participant INFO  Chat participant created [ { participantId: 'mongodb.participant' } ]

2024-11-24 10:25:31.719 [info] 2024-11-24T04:55:31.610Z language server controller INFO  Starting the language server... []

2024-11-24 10:25:32.121 [info] 2024-11-24T04:55:32.121Z language server controller INFO  MongoDBService initialized. Sending default settings... {"extensionPath":"/Users/harshjain/.vscode/extensions/mongodb.mongodb-vscode-1.9.3","connectionId":null,"hasConnectionString":false,"hasConnectionOptions":false} []

2024-11-24 10:25:45.911 [info] 2024-11-24T04:55:45.909Z extension INFO  Deactivating extension... []

2024-11-24 10:25:45.911 [info] 2024-11-24T04:55:45.909Z connection controller INFO  Disconnect called, currently connected to [ null ]

2024-11-24 10:25:45.911 [info] 2024-11-24T04:55:45.909Z language server controller INFO  Changing MongoDBService active connection... [ { connectionId: null } ]

2024-11-24 10:25:45.911 [info] 2024-11-24T04:55:45.909Z connection controller ERROR Unable to disconnect: no active connection []

2024-11-24 10:25:45.911 [info] 2024-11-24T04:55:45.910Z connection controller INFO  Disconnect called, currently connected to [ null ]

2024-11-24 10:25:45.911 [info] 2024-11-24T04:55:45.911Z language server controller INFO  Changing MongoDBService active connection... [ { connectionId: null } ]

2024-11-24 10:25:45.911 [info] 2024-11-24T04:55:45.911Z connection controller ERROR Unable to disconnect: no active connection []

2024-11-24 10:25:45.911 [info] 2024-11-24T04:55:45.911Z language server controller INFO  Deactivating the language server... []

2024-11-24 10:25:45.911 [info] 2024-11-24T04:55:45.911Z language server controller INFO  Deactivating the language server... []

