2024-11-24 09:57:41.737 [info] Extension host with pid 3196 started
2024-11-24 09:57:41.787 [info] ExtensionService#_doActivateExtension vscode.github-authentication, startup: false, activationEvent: 'onAuthenticationRequest:github'
2024-11-24 09:57:41.817 [info] ExtensionService#_doActivateExtension vscode.git-base, startup: true, activationEvent: '*', root cause: vscode.git
2024-11-24 09:57:41.819 [info] ExtensionService#_doActivateExtension DivyanshuAgrawal.competitive-programming-helper, startup: true, activationEvent: '*'
2024-11-24 09:57:41.831 [info] ExtensionService#_doActivateExtension formulahendry.auto-close-tag, startup: true, activationEvent: '*'
2024-11-24 09:57:41.832 [info] ExtensionService#_doActivateExtension formulahendry.auto-rename-tag, startup: true, activationEvent: '*'
2024-11-24 09:57:41.896 [info] ExtensionService#_doActivateExtension vscode.git, startup: true, activationEvent: '*'
2024-11-24 09:57:41.927 [info] ExtensionService#_doActivateExtension vscode.github, startup: true, activationEvent: '*'
2024-11-24 09:57:42.005 [info] Eager extensions activated
2024-11-24 09:57:42.008 [info] ExtensionService#_doActivateExtension vscode.debug-auto-launch, startup: false, activationEvent: 'onStartupFinished'
2024-11-24 09:57:42.010 [info] ExtensionService#_doActivateExtension vscode.merge-conflict, startup: false, activationEvent: 'onStartupFinished'
2024-11-24 09:57:42.019 [info] ExtensionService#_doActivateExtension bradlc.vscode-tailwindcss, startup: false, activationEvent: 'onStartupFinished'
2024-11-24 09:57:42.038 [info] ExtensionService#_doActivateExtension dsznajder.es7-react-js-snippets, startup: false, activationEvent: 'onStartupFinished'
2024-11-24 09:57:42.243 [info] ExtensionService#_doActivateExtension ecmel.vscode-html-css, startup: false, activationEvent: 'onStartupFinished'
2024-11-24 09:57:42.244 [info] ExtensionService#_doActivateExtension esbenp.prettier-vscode, startup: false, activationEvent: 'onStartupFinished'
2024-11-24 09:57:42.280 [info] ExtensionService#_doActivateExtension formulahendry.code-runner, startup: false, activationEvent: 'onStartupFinished'
2024-11-24 09:57:42.293 [info] ExtensionService#_doActivateExtension mongodb.mongodb-vscode, startup: false, activationEvent: 'onStartupFinished'
2024-11-24 09:57:42.733 [info] ExtensionService#_doActivateExtension ritwickdey.LiveServer, startup: false, activationEvent: 'onStartupFinished'
2024-11-24 09:57:53.053 [info] Extension host terminating: renderer closed the MessagePort
2024-11-24 09:57:53.068 [info] Extension host with pid 3196 exiting with code 0
2024-11-24 09:57:53.696 [info] Extension host with pid 3211 started
2024-11-24 09:57:53.696 [info] Skipping acquiring lock for /Users/harshjain/Library/Application Support/Code/User/workspaceStorage/07c49b7bc705200ef8ff6d09f26b536e.
2024-11-24 09:57:53.720 [info] ExtensionService#_doActivateExtension mongodb.mongodb-vscode, startup: false, activationEvent: 'onLanguage:plaintext'
2024-11-24 09:57:54.208 [info] ExtensionService#_doActivateExtension vscode.emmet, startup: false, activationEvent: 'onLanguage'
2024-11-24 09:57:54.246 [info] ExtensionService#_doActivateExtension vscode.github-authentication, startup: false, activationEvent: 'onAuthenticationRequest:github'
2024-11-24 09:57:54.487 [info] ExtensionService#_doActivateExtension vscode.git-base, startup: true, activationEvent: '*', root cause: vscode.git
2024-11-24 09:57:54.488 [info] ExtensionService#_doActivateExtension DivyanshuAgrawal.competitive-programming-helper, startup: true, activationEvent: '*'
2024-11-24 09:57:54.499 [info] ExtensionService#_doActivateExtension formulahendry.auto-close-tag, startup: true, activationEvent: '*'
2024-11-24 09:57:54.500 [info] ExtensionService#_doActivateExtension formulahendry.auto-rename-tag, startup: true, activationEvent: '*'
2024-11-24 09:57:54.513 [info] ExtensionService#_doActivateExtension vscode.npm, startup: true, activationEvent: 'workspaceContains:package.json'
2024-11-24 09:57:54.564 [info] ExtensionService#_doActivateExtension vscode.git, startup: true, activationEvent: '*'
2024-11-24 09:57:54.595 [info] ExtensionService#_doActivateExtension vscode.github, startup: true, activationEvent: '*'
2024-11-24 09:57:54.670 [info] Eager extensions activated
2024-11-24 09:57:54.672 [info] ExtensionService#_doActivateExtension vscode.debug-auto-launch, startup: false, activationEvent: 'onStartupFinished'
2024-11-24 09:57:54.674 [info] ExtensionService#_doActivateExtension vscode.merge-conflict, startup: false, activationEvent: 'onStartupFinished'
2024-11-24 09:57:54.684 [info] ExtensionService#_doActivateExtension bradlc.vscode-tailwindcss, startup: false, activationEvent: 'onStartupFinished'
2024-11-24 09:57:54.703 [info] ExtensionService#_doActivateExtension dsznajder.es7-react-js-snippets, startup: false, activationEvent: 'onStartupFinished'
2024-11-24 09:57:54.958 [info] ExtensionService#_doActivateExtension ecmel.vscode-html-css, startup: false, activationEvent: 'onStartupFinished'
2024-11-24 09:57:54.959 [info] ExtensionService#_doActivateExtension esbenp.prettier-vscode, startup: false, activationEvent: 'onStartupFinished'
2024-11-24 09:57:54.997 [info] ExtensionService#_doActivateExtension formulahendry.code-runner, startup: false, activationEvent: 'onStartupFinished'
2024-11-24 09:57:55.012 [info] ExtensionService#_doActivateExtension ritwickdey.LiveServer, startup: false, activationEvent: 'onStartupFinished'
2024-11-24 09:57:55.141 [warning] [Decorations] CAPPING events from decorations provider vscode.git 1864
2024-11-24 09:57:56.267 [warning] [Decorations] CAPPING events from decorations provider vscode.git 1864
2024-11-24 09:57:59.633 [info] ExtensionService#_doActivateExtension vscode.configuration-editing, startup: false, activationEvent: 'onLanguage:json'
2024-11-24 09:57:59.642 [info] ExtensionService#_doActivateExtension vscode.extension-editing, startup: false, activationEvent: 'onLanguage:json'
2024-11-24 09:57:59.651 [info] ExtensionService#_doActivateExtension vscode.json-language-features, startup: false, activationEvent: 'onLanguage:json'
2024-11-24 09:58:21.392 [info] ExtensionService#_doActivateExtension vscode.typescript-language-features, startup: false, activationEvent: 'onLanguage:javascript'
2024-11-24 09:58:21.422 [info] ExtensionService#_doActivateExtension mgmcdermott.vscode-language-babel, startup: false, activationEvent: 'onLanguage:javascript'
2024-11-24 10:00:55.209 [warning] [Decorations] CAPPING events from decorations provider vscode.git 1864
2024-11-24 10:00:56.309 [warning] [Decorations] CAPPING events from decorations provider vscode.git 1864
2024-11-24 10:03:55.332 [warning] [Decorations] CAPPING events from decorations provider vscode.git 1864
2024-11-24 10:03:56.424 [warning] [Decorations] CAPPING events from decorations provider vscode.git 1864
2024-11-24 10:06:55.454 [warning] [Decorations] CAPPING events from decorations provider vscode.git 1864
2024-11-24 10:06:56.548 [warning] [Decorations] CAPPING events from decorations provider vscode.git 1864
2024-11-24 10:10:49.884 [warning] [Decorations] CAPPING events from decorations provider vscode.git 1864
2024-11-24 10:10:50.969 [warning] [Decorations] CAPPING events from decorations provider vscode.git 1864
2024-11-24 10:11:56.491 [warning] [Decorations] CAPPING events from decorations provider vscode.git 1865
2024-11-24 10:13:04.177 [warning] [Decorations] CAPPING events from decorations provider vscode.git 1865
2024-11-24 10:16:15.783 [warning] [Decorations] CAPPING events from decorations provider vscode.git 1864
2024-11-24 10:16:16.923 [warning] [Decorations] CAPPING events from decorations provider vscode.git 1864
2024-11-24 10:21:20.046 [warning] [Decorations] CAPPING events from decorations provider vscode.git 1864
2024-11-24 10:21:21.186 [warning] [Decorations] CAPPING events from decorations provider vscode.git 1864
2024-11-24 10:22:56.849 [info] Extension host terminating: renderer closed the MessagePort
2024-11-24 10:22:56.886 [error] Canceled: Canceled
    at new tT (file:///Applications/Visual%20Studio%20Code-2.app/Contents/Resources/app/out/vs/workbench/api/node/extensionHostProcess.js:31:108738)
    at py.U (file:///Applications/Visual%20Studio%20Code-2.app/Contents/Resources/app/out/vs/workbench/api/node/extensionHostProcess.js:31:113348)
    at Proxy.s.<computed>.n.charCodeAt.s.<computed> (file:///Applications/Visual%20Studio%20Code-2.app/Contents/Resources/app/out/vs/workbench/api/node/extensionHostProcess.js:31:110842)
    at Y0.g (file:///Applications/Visual%20Studio%20Code-2.app/Contents/Resources/app/out/vs/workbench/api/node/extensionHostProcess.js:114:32313)
    at Y0.executeCommand (file:///Applications/Visual%20Studio%20Code-2.app/Contents/Resources/app/out/vs/workbench/api/node/extensionHostProcess.js:114:31817)
    at r.registerCommand.description (file:///Applications/Visual%20Studio%20Code-2.app/Contents/Resources/app/out/vs/workbench/api/node/extensionHostProcess.js:114:31147)
    at Y0.h (file:///Applications/Visual%20Studio%20Code-2.app/Contents/Resources/app/out/vs/workbench/api/node/extensionHostProcess.js:114:32833)
    at Y0.g (file:///Applications/Visual%20Studio%20Code-2.app/Contents/Resources/app/out/vs/workbench/api/node/extensionHostProcess.js:114:31910)
    at Y0.executeCommand (file:///Applications/Visual%20Studio%20Code-2.app/Contents/Resources/app/out/vs/workbench/api/node/extensionHostProcess.js:114:31817)
    at Object.executeCommand (file:///Applications/Visual%20Studio%20Code-2.app/Contents/Resources/app/out/vs/workbench/api/node/extensionHostProcess.js:156:37246)
    at mh.O [as value] (/Applications/Visual Studio Code-2.app/Contents/Resources/app/extensions/git/dist/main.js:2:961845)
    at D.B (file:///Applications/Visual%20Studio%20Code-2.app/Contents/Resources/app/out/vs/workbench/api/node/extensionHostProcess.js:29:746)
    at D.C (file:///Applications/Visual%20Studio%20Code-2.app/Contents/Resources/app/out/vs/workbench/api/node/extensionHostProcess.js:29:816)
    at D.fire (file:///Applications/Visual%20Studio%20Code-2.app/Contents/Resources/app/out/vs/workbench/api/node/extensionHostProcess.js:29:1033)
    at Object.p [as dispose] (/Applications/Visual Studio Code-2.app/Contents/Resources/app/extensions/git/dist/main.js:2:983333)
    at /Applications/Visual Studio Code-2.app/Contents/Resources/app/extensions/git/dist/main.js:2:989455
    at Array.forEach (<anonymous>)
    at b.dispose (/Applications/Visual Studio Code-2.app/Contents/Resources/app/extensions/git/dist/main.js:2:989441)
    at V1.<anonymous> (file:///Applications/Visual%20Studio%20Code-2.app/Contents/Resources/app/out/vs/workbench/api/node/extensionHostProcess.js:108:19994)
    at V1.dispose (file:///Applications/Visual%20Studio%20Code-2.app/Contents/Resources/app/out/vs/workbench/api/node/extensionHostProcess.js:108:20090)
    at V1.<anonymous> (/Applications/Visual Studio Code-2.app/Contents/Resources/app/extensions/git/dist/main.js:2:964255)
    at V1.dispose (file:///Applications/Visual%20Studio%20Code-2.app/Contents/Resources/app/out/vs/workbench/api/node/extensionHostProcess.js:108:20090)
    at ci (file:///Applications/Visual%20Studio%20Code-2.app/Contents/Resources/app/out/vs/workbench/api/node/extensionHostProcess.js:24:699)
    at file:///Applications/Visual%20Studio%20Code-2.app/Contents/Resources/app/out/vs/workbench/api/node/extensionHostProcess.js:118:14992
    at file:///Applications/Visual%20Studio%20Code-2.app/Contents/Resources/app/out/vs/workbench/api/node/extensionHostProcess.js:24:1009
    at Object.dispose (file:///Applications/Visual%20Studio%20Code-2.app/Contents/Resources/app/out/vs/workbench/api/node/extensionHostProcess.js:7:2146)
    at z_.eb (file:///Applications/Visual%20Studio%20Code-2.app/Contents/Resources/app/out/vs/workbench/api/node/extensionHostProcess.js:118:11919)
    at file:///Applications/Visual%20Studio%20Code-2.app/Contents/Resources/app/out/vs/workbench/api/node/extensionHostProcess.js:118:9874
    at Array.map (<anonymous>)
    at z_.$ (file:///Applications/Visual%20Studio%20Code-2.app/Contents/Resources/app/out/vs/workbench/api/node/extensionHostProcess.js:118:9862)
    at z_.terminate (file:///Applications/Visual%20Studio%20Code-2.app/Contents/Resources/app/out/vs/workbench/api/node/extensionHostProcess.js:118:10105)
    at EC.terminate (file:///Applications/Visual%20Studio%20Code-2.app/Contents/Resources/app/out/vs/workbench/api/node/extensionHostProcess.js:119:1424)
    at Zi (file:///Applications/Visual%20Studio%20Code-2.app/Contents/Resources/app/out/vs/workbench/api/node/extensionHostProcess.js:174:15084)
    at MessagePortMain.<anonymous> (file:///Applications/Visual%20Studio%20Code-2.app/Contents/Resources/app/out/vs/workbench/api/node/extensionHostProcess.js:174:11632)
    at MessagePortMain.emit (node:events:519:28)
    at Object.MessagePortMain._internalPort.emit (node:electron/js2c/utility_init:2:2949) setContext undefined
2024-11-24 10:22:56.890 [error] Canceled: Canceled
    at new tT (file:///Applications/Visual%20Studio%20Code-2.app/Contents/Resources/app/out/vs/workbench/api/node/extensionHostProcess.js:31:108738)
    at py.U (file:///Applications/Visual%20Studio%20Code-2.app/Contents/Resources/app/out/vs/workbench/api/node/extensionHostProcess.js:31:113348)
    at Proxy.s.<computed>.n.charCodeAt.s.<computed> (file:///Applications/Visual%20Studio%20Code-2.app/Contents/Resources/app/out/vs/workbench/api/node/extensionHostProcess.js:31:110842)
    at Y0.g (file:///Applications/Visual%20Studio%20Code-2.app/Contents/Resources/app/out/vs/workbench/api/node/extensionHostProcess.js:114:32313)
    at Y0.executeCommand (file:///Applications/Visual%20Studio%20Code-2.app/Contents/Resources/app/out/vs/workbench/api/node/extensionHostProcess.js:114:31817)
    at r.registerCommand.description (file:///Applications/Visual%20Studio%20Code-2.app/Contents/Resources/app/out/vs/workbench/api/node/extensionHostProcess.js:114:31147)
    at Y0.h (file:///Applications/Visual%20Studio%20Code-2.app/Contents/Resources/app/out/vs/workbench/api/node/extensionHostProcess.js:114:32833)
    at Y0.g (file:///Applications/Visual%20Studio%20Code-2.app/Contents/Resources/app/out/vs/workbench/api/node/extensionHostProcess.js:114:31910)
    at Y0.executeCommand (file:///Applications/Visual%20Studio%20Code-2.app/Contents/Resources/app/out/vs/workbench/api/node/extensionHostProcess.js:114:31817)
    at Object.executeCommand (file:///Applications/Visual%20Studio%20Code-2.app/Contents/Resources/app/out/vs/workbench/api/node/extensionHostProcess.js:156:37246)
    at a.VscodeDevShareProvider.set hasGitHubRepositories [as hasGitHubRepositories] (/Applications/Visual Studio Code-2.app/Contents/Resources/app/extensions/github/dist/extension.js:2:328633)
    at /Applications/Visual Studio Code-2.app/Contents/Resources/app/extensions/github/dist/extension.js:2:329592
    at mh.value (/Applications/Visual Studio Code-2.app/Contents/Resources/app/extensions/git/dist/main.js:2:1073936)
    at D.B (file:///Applications/Visual%20Studio%20Code-2.app/Contents/Resources/app/out/vs/workbench/api/node/extensionHostProcess.js:29:746)
    at D.C (file:///Applications/Visual%20Studio%20Code-2.app/Contents/Resources/app/out/vs/workbench/api/node/extensionHostProcess.js:29:816)
    at D.fire (file:///Applications/Visual%20Studio%20Code-2.app/Contents/Resources/app/out/vs/workbench/api/node/extensionHostProcess.js:29:1033)
    at Object.p [as dispose] (/Applications/Visual Studio Code-2.app/Contents/Resources/app/extensions/git/dist/main.js:2:983333)
    at /Applications/Visual Studio Code-2.app/Contents/Resources/app/extensions/git/dist/main.js:2:989455
    at Array.forEach (<anonymous>)
    at b.dispose (/Applications/Visual Studio Code-2.app/Contents/Resources/app/extensions/git/dist/main.js:2:989441)
    at V1.<anonymous> (file:///Applications/Visual%20Studio%20Code-2.app/Contents/Resources/app/out/vs/workbench/api/node/extensionHostProcess.js:108:19994)
    at V1.dispose (file:///Applications/Visual%20Studio%20Code-2.app/Contents/Resources/app/out/vs/workbench/api/node/extensionHostProcess.js:108:20090)
    at V1.<anonymous> (/Applications/Visual Studio Code-2.app/Contents/Resources/app/extensions/git/dist/main.js:2:964255)
    at V1.dispose (file:///Applications/Visual%20Studio%20Code-2.app/Contents/Resources/app/out/vs/workbench/api/node/extensionHostProcess.js:108:20090)
    at ci (file:///Applications/Visual%20Studio%20Code-2.app/Contents/Resources/app/out/vs/workbench/api/node/extensionHostProcess.js:24:699)
    at file:///Applications/Visual%20Studio%20Code-2.app/Contents/Resources/app/out/vs/workbench/api/node/extensionHostProcess.js:118:14992
    at file:///Applications/Visual%20Studio%20Code-2.app/Contents/Resources/app/out/vs/workbench/api/node/extensionHostProcess.js:24:1009
    at Object.dispose (file:///Applications/Visual%20Studio%20Code-2.app/Contents/Resources/app/out/vs/workbench/api/node/extensionHostProcess.js:7:2146)
    at z_.eb (file:///Applications/Visual%20Studio%20Code-2.app/Contents/Resources/app/out/vs/workbench/api/node/extensionHostProcess.js:118:11919)
    at file:///Applications/Visual%20Studio%20Code-2.app/Contents/Resources/app/out/vs/workbench/api/node/extensionHostProcess.js:118:9874
    at Array.map (<anonymous>)
    at z_.$ (file:///Applications/Visual%20Studio%20Code-2.app/Contents/Resources/app/out/vs/workbench/api/node/extensionHostProcess.js:118:9862)
    at z_.terminate (file:///Applications/Visual%20Studio%20Code-2.app/Contents/Resources/app/out/vs/workbench/api/node/extensionHostProcess.js:118:10105)
    at EC.terminate (file:///Applications/Visual%20Studio%20Code-2.app/Contents/Resources/app/out/vs/workbench/api/node/extensionHostProcess.js:119:1424)
    at Zi (file:///Applications/Visual%20Studio%20Code-2.app/Contents/Resources/app/out/vs/workbench/api/node/extensionHostProcess.js:174:15084)
    at MessagePortMain.<anonymous> (file:///Applications/Visual%20Studio%20Code-2.app/Contents/Resources/app/out/vs/workbench/api/node/extensionHostProcess.js:174:11632)
    at MessagePortMain.emit (node:events:519:28)
    at Object.MessagePortMain._internalPort.emit (node:electron/js2c/utility_init:2:2949) setContext undefined
2024-11-24 10:22:56.892 [info] Extension host with pid 3211 exiting with code 0
