2024-11-14 22:26:20.518 [info] 2024-11-14T16:56:20.504Z extension INFO  Activating extension... [
  {
    id: 'mongodb.mongodb-vscode',
    version: '1.9.3',
    mode: 'Production',
    kind: 'UI',
    extensionPath: '/Users/harshjain/.vscode/extensions/mongodb.mongodb-vscode-1.9.3',
    logPath: '/Users/harshjain/Library/Application Support/Code/logs/20241114T222602/window2/exthost/mongodb.mongodb-vscode',
    workspaceStoragePath: undefined,
    globalStoragePath: '/Users/harshjain/Library/Application Support/Code/User/globalStorage/mongodb.mongodb-vscode',
    defaultConnectionSavingLocation: 'Global',
    buildInfo: {
      nodeVersion: 'v20.18.0',
      runtimePlatform: 'darwin',
      runtimeArch: 'arm64'
    }
  }
]

2024-11-14 22:26:20.518 [info] 2024-11-14T16:56:20.505Z language server controller INFO  Creating MongoDB Language Server... [
  {
    extensionPath: '/Users/harshjain/.vscode/extensions/mongodb.mongodb-vscode-1.9.3',
    languageServer: {
      id: 'mongodbLanguageServer',
      name: 'MongoDB Language Server',
      path: '/Users/harshjain/.vscode/extensions/mongodb.mongodb-vscode-1.9.3/dist/languageServer.js',
      documentSelector: '[{"pattern":"**/*.mongodb.js"},{"pattern":"**/*.mongodb"}]'
    }
  }
]

2024-11-14 22:26:20.518 [info] 2024-11-14T16:56:20.510Z telemetry INFO  Segment analytics activated [ { anonymousId: '88f5a618-27ed-4f45-99b4-dc88067b0e53' } ]

2024-11-14 22:26:20.518 [info] 2024-11-14T16:56:20.510Z participant INFO  Chat participant created [ { participantId: 'mongodb.participant' } ]

2024-11-14 22:26:20.518 [info] 2024-11-14T16:56:20.510Z language server controller INFO  Starting the language server... []

2024-11-14 22:26:20.754 [info] 2024-11-14T16:56:20.754Z language server controller INFO  MongoDBService initialized. Sending default settings... {"extensionPath":"/Users/harshjain/.vscode/extensions/mongodb.mongodb-vscode-1.9.3","connectionId":null,"hasConnectionString":false,"hasConnectionOptions":false} []

2024-11-14 22:32:29.122 [info] 2024-11-14T17:02:29.121Z extension INFO  Deactivating extension... []

2024-11-14 22:32:29.122 [info] 2024-11-14T17:02:29.121Z connection controller INFO  Disconnect called, currently connected to [ null ]

2024-11-14 22:32:29.122 [info] 2024-11-14T17:02:29.121Z language server controller INFO  Changing MongoDBService active connection... [ { connectionId: null } ]

2024-11-14 22:32:29.122 [info] 2024-11-14T17:02:29.121Z connection controller ERROR Unable to disconnect: no active connection []

2024-11-14 22:32:29.122 [info] 2024-11-14T17:02:29.122Z connection controller INFO  Disconnect called, currently connected to [ null ]

2024-11-14 22:32:29.122 [info] 2024-11-14T17:02:29.122Z language server controller INFO  Changing MongoDBService active connection... [ { connectionId: null } ]

2024-11-14 22:32:29.122 [info] 2024-11-14T17:02:29.122Z connection controller ERROR Unable to disconnect: no active connection []

2024-11-14 22:32:29.122 [info] 2024-11-14T17:02:29.122Z language server controller INFO  Deactivating the language server... []

2024-11-14 22:32:29.122 [info] 2024-11-14T17:02:29.122Z language server controller INFO  Deactivating the language server... []

2024-11-14 22:32:30.679 [info] 2024-11-14T17:02:30.664Z extension INFO  Activating extension... [
  {
    id: 'mongodb.mongodb-vscode',
    version: '1.9.3',
    mode: 'Production',
    kind: 'UI',
    extensionPath: '/Users/harshjain/.vscode/extensions/mongodb.mongodb-vscode-1.9.3',
    logPath: '/Users/harshjain/Library/Application Support/Code/logs/20241114T222602/window2/exthost/mongodb.mongodb-vscode',
    workspaceStoragePath: '/Users/harshjain/Library/Application Support/Code/User/workspaceStorage/f691311956221f2fac980c82b315e45c/mongodb.mongodb-vscode',
    globalStoragePath: '/Users/harshjain/Library/Application Support/Code/User/globalStorage/mongodb.mongodb-vscode',
    defaultConnectionSavingLocation: 'Global',
    buildInfo: {
      nodeVersion: 'v20.18.0',
      runtimePlatform: 'darwin',
      runtimeArch: 'arm64'
    }
  }
]

2024-11-14 22:32:30.679 [info] 2024-11-14T17:02:30.665Z language server controller INFO  Creating MongoDB Language Server... [
  {
    extensionPath: '/Users/harshjain/.vscode/extensions/mongodb.mongodb-vscode-1.9.3',
    languageServer: {
      id: 'mongodbLanguageServer',
      name: 'MongoDB Language Server',
      path: '/Users/harshjain/.vscode/extensions/mongodb.mongodb-vscode-1.9.3/dist/languageServer.js',
      documentSelector: '[{"pattern":"**/*.mongodb.js"},{"pattern":"**/*.mongodb"}]'
    }
  }
]

2024-11-14 22:32:30.679 [info] 2024-11-14T17:02:30.670Z telemetry INFO  Segment analytics activated [ { anonymousId: '88f5a618-27ed-4f45-99b4-dc88067b0e53' } ]

2024-11-14 22:32:30.679 [info] 2024-11-14T17:02:30.670Z participant INFO  Chat participant created [ { participantId: 'mongodb.participant' } ]

2024-11-14 22:32:30.679 [info] 2024-11-14T17:02:30.671Z language server controller INFO  Starting the language server... []

2024-11-14 22:32:30.922 [info] 2024-11-14T17:02:30.922Z language server controller INFO  MongoDBService initialized. Sending default settings... {"extensionPath":"/Users/harshjain/.vscode/extensions/mongodb.mongodb-vscode-1.9.3","connectionId":null,"hasConnectionString":false,"hasConnectionOptions":false} []

2024-11-14 23:45:43.575 [info] 2024-11-14T18:15:43.571Z extension INFO  Deactivating extension... []

2024-11-14 23:45:43.575 [info] 2024-11-14T18:15:43.572Z connection controller INFO  Disconnect called, currently connected to [ null ]

2024-11-14 23:45:43.575 [info] 2024-11-14T18:15:43.572Z language server controller INFO  Changing MongoDBService active connection... [ { connectionId: null } ]

2024-11-14 23:45:43.576 [info] 2024-11-14T18:15:43.572Z connection controller ERROR Unable to disconnect: no active connection []

2024-11-14 23:45:43.576 [info] 2024-11-14T18:15:43.574Z connection controller INFO  Disconnect called, currently connected to [ null ]

2024-11-14 23:45:43.576 [info] 2024-11-14T18:15:43.575Z language server controller INFO  Changing MongoDBService active connection... [ { connectionId: null } ]

2024-11-14 23:45:43.576 [info] 2024-11-14T18:15:43.575Z connection controller ERROR Unable to disconnect: no active connection []

2024-11-14 23:45:43.576 [info] 2024-11-14T18:15:43.576Z language server controller INFO  Deactivating the language server... []

2024-11-14 23:45:43.576 [info] 2024-11-14T18:15:43.576Z language server controller INFO  Deactivating the language server... []

