2024-11-24 10:27:10.432 [info] Extension host with pid 4120 started
2024-11-24 10:27:10.466 [info] ExtensionService#_doActivateExtension vscode.github-authentication, startup: false, activationEvent: 'onAuthenticationRequest:github'
2024-11-24 10:27:10.499 [info] ExtensionService#_doActivateExtension vscode.git-base, startup: true, activationEvent: '*', root cause: vscode.git
2024-11-24 10:27:10.501 [info] ExtensionService#_doActivateExtension DivyanshuAgrawal.competitive-programming-helper, startup: true, activationEvent: '*'
2024-11-24 10:27:10.513 [info] ExtensionService#_doActivateExtension formulahendry.auto-close-tag, startup: true, activationEvent: '*'
2024-11-24 10:27:10.517 [info] ExtensionService#_doActivateExtension formulahendry.auto-rename-tag, startup: true, activationEvent: '*'
2024-11-24 10:27:10.577 [info] ExtensionService#_doActivateExtension vscode.git, startup: true, activationEvent: '*'
2024-11-24 10:27:10.607 [info] ExtensionService#_doActivateExtension vscode.github, startup: true, activationEvent: '*'
2024-11-24 10:27:10.680 [info] Eager extensions activated
2024-11-24 10:27:10.681 [info] ExtensionService#_doActivateExtension vscode.debug-auto-launch, startup: false, activationEvent: 'onStartupFinished'
2024-11-24 10:27:10.682 [info] ExtensionService#_doActivateExtension vscode.merge-conflict, startup: false, activationEvent: 'onStartupFinished'
2024-11-24 10:27:10.693 [info] ExtensionService#_doActivateExtension bradlc.vscode-tailwindcss, startup: false, activationEvent: 'onStartupFinished'
2024-11-24 10:27:10.713 [info] ExtensionService#_doActivateExtension dsznajder.es7-react-js-snippets, startup: false, activationEvent: 'onStartupFinished'
2024-11-24 10:27:10.912 [info] ExtensionService#_doActivateExtension ecmel.vscode-html-css, startup: false, activationEvent: 'onStartupFinished'
2024-11-24 10:27:10.913 [info] ExtensionService#_doActivateExtension esbenp.prettier-vscode, startup: false, activationEvent: 'onStartupFinished'
2024-11-24 10:27:10.949 [info] ExtensionService#_doActivateExtension formulahendry.code-runner, startup: false, activationEvent: 'onStartupFinished'
2024-11-24 10:27:10.961 [info] ExtensionService#_doActivateExtension mongodb.mongodb-vscode, startup: false, activationEvent: 'onStartupFinished'
2024-11-24 10:27:11.400 [info] ExtensionService#_doActivateExtension ritwickdey.LiveServer, startup: false, activationEvent: 'onStartupFinished'
2024-11-24 10:27:32.153 [info] ExtensionService#_doActivateExtension vscode.npm, startup: false, activationEvent: 'onTerminalQuickFixRequest:ms-vscode.npm-command'
2024-11-24 10:27:47.853 [info] Extension host terminating: renderer closed the MessagePort
2024-11-24 10:27:47.863 [info] Extension host with pid 4120 exiting with code 0
2024-11-24 10:27:48.406 [info] Extension host with pid 4176 started
2024-11-24 10:27:48.406 [info] Skipping acquiring lock for /Users/harshjain/Library/Application Support/Code/User/workspaceStorage/8d2d282697a26d097f1941c9d6ae2e36.
2024-11-24 10:27:48.417 [info] ExtensionService#_doActivateExtension vscode.github-authentication, startup: false, activationEvent: 'onAuthenticationRequest:github'
2024-11-24 10:27:48.450 [info] ExtensionService#_doActivateExtension vscode.git-base, startup: true, activationEvent: '*', root cause: vscode.git
2024-11-24 10:27:48.451 [info] ExtensionService#_doActivateExtension DivyanshuAgrawal.competitive-programming-helper, startup: true, activationEvent: '*'
2024-11-24 10:27:48.464 [info] ExtensionService#_doActivateExtension formulahendry.auto-close-tag, startup: true, activationEvent: '*'
2024-11-24 10:27:48.465 [info] ExtensionService#_doActivateExtension formulahendry.auto-rename-tag, startup: true, activationEvent: '*'
2024-11-24 10:27:48.485 [info] ExtensionService#_doActivateExtension vscode.npm, startup: true, activationEvent: 'workspaceContains:package.json'
2024-11-24 10:27:48.536 [info] ExtensionService#_doActivateExtension vscode.git, startup: true, activationEvent: '*'
2024-11-24 10:27:48.566 [info] ExtensionService#_doActivateExtension vscode.github, startup: true, activationEvent: '*'
2024-11-24 10:27:48.689 [info] ExtensionService#_doActivateExtension vscode.emmet, startup: false, activationEvent: 'onLanguage'
2024-11-24 10:27:48.718 [info] Eager extensions activated
2024-11-24 10:27:48.719 [info] ExtensionService#_doActivateExtension vscode.debug-auto-launch, startup: false, activationEvent: 'onStartupFinished'
2024-11-24 10:27:48.721 [info] ExtensionService#_doActivateExtension vscode.merge-conflict, startup: false, activationEvent: 'onStartupFinished'
2024-11-24 10:27:48.730 [info] ExtensionService#_doActivateExtension bradlc.vscode-tailwindcss, startup: false, activationEvent: 'onStartupFinished'
2024-11-24 10:27:48.749 [info] ExtensionService#_doActivateExtension dsznajder.es7-react-js-snippets, startup: false, activationEvent: 'onStartupFinished'
2024-11-24 10:27:48.945 [info] ExtensionService#_doActivateExtension ecmel.vscode-html-css, startup: false, activationEvent: 'onStartupFinished'
2024-11-24 10:27:48.946 [info] ExtensionService#_doActivateExtension esbenp.prettier-vscode, startup: false, activationEvent: 'onStartupFinished'
2024-11-24 10:27:48.982 [info] ExtensionService#_doActivateExtension formulahendry.code-runner, startup: false, activationEvent: 'onStartupFinished'
2024-11-24 10:27:48.994 [info] ExtensionService#_doActivateExtension mongodb.mongodb-vscode, startup: false, activationEvent: 'onStartupFinished'
2024-11-24 10:27:49.436 [info] ExtensionService#_doActivateExtension ritwickdey.LiveServer, startup: false, activationEvent: 'onStartupFinished'
2024-11-24 10:27:52.946 [warning] [Decorations] CAPPING events from decorations provider vscode.git 10000
2024-11-24 10:27:53.638 [info] ExtensionService#_doActivateExtension vscode.configuration-editing, startup: false, activationEvent: 'onLanguage:json'
2024-11-24 10:27:53.645 [info] ExtensionService#_doActivateExtension vscode.extension-editing, startup: false, activationEvent: 'onLanguage:json'
2024-11-24 10:27:53.654 [info] ExtensionService#_doActivateExtension vscode.json-language-features, startup: false, activationEvent: 'onLanguage:json'
2024-11-24 10:28:26.560 [info] ExtensionService#_doActivateExtension vscode.typescript-language-features, startup: false, activationEvent: 'onLanguage:javascript'
2024-11-24 10:28:26.590 [info] ExtensionService#_doActivateExtension mgmcdermott.vscode-language-babel, startup: false, activationEvent: 'onLanguage:javascript'
2024-11-24 10:30:51.117 [warning] [Decorations] CAPPING events from decorations provider vscode.git 10007
2024-11-24 10:33:52.972 [warning] [Decorations] CAPPING events from decorations provider vscode.git 10000
2024-11-24 10:36:54.840 [warning] [Decorations] CAPPING events from decorations provider vscode.git 10001
2024-11-24 10:39:55.850 [warning] [Decorations] CAPPING events from decorations provider vscode.git 10000
2024-11-24 10:42:57.537 [warning] [Decorations] CAPPING events from decorations provider vscode.git 10000
2024-11-24 10:45:58.873 [warning] [Decorations] CAPPING events from decorations provider vscode.git 10000
2024-11-24 10:49:00.251 [warning] [Decorations] CAPPING events from decorations provider vscode.git 10000
2024-11-24 10:52:01.248 [warning] [Decorations] CAPPING events from decorations provider vscode.git 10000
2024-11-24 11:06:40.475 [warning] [Decorations] CAPPING events from decorations provider vscode.git 10000
2024-11-24 11:09:42.327 [warning] [Decorations] CAPPING events from decorations provider vscode.git 10024
2024-11-24 11:12:44.321 [warning] [Decorations] CAPPING events from decorations provider vscode.git 10001
2024-11-24 11:14:00.067 [info] ExtensionService#_doActivateExtension vscode.css-language-features, startup: false, activationEvent: 'onLanguage:css'
2024-11-24 11:15:46.141 [warning] [Decorations] CAPPING events from decorations provider vscode.git 10000
2024-11-24 11:18:22.057 [warning] [Decorations] CAPPING events from decorations provider vscode.git 18041
2024-11-24 11:18:34.504 [warning] [Decorations] CAPPING events from decorations provider vscode.git 11959
2024-11-24 11:19:05.500 [warning] [Decorations] CAPPING events from decorations provider vscode.git 10000
