2024-11-09 23:48:24.604 [info] Extension host with pid 18810 started
2024-11-09 23:48:24.651 [info] ExtensionService#_doActivateExtension vscode.github-authentication, startup: false, activationEvent: 'onAuthenticationRequest:github'
2024-11-09 23:48:24.683 [info] ExtensionService#_doActivateExtension vscode.git-base, startup: true, activationEvent: '*', root cause: vscode.git
2024-11-09 23:48:24.685 [info] ExtensionService#_doActivateExtension DivyanshuAgrawal.competitive-programming-helper, startup: true, activationEvent: '*'
2024-11-09 23:48:24.697 [info] ExtensionService#_doActivateExtension formulahendry.auto-close-tag, startup: true, activationEvent: '*'
2024-11-09 23:48:24.698 [info] ExtensionService#_doActivateExtension formulahendry.auto-rename-tag, startup: true, activationEvent: '*'
2024-11-09 23:48:24.759 [info] ExtensionService#_doActivateExtension vscode.git, startup: true, activationEvent: '*'
2024-11-09 23:48:24.793 [info] ExtensionService#_doActivateExtension vscode.github, startup: true, activationEvent: '*'
2024-11-09 23:48:24.879 [info] Eager extensions activated
2024-11-09 23:48:24.883 [info] ExtensionService#_doActivateExtension vscode.debug-auto-launch, startup: false, activationEvent: 'onStartupFinished'
2024-11-09 23:48:24.885 [info] ExtensionService#_doActivateExtension vscode.merge-conflict, startup: false, activationEvent: 'onStartupFinished'
2024-11-09 23:48:24.894 [info] ExtensionService#_doActivateExtension bradlc.vscode-tailwindcss, startup: false, activationEvent: 'onStartupFinished'
2024-11-09 23:48:24.915 [info] ExtensionService#_doActivateExtension dsznajder.es7-react-js-snippets, startup: false, activationEvent: 'onStartupFinished'
2024-11-09 23:48:25.120 [info] ExtensionService#_doActivateExtension ecmel.vscode-html-css, startup: false, activationEvent: 'onStartupFinished'
2024-11-09 23:48:25.121 [info] ExtensionService#_doActivateExtension esbenp.prettier-vscode, startup: false, activationEvent: 'onStartupFinished'
2024-11-09 23:48:25.157 [info] ExtensionService#_doActivateExtension formulahendry.code-runner, startup: false, activationEvent: 'onStartupFinished'
2024-11-09 23:48:25.172 [info] ExtensionService#_doActivateExtension mongodb.mongodb-vscode, startup: false, activationEvent: 'onStartupFinished'
2024-11-09 23:48:25.627 [info] ExtensionService#_doActivateExtension ritwickdey.LiveServer, startup: false, activationEvent: 'onStartupFinished'
2024-11-09 23:48:25.663 [info] ExtensionService#_doActivateExtension vscode.configuration-editing, startup: false, activationEvent: 'onLanguage:jsonc'
2024-11-09 23:48:25.671 [info] ExtensionService#_doActivateExtension vscode.json-language-features, startup: false, activationEvent: 'onLanguage:jsonc'
2024-11-09 23:48:25.697 [info] ExtensionService#_doActivateExtension vscode.typescript-language-features, startup: false, activationEvent: 'onLanguage:jsonc'
2024-11-09 23:48:25.720 [info] ExtensionService#_doActivateExtension vscode.emmet, startup: false, activationEvent: 'onLanguage'
2024-11-09 23:49:24.588 [info] Extension host terminating: renderer closed the MessagePort
2024-11-09 23:49:24.603 [info] Extension host with pid 18810 exiting with code 0
2024-11-09 23:49:25.133 [info] Extension host with pid 18888 started
2024-11-09 23:49:25.133 [info] Skipping acquiring lock for /Users/harshjain/Library/Application Support/Code/User/workspaceStorage/33346fc49262078605d711643c1e8d3e.
2024-11-09 23:49:25.155 [info] ExtensionService#_doActivateExtension vscode.github-authentication, startup: false, activationEvent: 'onAuthenticationRequest:github'
2024-11-09 23:49:25.188 [info] ExtensionService#_doActivateExtension vscode.git-base, startup: true, activationEvent: '*', root cause: vscode.git
2024-11-09 23:49:25.189 [info] ExtensionService#_doActivateExtension DivyanshuAgrawal.competitive-programming-helper, startup: true, activationEvent: '*'
2024-11-09 23:49:25.201 [info] ExtensionService#_doActivateExtension formulahendry.auto-close-tag, startup: true, activationEvent: '*'
2024-11-09 23:49:25.202 [info] ExtensionService#_doActivateExtension formulahendry.auto-rename-tag, startup: true, activationEvent: '*'
2024-11-09 23:49:25.253 [info] ExtensionService#_doActivateExtension vscode.git, startup: true, activationEvent: '*'
2024-11-09 23:49:25.282 [info] ExtensionService#_doActivateExtension vscode.github, startup: true, activationEvent: '*'
2024-11-09 23:49:25.415 [info] Eager extensions activated
2024-11-09 23:49:25.415 [info] ExtensionService#_doActivateExtension vscode.debug-auto-launch, startup: false, activationEvent: 'onStartupFinished'
2024-11-09 23:49:25.417 [info] ExtensionService#_doActivateExtension vscode.merge-conflict, startup: false, activationEvent: 'onStartupFinished'
2024-11-09 23:49:25.425 [info] ExtensionService#_doActivateExtension bradlc.vscode-tailwindcss, startup: false, activationEvent: 'onStartupFinished'
2024-11-09 23:49:25.444 [info] ExtensionService#_doActivateExtension dsznajder.es7-react-js-snippets, startup: false, activationEvent: 'onStartupFinished'
2024-11-09 23:49:25.644 [info] ExtensionService#_doActivateExtension ecmel.vscode-html-css, startup: false, activationEvent: 'onStartupFinished'
2024-11-09 23:49:25.645 [info] ExtensionService#_doActivateExtension esbenp.prettier-vscode, startup: false, activationEvent: 'onStartupFinished'
2024-11-09 23:49:25.680 [info] ExtensionService#_doActivateExtension formulahendry.code-runner, startup: false, activationEvent: 'onStartupFinished'
2024-11-09 23:49:25.694 [info] ExtensionService#_doActivateExtension mongodb.mongodb-vscode, startup: false, activationEvent: 'onStartupFinished'
2024-11-09 23:49:26.147 [info] ExtensionService#_doActivateExtension ritwickdey.LiveServer, startup: false, activationEvent: 'onStartupFinished'
2024-11-09 23:50:27.551 [info] ExtensionService#_doActivateExtension vscode.emmet, startup: false, activationEvent: 'onLanguage'
2024-11-09 23:50:27.678 [warning] [Decorations] CAPPING events from decorations provider vscode.git 7989
2024-11-09 23:50:28.187 [warning] [Decorations] CAPPING events from decorations provider vscode.git 7989
2024-11-09 23:51:11.830 [warning] [Decorations] CAPPING events from decorations provider vscode.git 7989
2024-11-09 23:52:59.061 [info] Extension host terminating: renderer closed the MessagePort
2024-11-09 23:52:59.085 [error] Canceled: Canceled
    at new tT (file:///private/var/folders/_1/p0gl2ldn20q3l8jdmj0shrr80000gn/T/AppTranslocation/8E503BCE-4236-44BB-934F-47D02C034273/d/Visual%20Studio%20Code.app/Contents/Resources/app/out/vs/workbench/api/node/extensionHostProcess.js:31:108738)
    at py.U (file:///private/var/folders/_1/p0gl2ldn20q3l8jdmj0shrr80000gn/T/AppTranslocation/8E503BCE-4236-44BB-934F-47D02C034273/d/Visual%20Studio%20Code.app/Contents/Resources/app/out/vs/workbench/api/node/extensionHostProcess.js:31:113348)
    at Proxy.s.<computed>.n.charCodeAt.s.<computed> (file:///private/var/folders/_1/p0gl2ldn20q3l8jdmj0shrr80000gn/T/AppTranslocation/8E503BCE-4236-44BB-934F-47D02C034273/d/Visual%20Studio%20Code.app/Contents/Resources/app/out/vs/workbench/api/node/extensionHostProcess.js:31:110842)
    at Y0.g (file:///private/var/folders/_1/p0gl2ldn20q3l8jdmj0shrr80000gn/T/AppTranslocation/8E503BCE-4236-44BB-934F-47D02C034273/d/Visual%20Studio%20Code.app/Contents/Resources/app/out/vs/workbench/api/node/extensionHostProcess.js:114:32313)
    at Y0.executeCommand (file:///private/var/folders/_1/p0gl2ldn20q3l8jdmj0shrr80000gn/T/AppTranslocation/8E503BCE-4236-44BB-934F-47D02C034273/d/Visual%20Studio%20Code.app/Contents/Resources/app/out/vs/workbench/api/node/extensionHostProcess.js:114:31817)
    at r.registerCommand.description (file:///private/var/folders/_1/p0gl2ldn20q3l8jdmj0shrr80000gn/T/AppTranslocation/8E503BCE-4236-44BB-934F-47D02C034273/d/Visual%20Studio%20Code.app/Contents/Resources/app/out/vs/workbench/api/node/extensionHostProcess.js:114:31147)
    at Y0.h (file:///private/var/folders/_1/p0gl2ldn20q3l8jdmj0shrr80000gn/T/AppTranslocation/8E503BCE-4236-44BB-934F-47D02C034273/d/Visual%20Studio%20Code.app/Contents/Resources/app/out/vs/workbench/api/node/extensionHostProcess.js:114:32833)
    at Y0.g (file:///private/var/folders/_1/p0gl2ldn20q3l8jdmj0shrr80000gn/T/AppTranslocation/8E503BCE-4236-44BB-934F-47D02C034273/d/Visual%20Studio%20Code.app/Contents/Resources/app/out/vs/workbench/api/node/extensionHostProcess.js:114:31910)
    at Y0.executeCommand (file:///private/var/folders/_1/p0gl2ldn20q3l8jdmj0shrr80000gn/T/AppTranslocation/8E503BCE-4236-44BB-934F-47D02C034273/d/Visual%20Studio%20Code.app/Contents/Resources/app/out/vs/workbench/api/node/extensionHostProcess.js:114:31817)
    at Object.executeCommand (file:///private/var/folders/_1/p0gl2ldn20q3l8jdmj0shrr80000gn/T/AppTranslocation/8E503BCE-4236-44BB-934F-47D02C034273/d/Visual%20Studio%20Code.app/Contents/Resources/app/out/vs/workbench/api/node/extensionHostProcess.js:156:37246)
    at mh.O [as value] (/private/var/folders/_1/p0gl2ldn20q3l8jdmj0shrr80000gn/T/AppTranslocation/8E503BCE-4236-44BB-934F-47D02C034273/d/Visual Studio Code.app/Contents/Resources/app/extensions/git/dist/main.js:2:961845)
    at D.B (file:///private/var/folders/_1/p0gl2ldn20q3l8jdmj0shrr80000gn/T/AppTranslocation/8E503BCE-4236-44BB-934F-47D02C034273/d/Visual%20Studio%20Code.app/Contents/Resources/app/out/vs/workbench/api/node/extensionHostProcess.js:29:746)
    at D.C (file:///private/var/folders/_1/p0gl2ldn20q3l8jdmj0shrr80000gn/T/AppTranslocation/8E503BCE-4236-44BB-934F-47D02C034273/d/Visual%20Studio%20Code.app/Contents/Resources/app/out/vs/workbench/api/node/extensionHostProcess.js:29:816)
    at D.fire (file:///private/var/folders/_1/p0gl2ldn20q3l8jdmj0shrr80000gn/T/AppTranslocation/8E503BCE-4236-44BB-934F-47D02C034273/d/Visual%20Studio%20Code.app/Contents/Resources/app/out/vs/workbench/api/node/extensionHostProcess.js:29:1033)
    at Object.p [as dispose] (/private/var/folders/_1/p0gl2ldn20q3l8jdmj0shrr80000gn/T/AppTranslocation/8E503BCE-4236-44BB-934F-47D02C034273/d/Visual Studio Code.app/Contents/Resources/app/extensions/git/dist/main.js:2:983333)
    at /private/var/folders/_1/p0gl2ldn20q3l8jdmj0shrr80000gn/T/AppTranslocation/8E503BCE-4236-44BB-934F-47D02C034273/d/Visual Studio Code.app/Contents/Resources/app/extensions/git/dist/main.js:2:989455
    at Array.forEach (<anonymous>)
    at b.dispose (/private/var/folders/_1/p0gl2ldn20q3l8jdmj0shrr80000gn/T/AppTranslocation/8E503BCE-4236-44BB-934F-47D02C034273/d/Visual Studio Code.app/Contents/Resources/app/extensions/git/dist/main.js:2:989441)
    at V1.<anonymous> (file:///private/var/folders/_1/p0gl2ldn20q3l8jdmj0shrr80000gn/T/AppTranslocation/8E503BCE-4236-44BB-934F-47D02C034273/d/Visual%20Studio%20Code.app/Contents/Resources/app/out/vs/workbench/api/node/extensionHostProcess.js:108:19994)
    at V1.dispose (file:///private/var/folders/_1/p0gl2ldn20q3l8jdmj0shrr80000gn/T/AppTranslocation/8E503BCE-4236-44BB-934F-47D02C034273/d/Visual%20Studio%20Code.app/Contents/Resources/app/out/vs/workbench/api/node/extensionHostProcess.js:108:20090)
    at V1.<anonymous> (/private/var/folders/_1/p0gl2ldn20q3l8jdmj0shrr80000gn/T/AppTranslocation/8E503BCE-4236-44BB-934F-47D02C034273/d/Visual Studio Code.app/Contents/Resources/app/extensions/git/dist/main.js:2:964255)
    at V1.dispose (file:///private/var/folders/_1/p0gl2ldn20q3l8jdmj0shrr80000gn/T/AppTranslocation/8E503BCE-4236-44BB-934F-47D02C034273/d/Visual%20Studio%20Code.app/Contents/Resources/app/out/vs/workbench/api/node/extensionHostProcess.js:108:20090)
    at ci (file:///private/var/folders/_1/p0gl2ldn20q3l8jdmj0shrr80000gn/T/AppTranslocation/8E503BCE-4236-44BB-934F-47D02C034273/d/Visual%20Studio%20Code.app/Contents/Resources/app/out/vs/workbench/api/node/extensionHostProcess.js:24:699)
    at file:///private/var/folders/_1/p0gl2ldn20q3l8jdmj0shrr80000gn/T/AppTranslocation/8E503BCE-4236-44BB-934F-47D02C034273/d/Visual%20Studio%20Code.app/Contents/Resources/app/out/vs/workbench/api/node/extensionHostProcess.js:118:14992
    at file:///private/var/folders/_1/p0gl2ldn20q3l8jdmj0shrr80000gn/T/AppTranslocation/8E503BCE-4236-44BB-934F-47D02C034273/d/Visual%20Studio%20Code.app/Contents/Resources/app/out/vs/workbench/api/node/extensionHostProcess.js:24:1009
    at Object.dispose (file:///private/var/folders/_1/p0gl2ldn20q3l8jdmj0shrr80000gn/T/AppTranslocation/8E503BCE-4236-44BB-934F-47D02C034273/d/Visual%20Studio%20Code.app/Contents/Resources/app/out/vs/workbench/api/node/extensionHostProcess.js:7:2146)
    at z_.eb (file:///private/var/folders/_1/p0gl2ldn20q3l8jdmj0shrr80000gn/T/AppTranslocation/8E503BCE-4236-44BB-934F-47D02C034273/d/Visual%20Studio%20Code.app/Contents/Resources/app/out/vs/workbench/api/node/extensionHostProcess.js:118:11919)
    at file:///private/var/folders/_1/p0gl2ldn20q3l8jdmj0shrr80000gn/T/AppTranslocation/8E503BCE-4236-44BB-934F-47D02C034273/d/Visual%20Studio%20Code.app/Contents/Resources/app/out/vs/workbench/api/node/extensionHostProcess.js:118:9874
    at Array.map (<anonymous>)
    at z_.$ (file:///private/var/folders/_1/p0gl2ldn20q3l8jdmj0shrr80000gn/T/AppTranslocation/8E503BCE-4236-44BB-934F-47D02C034273/d/Visual%20Studio%20Code.app/Contents/Resources/app/out/vs/workbench/api/node/extensionHostProcess.js:118:9862)
    at z_.terminate (file:///private/var/folders/_1/p0gl2ldn20q3l8jdmj0shrr80000gn/T/AppTranslocation/8E503BCE-4236-44BB-934F-47D02C034273/d/Visual%20Studio%20Code.app/Contents/Resources/app/out/vs/workbench/api/node/extensionHostProcess.js:118:10105)
    at EC.terminate (file:///private/var/folders/_1/p0gl2ldn20q3l8jdmj0shrr80000gn/T/AppTranslocation/8E503BCE-4236-44BB-934F-47D02C034273/d/Visual%20Studio%20Code.app/Contents/Resources/app/out/vs/workbench/api/node/extensionHostProcess.js:119:1424)
    at Zi (file:///private/var/folders/_1/p0gl2ldn20q3l8jdmj0shrr80000gn/T/AppTranslocation/8E503BCE-4236-44BB-934F-47D02C034273/d/Visual%20Studio%20Code.app/Contents/Resources/app/out/vs/workbench/api/node/extensionHostProcess.js:174:15063)
    at MessagePortMain.<anonymous> (file:///private/var/folders/_1/p0gl2ldn20q3l8jdmj0shrr80000gn/T/AppTranslocation/8E503BCE-4236-44BB-934F-47D02C034273/d/Visual%20Studio%20Code.app/Contents/Resources/app/out/vs/workbench/api/node/extensionHostProcess.js:174:11611)
    at MessagePortMain.emit (node:events:519:28)
    at Object.MessagePortMain._internalPort.emit (node:electron/js2c/utility_init:2:2949) setContext undefined
2024-11-09 23:52:59.087 [error] Canceled: Canceled
    at new tT (file:///private/var/folders/_1/p0gl2ldn20q3l8jdmj0shrr80000gn/T/AppTranslocation/8E503BCE-4236-44BB-934F-47D02C034273/d/Visual%20Studio%20Code.app/Contents/Resources/app/out/vs/workbench/api/node/extensionHostProcess.js:31:108738)
    at py.U (file:///private/var/folders/_1/p0gl2ldn20q3l8jdmj0shrr80000gn/T/AppTranslocation/8E503BCE-4236-44BB-934F-47D02C034273/d/Visual%20Studio%20Code.app/Contents/Resources/app/out/vs/workbench/api/node/extensionHostProcess.js:31:113348)
    at Proxy.s.<computed>.n.charCodeAt.s.<computed> (file:///private/var/folders/_1/p0gl2ldn20q3l8jdmj0shrr80000gn/T/AppTranslocation/8E503BCE-4236-44BB-934F-47D02C034273/d/Visual%20Studio%20Code.app/Contents/Resources/app/out/vs/workbench/api/node/extensionHostProcess.js:31:110842)
    at Y0.g (file:///private/var/folders/_1/p0gl2ldn20q3l8jdmj0shrr80000gn/T/AppTranslocation/8E503BCE-4236-44BB-934F-47D02C034273/d/Visual%20Studio%20Code.app/Contents/Resources/app/out/vs/workbench/api/node/extensionHostProcess.js:114:32313)
    at Y0.executeCommand (file:///private/var/folders/_1/p0gl2ldn20q3l8jdmj0shrr80000gn/T/AppTranslocation/8E503BCE-4236-44BB-934F-47D02C034273/d/Visual%20Studio%20Code.app/Contents/Resources/app/out/vs/workbench/api/node/extensionHostProcess.js:114:31817)
    at r.registerCommand.description (file:///private/var/folders/_1/p0gl2ldn20q3l8jdmj0shrr80000gn/T/AppTranslocation/8E503BCE-4236-44BB-934F-47D02C034273/d/Visual%20Studio%20Code.app/Contents/Resources/app/out/vs/workbench/api/node/extensionHostProcess.js:114:31147)
    at Y0.h (file:///private/var/folders/_1/p0gl2ldn20q3l8jdmj0shrr80000gn/T/AppTranslocation/8E503BCE-4236-44BB-934F-47D02C034273/d/Visual%20Studio%20Code.app/Contents/Resources/app/out/vs/workbench/api/node/extensionHostProcess.js:114:32833)
    at Y0.g (file:///private/var/folders/_1/p0gl2ldn20q3l8jdmj0shrr80000gn/T/AppTranslocation/8E503BCE-4236-44BB-934F-47D02C034273/d/Visual%20Studio%20Code.app/Contents/Resources/app/out/vs/workbench/api/node/extensionHostProcess.js:114:31910)
    at Y0.executeCommand (file:///private/var/folders/_1/p0gl2ldn20q3l8jdmj0shrr80000gn/T/AppTranslocation/8E503BCE-4236-44BB-934F-47D02C034273/d/Visual%20Studio%20Code.app/Contents/Resources/app/out/vs/workbench/api/node/extensionHostProcess.js:114:31817)
    at Object.executeCommand (file:///private/var/folders/_1/p0gl2ldn20q3l8jdmj0shrr80000gn/T/AppTranslocation/8E503BCE-4236-44BB-934F-47D02C034273/d/Visual%20Studio%20Code.app/Contents/Resources/app/out/vs/workbench/api/node/extensionHostProcess.js:156:37246)
    at a.VscodeDevShareProvider.set hasGitHubRepositories [as hasGitHubRepositories] (/private/var/folders/_1/p0gl2ldn20q3l8jdmj0shrr80000gn/T/AppTranslocation/8E503BCE-4236-44BB-934F-47D02C034273/d/Visual Studio Code.app/Contents/Resources/app/extensions/github/dist/extension.js:2:328633)
    at /private/var/folders/_1/p0gl2ldn20q3l8jdmj0shrr80000gn/T/AppTranslocation/8E503BCE-4236-44BB-934F-47D02C034273/d/Visual Studio Code.app/Contents/Resources/app/extensions/github/dist/extension.js:2:329592
    at mh.value (/private/var/folders/_1/p0gl2ldn20q3l8jdmj0shrr80000gn/T/AppTranslocation/8E503BCE-4236-44BB-934F-47D02C034273/d/Visual Studio Code.app/Contents/Resources/app/extensions/git/dist/main.js:2:1073936)
    at D.B (file:///private/var/folders/_1/p0gl2ldn20q3l8jdmj0shrr80000gn/T/AppTranslocation/8E503BCE-4236-44BB-934F-47D02C034273/d/Visual%20Studio%20Code.app/Contents/Resources/app/out/vs/workbench/api/node/extensionHostProcess.js:29:746)
    at D.C (file:///private/var/folders/_1/p0gl2ldn20q3l8jdmj0shrr80000gn/T/AppTranslocation/8E503BCE-4236-44BB-934F-47D02C034273/d/Visual%20Studio%20Code.app/Contents/Resources/app/out/vs/workbench/api/node/extensionHostProcess.js:29:816)
    at D.fire (file:///private/var/folders/_1/p0gl2ldn20q3l8jdmj0shrr80000gn/T/AppTranslocation/8E503BCE-4236-44BB-934F-47D02C034273/d/Visual%20Studio%20Code.app/Contents/Resources/app/out/vs/workbench/api/node/extensionHostProcess.js:29:1033)
    at Object.p [as dispose] (/private/var/folders/_1/p0gl2ldn20q3l8jdmj0shrr80000gn/T/AppTranslocation/8E503BCE-4236-44BB-934F-47D02C034273/d/Visual Studio Code.app/Contents/Resources/app/extensions/git/dist/main.js:2:983333)
    at /private/var/folders/_1/p0gl2ldn20q3l8jdmj0shrr80000gn/T/AppTranslocation/8E503BCE-4236-44BB-934F-47D02C034273/d/Visual Studio Code.app/Contents/Resources/app/extensions/git/dist/main.js:2:989455
    at Array.forEach (<anonymous>)
    at b.dispose (/private/var/folders/_1/p0gl2ldn20q3l8jdmj0shrr80000gn/T/AppTranslocation/8E503BCE-4236-44BB-934F-47D02C034273/d/Visual Studio Code.app/Contents/Resources/app/extensions/git/dist/main.js:2:989441)
    at V1.<anonymous> (file:///private/var/folders/_1/p0gl2ldn20q3l8jdmj0shrr80000gn/T/AppTranslocation/8E503BCE-4236-44BB-934F-47D02C034273/d/Visual%20Studio%20Code.app/Contents/Resources/app/out/vs/workbench/api/node/extensionHostProcess.js:108:19994)
    at V1.dispose (file:///private/var/folders/_1/p0gl2ldn20q3l8jdmj0shrr80000gn/T/AppTranslocation/8E503BCE-4236-44BB-934F-47D02C034273/d/Visual%20Studio%20Code.app/Contents/Resources/app/out/vs/workbench/api/node/extensionHostProcess.js:108:20090)
    at V1.<anonymous> (/private/var/folders/_1/p0gl2ldn20q3l8jdmj0shrr80000gn/T/AppTranslocation/8E503BCE-4236-44BB-934F-47D02C034273/d/Visual Studio Code.app/Contents/Resources/app/extensions/git/dist/main.js:2:964255)
    at V1.dispose (file:///private/var/folders/_1/p0gl2ldn20q3l8jdmj0shrr80000gn/T/AppTranslocation/8E503BCE-4236-44BB-934F-47D02C034273/d/Visual%20Studio%20Code.app/Contents/Resources/app/out/vs/workbench/api/node/extensionHostProcess.js:108:20090)
    at ci (file:///private/var/folders/_1/p0gl2ldn20q3l8jdmj0shrr80000gn/T/AppTranslocation/8E503BCE-4236-44BB-934F-47D02C034273/d/Visual%20Studio%20Code.app/Contents/Resources/app/out/vs/workbench/api/node/extensionHostProcess.js:24:699)
    at file:///private/var/folders/_1/p0gl2ldn20q3l8jdmj0shrr80000gn/T/AppTranslocation/8E503BCE-4236-44BB-934F-47D02C034273/d/Visual%20Studio%20Code.app/Contents/Resources/app/out/vs/workbench/api/node/extensionHostProcess.js:118:14992
    at file:///private/var/folders/_1/p0gl2ldn20q3l8jdmj0shrr80000gn/T/AppTranslocation/8E503BCE-4236-44BB-934F-47D02C034273/d/Visual%20Studio%20Code.app/Contents/Resources/app/out/vs/workbench/api/node/extensionHostProcess.js:24:1009
    at Object.dispose (file:///private/var/folders/_1/p0gl2ldn20q3l8jdmj0shrr80000gn/T/AppTranslocation/8E503BCE-4236-44BB-934F-47D02C034273/d/Visual%20Studio%20Code.app/Contents/Resources/app/out/vs/workbench/api/node/extensionHostProcess.js:7:2146)
    at z_.eb (file:///private/var/folders/_1/p0gl2ldn20q3l8jdmj0shrr80000gn/T/AppTranslocation/8E503BCE-4236-44BB-934F-47D02C034273/d/Visual%20Studio%20Code.app/Contents/Resources/app/out/vs/workbench/api/node/extensionHostProcess.js:118:11919)
    at file:///private/var/folders/_1/p0gl2ldn20q3l8jdmj0shrr80000gn/T/AppTranslocation/8E503BCE-4236-44BB-934F-47D02C034273/d/Visual%20Studio%20Code.app/Contents/Resources/app/out/vs/workbench/api/node/extensionHostProcess.js:118:9874
    at Array.map (<anonymous>)
    at z_.$ (file:///private/var/folders/_1/p0gl2ldn20q3l8jdmj0shrr80000gn/T/AppTranslocation/8E503BCE-4236-44BB-934F-47D02C034273/d/Visual%20Studio%20Code.app/Contents/Resources/app/out/vs/workbench/api/node/extensionHostProcess.js:118:9862)
    at z_.terminate (file:///private/var/folders/_1/p0gl2ldn20q3l8jdmj0shrr80000gn/T/AppTranslocation/8E503BCE-4236-44BB-934F-47D02C034273/d/Visual%20Studio%20Code.app/Contents/Resources/app/out/vs/workbench/api/node/extensionHostProcess.js:118:10105)
    at EC.terminate (file:///private/var/folders/_1/p0gl2ldn20q3l8jdmj0shrr80000gn/T/AppTranslocation/8E503BCE-4236-44BB-934F-47D02C034273/d/Visual%20Studio%20Code.app/Contents/Resources/app/out/vs/workbench/api/node/extensionHostProcess.js:119:1424)
    at Zi (file:///private/var/folders/_1/p0gl2ldn20q3l8jdmj0shrr80000gn/T/AppTranslocation/8E503BCE-4236-44BB-934F-47D02C034273/d/Visual%20Studio%20Code.app/Contents/Resources/app/out/vs/workbench/api/node/extensionHostProcess.js:174:15063)
    at MessagePortMain.<anonymous> (file:///private/var/folders/_1/p0gl2ldn20q3l8jdmj0shrr80000gn/T/AppTranslocation/8E503BCE-4236-44BB-934F-47D02C034273/d/Visual%20Studio%20Code.app/Contents/Resources/app/out/vs/workbench/api/node/extensionHostProcess.js:174:11611)
    at MessagePortMain.emit (node:events:519:28)
    at Object.MessagePortMain._internalPort.emit (node:electron/js2c/utility_init:2:2949) setContext undefined
2024-11-09 23:52:59.089 [info] Extension host with pid 18888 exiting with code 0
